Architecture:          x86_64
CPU op-mode(s):        32-bit, 64-bit
Byte Order:            Little Endian
CPU(s):                16
On-line CPU(s) list:   0-15
Thread(s) per core:    2
Core(s) per socket:    8
Socket(s):             1
NUMA node(s):          1
Vendor ID:             GenuineIntel
CPU family:            6
Model:                 79
Model name:            Intel(R) Xeon(R) CPU E5-1680 v4 @ 3.40GHz
Stepping:              1
CPU MHz:               3294.240
CPU max MHz:           4000.0000
CPU min MHz:           1200.0000
BogoMIPS:              6795.48
Virtualization:        VT-x
L1d cache:             32K
L1i cache:             32K
L2 cache:              256K
L3 cache:              20480K
NUMA node0 CPU(s):     0-15
Flags:                 fpu vme de pse tsc msr pae mce cx8 apic sep mtrr pge mca cmov pat pse36 clflush dts acpi mmx fxsr sse sse2 ss ht tm pbe syscall nx pdpe1gb rdtscp lm constant_tsc arch_perfmon pebs bts rep_good nopl xtopology nonstop_tsc cpuid aperfmperf pni pclmulqdq dtes64 monitor ds_cpl vmx smx est tm2 ssse3 sdbg fma cx16 xtpr pdcm pcid dca sse4_1 sse4_2 x2apic movbe popcnt tsc_deadline_timer aes xsave avx f16c rdrand lahf_lm abm 3dnowprefetch cpuid_fault epb cat_l3 cdp_l3 invpcid_single pti intel_ppin ssbd ibrs ibpb stibp tpr_shadow vnmi flexpriority ept vpid ept_ad fsgsbase tsc_adjust bmi1 hle avx2 smep bmi2 erms invpcid rtm cqm rdt_a rdseed adx smap intel_pt xsaveopt cqm_llc cqm_occup_llc cqm_mbm_total cqm_mbm_local dtherm ida arat pln pts md_clear flush_l1d
MsCluster v2.0 
Started job on: Sun Jul 18 08:40:27 2021

Parameter values:
-----------------
outputName = test_results
list	      = /home/user/bio/ms-dataset/PXD001197/list.dat
mixtureProb   = 0.1

COMMAND LINE = ../MSCluster_bin --model LTQ_TRYP --list /home/user/bio/ms-dataset/PXD001197/list.dat --output-name test_results --min-mz 200 --max-mz 2000 --memory-gb 8

Pass 1: reading spectra files and writing to dat with 25 Da increments.
----------------------------------------------------------------------

Read 0 paths to spectra files.
Converting data to DAT, using m/z increment of 25.00
0	Extracting from: /home/user/bio/ms-dataset/PXD001197/OrbiElite04549.mgf [0 : 0]
	Found 67879 spectra... Wrote 67879 to dat files (this took 120.00 sec.)

1	Extracting from: /home/user/bio/ms-dataset/PXD001197/OrbiElite04550.mgf [0 : 1]
	Found 68824 spectra... Wrote 68824 to dat files (this took 122.00 sec.)

2	Extracting from: /home/user/bio/ms-dataset/PXD001197/OrbiElite04551.mgf [0 : 2]
	Found 70121 spectra... Wrote 70121 to dat files (this took 124.00 sec.)

3	Extracting from: /home/user/bio/ms-dataset/PXD001197/OrbiElite04552.mgf [0 : 3]
	Found 67841 spectra... Wrote 67841 to dat files (this took 120.00 sec.)

4	Extracting from: /home/user/bio/ms-dataset/PXD001197/OrbiElite04553.mgf [0 : 4]
	Found 68328 spectra... Wrote 68328 to dat files (this took 121.00 sec.)

5	Extracting from: /home/user/bio/ms-dataset/PXD001197/OrbiElite04554.mgf [0 : 5]
	Found 69870 spectra... Wrote 69870 to dat files (this took 123.00 sec.)

6	Extracting from: /home/user/bio/ms-dataset/PXD001197/OrbiElite04555.mgf [0 : 6]
	Found 67361 spectra... Wrote 67361 to dat files (this took 119.00 sec.)

7	Extracting from: /home/user/bio/ms-dataset/PXD001197/OrbiElite04556.mgf [0 : 7]
	Found 68692 spectra... Wrote 68692 to dat files (this took 123.00 sec.)

8	Extracting from: /home/user/bio/ms-dataset/PXD001197/OrbiElite04557.mgf [0 : 8]
	Found 69196 spectra... Wrote 69196 to dat files (this took 124.00 sec.)

9	Extracting from: /home/user/bio/ms-dataset/PXD001197/OrbiElite04778.mgf [0 : 9]
	Found 64450 spectra... Wrote 64450 to dat files (this took 120.00 sec.)

10	Extracting from: /home/user/bio/ms-dataset/PXD001197/OrbiElite04779.mgf [0 : 10]
	Found 65026 spectra... Wrote 65026 to dat files (this took 118.00 sec.)

11	Extracting from: /home/user/bio/ms-dataset/PXD001197/OrbiElite04780.mgf [0 : 11]
	Found 65106 spectra... Wrote 65106 to dat files (this took 121.00 sec.)

12	Extracting from: /home/user/bio/ms-dataset/PXD001197/OrbiElite04781.mgf [0 : 12]
	Found 62641 spectra... Wrote 62640 to dat files (this took 146.00 sec.)

13	Extracting from: /home/user/bio/ms-dataset/PXD001197/OrbiElite04782.mgf [0 : 13]
	Found 64467 spectra... Wrote 64467 to dat files (this took 194.00 sec.)

14	Extracting from: /home/user/bio/ms-dataset/PXD001197/OrbiElite04783.mgf [0 : 14]
	Found 64810 spectra... Wrote 64810 to dat files (this took 202.00 sec.)

15	Extracting from: /home/user/bio/ms-dataset/PXD001197/OrbiElite04784.mgf [0 : 15]
	Found 62373 spectra... Wrote 62373 to dat files (this took 194.00 sec.)

16	Extracting from: /home/user/bio/ms-dataset/PXD001197/OrbiElite04785.mgf [0 : 16]
	Found 64539 spectra... Wrote 64539 to dat files (this took 208.00 sec.)

17	Extracting from: /home/user/bio/ms-dataset/PXD001197/OrbiElite04786.mgf [0 : 17]
	Found 65179 spectra... Wrote 65179 to dat files (this took 208.00 sec.)

18	Extracting from: /home/user/bio/ms-dataset/PXD001197/OrbiElite04786.mgf [0 : 18]
	Found 65179 spectra... Wrote 65179 to dat files (this took 130.00 sec.)


SUMMARY (first pass):
---------------------
Wrote 48 dat files to tmp
These files contain 1261881 spectra (from a total of 1261881 that were read)

Pass 2: Splitting dat files into smaller files with 1 Da increments.
--------------------------------------------------------------------

0	1	tmp/test_results_R1_300_0.dat
1	1	tmp/test_results_R1_325_0.dat
2	1	tmp/test_results_R1_350_0.dat
3	1	tmp/test_results_R1_375_0.dat
4	1	tmp/test_results_R1_400_0.dat
5	1	tmp/test_results_R1_425_0.dat
6	1	tmp/test_results_R1_450_0.dat
7	1	tmp/test_results_R1_475_0.dat
8	1	tmp/test_results_R1_500_0.dat
9	1	tmp/test_results_R1_525_0.dat
10	1	tmp/test_results_R1_550_0.dat
11	1	tmp/test_results_R1_575_0.dat
12	1	tmp/test_results_R1_600_0.dat
13	1	tmp/test_results_R1_625_0.dat
14	1	tmp/test_results_R1_650_0.dat
15	1	tmp/test_results_R1_675_0.dat
16	1	tmp/test_results_R1_700_0.dat
17	1	tmp/test_results_R1_725_0.dat
18	1	tmp/test_results_R1_750_0.dat
19	1	tmp/test_results_R1_775_0.dat
20	1	tmp/test_results_R1_800_0.dat
21	1	tmp/test_results_R1_825_0.dat
22	1	tmp/test_results_R1_850_0.dat
23	1	tmp/test_results_R1_875_0.dat
24	1	tmp/test_results_R1_900_0.dat
25	1	tmp/test_results_R1_925_0.dat
26	1	tmp/test_results_R1_950_0.dat
27	1	tmp/test_results_R1_975_0.dat
28	1	tmp/test_results_R1_1000_0.dat
29	1	tmp/test_results_R1_1025_0.dat
30	1	tmp/test_results_R1_1050_0.dat
31	1	tmp/test_results_R1_1075_0.dat
32	1	tmp/test_results_R1_1100_0.dat
33	1	tmp/test_results_R1_1125_0.dat
34	1	tmp/test_results_R1_1150_0.dat
35	1	tmp/test_results_R1_1175_0.dat
36	1	tmp/test_results_R1_1200_0.dat
37	1	tmp/test_results_R1_1225_0.dat
38	1	tmp/test_results_R1_1250_0.dat
39	1	tmp/test_results_R1_1275_0.dat
40	1	tmp/test_results_R1_1300_0.dat
41	1	tmp/test_results_R1_1325_0.dat
42	1	tmp/test_results_R1_1350_0.dat
43	1	tmp/test_results_R1_1375_0.dat
44	1	tmp/test_results_R1_1400_0.dat
45	1	tmp/test_results_R1_1425_0.dat
46	1	tmp/test_results_R1_1450_0.dat
47	1	tmp/test_results_R1_1475_0.dat



SUMMARY (second pass):
---------------------
Read  1261881 spectra from original input files.
Wrote 1261881 spectra into dat files in the first pass.
Wrote 1261881 spectra to dat files in the second pass.
The second pass spectra were written to 1181 dat files.
(list of dat files written to tmp/test_results_dat_list.txt)
Time required for dat file creation: 2740.00
Allocating 8.000 GB.

Bytes for data storage       = 7387343749
sizeof(Peak)                 = 12
sizeof(Cluster)              = 808
sizeof(SingleSpectrumHeader) = 88
Total cost per singleton     = 4192
Allocating room for N = 1762248 singletons (7387343616 bytes)
This means that up to 3524496 spectra can simlutaneously be evaluated.

Allocated memory successfully...


Initalizing storage, examining dat files...
Max margin in dat files: 1.000

Found 1261881 spectra, in 1181 dat files, precursor m/z range 300.13 - 1492.36

1	#Freed 0	#Read 26365	#In memory 26365
Clustering: [ 0 at 0 m/z = 300.13 ]	   to	 [ 26364 at 26364 m/z = 339.95 ]
Writing clusters for 24815 singletons... written into 3244 clusters    Cumulative 3244 : 24815 ..done.

2	#Freed 24815	#Read 35092	#In memory 36642
Clustering: [ 26365 at 1550 m/z = 340.15 ]	   to	 [ 61456 at 36641 m/z = 380.00 ]
Writing clusters for 34202 singletons... written into 7361 clusters    Cumulative 10605 : 59017 ..done.

3	#Freed 34202	#Read 45857	#In memory 48297
Clustering: [ 61457 at 2440 m/z = 380.16 ]	   to	 [ 107313 at 48296 m/z = 419.98 ]
Writing clusters for 45826 singletons... written into 9802 clusters    Cumulative 20407 : 104843 ..done.

4	#Freed 45826	#Read 53967	#In memory 56438
Clustering: [ 107314 at 2471 m/z = 420.19 ]	   to	 [ 161280 at 56437 m/z = 460.00 ]
Writing clusters for 53395 singletons... written into 7749 clusters    Cumulative 28156 : 158238 ..done.

5	#Freed 53395	#Read 63460	#In memory 66503
Clustering: [ 161281 at 3043 m/z = 460.01 ]	   to	 [ 224740 at 66502 m/z = 499.99 ]
Writing clusters for 63164 singletons... written into 7730 clusters    Cumulative 35886 : 221402 ..done.

6	#Freed 63164	#Read 70364	#In memory 73703
Clustering: [ 224741 at 3339 m/z = 500.01 ]	   to	 [ 295104 at 73702 m/z = 539.99 ]
Writing clusters for 70124 singletons... written into 8421 clusters    Cumulative 44307 : 291526 ..done.

7	#Freed 70124	#Read 77995	#In memory 81574
Clustering: [ 295105 at 3579 m/z = 540.03 ]	   to	 [ 373099 at 81573 m/z = 579.99 ]
Writing clusters for 77378 singletons... written into 8186 clusters    Cumulative 52493 : 368904 ..done.

8	#Freed 77378	#Read 80108	#In memory 84304
Clustering: [ 373100 at 4196 m/z = 580.00 ]	   to	 [ 453207 at 84303 m/z = 620.00 ]
Writing clusters for 80232 singletons... written into 7773 clusters    Cumulative 60266 : 449136 ..done.

9	#Freed 80232	#Read 80628	#In memory 84700
Clustering: [ 453208 at 4072 m/z = 620.00 ]	   to	 [ 533835 at 84699 m/z = 660.00 ]
Writing clusters for 80631 singletons... written into 8212 clusters    Cumulative 68478 : 529767 ..done.

10	#Freed 80631	#Read 77814	#In memory 81883
Clustering: [ 533836 at 4069 m/z = 660.00 ]	   to	 [ 611649 at 81882 m/z = 700.00 ]
Writing clusters for 78431 singletons... written into 7875 clusters    Cumulative 76353 : 608198 ..done.

11	#Freed 78431	#Read 75654	#In memory 79106
Clustering: [ 611650 at 3452 m/z = 700.00 ]	   to	 [ 687303 at 79105 m/z = 740.00 ]
Writing clusters for 75662 singletons... written into 6784 clusters    Cumulative 83137 : 683860 ..done.

12	#Freed 75662	#Read 69912	#In memory 73356
Clustering: [ 687304 at 3444 m/z = 740.00 ]	   to	 [ 757215 at 73355 m/z = 780.00 ]
Writing clusters for 70022 singletons... written into 6621 clusters    Cumulative 89758 : 753882 ..done.

13	#Freed 70022	#Read 64582	#In memory 67916
Clustering: [ 757216 at 3334 m/z = 780.01 ]	   to	 [ 821797 at 67915 m/z = 820.00 ]
Writing clusters for 64877 singletons... written into 7215 clusters    Cumulative 96973 : 818759 ..done.

14	#Freed 64877	#Read 63047	#In memory 66086
Clustering: [ 821798 at 3039 m/z = 820.00 ]	   to	 [ 884844 at 66085 m/z = 859.99 ]
Writing clusters for 62977 singletons... written into 6960 clusters    Cumulative 103933 : 881736 ..done.

15	#Freed 62977	#Read 58153	#In memory 61262
Clustering: [ 884845 at 3109 m/z = 860.03 ]	   to	 [ 942997 at 61261 m/z = 900.00 ]
Writing clusters for 58820 singletons... written into 6061 clusters    Cumulative 109994 : 940556 ..done.

16	#Freed 58820	#Read 51728	#In memory 54170
Clustering: [ 942998 at 2442 m/z = 900.01 ]	   to	 [ 994725 at 54169 m/z = 940.00 ]
Writing clusters for 51580 singletons... written into 6119 clusters    Cumulative 116113 : 992136 ..done.

17	#Freed 51580	#Read 45057	#In memory 47647
Clustering: [ 994726 at 2590 m/z = 940.00 ]	   to	 [ 1039782 at 47646 m/z = 980.00 ]
Writing clusters for 45645 singletons... written into 4763 clusters    Cumulative 120876 : 1037781 ..done.

18	#Freed 45645	#Read 40028	#In memory 42030
Clustering: [ 1039783 at 2002 m/z = 980.00 ]	   to	 [ 1079810 at 42029 m/z = 1020.00 ]
Writing clusters for 39974 singletons... written into 4500 clusters    Cumulative 125376 : 1077755 ..done.

19	#Freed 39974	#Read 36712	#In memory 38768
Clustering: [ 1079811 at 2056 m/z = 1020.00 ]	   to	 [ 1116522 at 38767 m/z = 1060.00 ]
Writing clusters for 37187 singletons... written into 7261 clusters    Cumulative 132637 : 1114942 ..done.

20	#Freed 37187	#Read 33183	#In memory 34764
Clustering: [ 1116523 at 1581 m/z = 1060.00 ]	   to	 [ 1149705 at 34763 m/z = 1099.99 ]
Writing clusters for 33301 singletons... written into 10920 clusters    Cumulative 143557 : 1148243 ..done.

21	#Freed 33301	#Read 29963	#In memory 31426
Clustering: [ 1149706 at 1463 m/z = 1100.00 ]	   to	 [ 1179668 at 31425 m/z = 1139.99 ]
Writing clusters for 30447 singletons... written into 14430 clusters    Cumulative 157987 : 1178690 ..done.

22	#Freed 30447	#Read 23488	#In memory 24467
Clustering: [ 1179669 at 979 m/z = 1140.01 ]	   to	 [ 1203156 at 24466 m/z = 1179.99 ]
Writing clusters for 23461 singletons... written into 7675 clusters    Cumulative 165662 : 1202151 ..done.

23	#Freed 23461	#Read 17471	#In memory 18477
Clustering: [ 1203157 at 1006 m/z = 1180.03 ]	   to	 [ 1220627 at 18476 m/z = 1219.97 ]
Writing clusters for 17980 singletons... written into 7011 clusters    Cumulative 172673 : 1220131 ..done.

24	#Freed 17980	#Read 13186	#In memory 13683
Clustering: [ 1220628 at 497 m/z = 1220.04 ]	   to	 [ 1233813 at 13682 m/z = 1259.97 ]
Writing clusters for 13385 singletons... written into 4708 clusters    Cumulative 177381 : 1233516 ..done.

25	#Freed 13385	#Read 10875	#In memory 11173
Clustering: [ 1233814 at 298 m/z = 1260.07 ]	   to	 [ 1244688 at 11172 m/z = 1300.00 ]
Writing clusters for 10584 singletons... written into 3703 clusters    Cumulative 181084 : 1244100 ..done.

26	#Freed 10584	#Read 6818	#In memory 7407
Clustering: [ 1244689 at 589 m/z = 1300.00 ]	   to	 [ 1251506 at 7406 m/z = 1340.00 ]
Writing clusters for 7148 singletons... written into 2938 clusters    Cumulative 184022 : 1251248 ..done.

27	#Freed 7148	#Read 5301	#In memory 5560
Clustering: [ 1251507 at 259 m/z = 1340.06 ]	   to	 [ 1256807 at 5559 m/z = 1379.97 ]
Writing clusters for 5275 singletons... written into 2475 clusters    Cumulative 186497 : 1256523 ..done.

28	#Freed 5275	#Read 4182	#In memory 4467
Clustering: [ 1256808 at 285 m/z = 1380.01 ]	   to	 [ 1260989 at 4466 m/z = 1419.93 ]
Writing clusters for 4404 singletons... written into 2134 clusters    Cumulative 188631 : 1260927 ..done.

29	#Freed 4404	#Read 804	#In memory 867
Clustering: [ 1260990 at 63 m/z = 1420.00 ]	   to	 [ 1261793 at 866 m/z = 1459.75 ]
Writing clusters for 838 singletons... written into 303 clusters    Cumulative 188934 : 1261765 ..done.

30	#Freed 838	#Read 87	#In memory 116
Clustering: [ 1261794 at 29 m/z = 1460.70 ]	   to	 [ 1261880 at 115 m/z = 1492.36 ]
Writing clusters for 116 singletons... written into 63 clusters    Cumulative 188997 : 1261881 ..done.


Done clustering files.
Time (without dat creation): 169.00

Final statistics:
-----------------

Total similarity computations: 170060146 average per spectrum 134.77

Breakdown of spectra joins:
---------------------------
Round	Thresh	#joins	% of total
1	0.70	482352	(0.372)
2	0.575	300284	(0.231)
3	0.450	208053	(0.160)
4	0.325	150483	(0.116)
5	0.200	156143	(0.120)


Final clustering report:
------------------------

size	#clust	(%)	#sing	(%)
1	98821	(0.523)	98821	(0.078)
2	16383	(0.087)	32766	(0.026)
3	8352	(0.044)	25056	(0.020)
4	6074	(0.032)	24296	(0.019)
5	4725	(0.025)	23625	(0.019)
6	4150	(0.022)	24900	(0.020)
7	3718	(0.020)	26026	(0.021)
8	3540	(0.019)	28320	(0.022)
9	3269	(0.017)	29421	(0.023)
10	3099	(0.016)	30990	(0.025)
11-15	10174	(0.054)	130320	(0.103)
16-20	9001	(0.048)	163150	(0.129)
21-30	9726	(0.051)	239909	(0.190)
31-40	4133	(0.022)	144088	(0.114)
41-50	1784	(0.009)	79970	(0.063)
51-100	1759	(0.009)	115000	(0.091)
101-200	239	(0.001)	30959	(0.025)
201-500	47	(0.000)	12669	(0.010)
501+	3	(0.000)	1595	(0.001)

Total: 188997	1.0	1261881	(1.0)

Ended job on: Sun Jul 18 09:28:57 2021
