Architecture:          x86_64
CPU op-mode(s):        32-bit, 64-bit
Byte Order:            Little Endian
CPU(s):                48
On-line CPU(s) list:   0-47
Thread(s) per core:    2
Core(s) per socket:    12
Socket(s):             2
NUMA node(s):          2
Vendor ID:             GenuineIntel
CPU family:            6
Model:                 63
Model name:            Intel(R) Xeon(R) CPU E5-2680 v3 @ 2.50GHz
Stepping:              2
CPU MHz:               2900.199
CPU max MHz:           3300.0000
CPU min MHz:           1200.0000
BogoMIPS:              5000.34
Virtualization:        VT-x
L1d cache:             32K
L1i cache:             32K
L2 cache:              256K
L3 cache:              30720K
NUMA node0 CPU(s):     0-11,24-35
NUMA node1 CPU(s):     12-23,36-47
Flags:                 fpu vme de pse tsc msr pae mce cx8 apic sep mtrr pge mca cmov pat pse36 clflush dts acpi mmx fxsr sse sse2 ss ht tm pbe syscall nx pdpe1gb rdtscp lm constant_tsc arch_perfmon pebs bts rep_good nopl xtopology nonstop_tsc cpuid aperfmperf pni pclmulqdq dtes64 monitor ds_cpl vmx smx est tm2 ssse3 sdbg fma cx16 xtpr pdcm pcid dca sse4_1 sse4_2 x2apic movbe popcnt aes xsave avx f16c rdrand lahf_lm abm cpuid_fault epb invpcid_single pti intel_ppin tpr_shadow vnmi flexpriority ept vpid ept_ad fsgsbase tsc_adjust bmi1 avx2 smep bmi2 erms invpcid cqm xsaveopt cqm_llc cqm_occup_llc dtherm ida arat pln pts
              total        used        free      shared  buff/cache   available
Mem:           440G        3.0G         72G        1.1G        365G        433G
Swap:            0B          0B          0B
MsCluster v2.0 
Started job on: Tue Aug 10 06:32:16 2021

Parameter values:
-----------------
outputName = test_results
list	      = /var/lib/kubelet/weihong/MS-Tools/PXD001511/list.dat
mixtureProb   = 0.1

COMMAND LINE = ../MSCluster_bin --model LTQ_TRYP --list /var/lib/kubelet/weihong/MS-Tools/PXD001511/list.dat --output-name test_results --min-mz 200 --max-mz 2000 --memory-gb 16

Pass 1: reading spectra files and writing to dat with 25 Da increments.
----------------------------------------------------------------------

Read 0 paths to spectra files.
Converting data to DAT, using m/z increment of 25.00
0	Extracting from: /var/lib/kubelet/weihong/MS-Tools/PXD001511/A13-01201.mgf [0 : 0]
