Architecture:          x86_64
CPU op-mode(s):        32-bit, 64-bit
Byte Order:            Little Endian
CPU(s):                64
On-line CPU(s) list:   0-63
Thread(s) per core:    2
Core(s) per socket:    32
Socket(s):             1
NUMA node(s):          4
Vendor ID:             AuthenticAMD
CPU family:            23
Model:                 1
Model name:            AMD EPYC 7551P 32-Core Processor
Stepping:              2
CPU MHz:               2549.689
CPU max MHz:           2000.0000
CPU min MHz:           1200.0000
BogoMIPS:              4000.15
Virtualization:        AMD-V
L1d cache:             32K
L1i cache:             64K
L2 cache:              512K
L3 cache:              8192K
NUMA node0 CPU(s):     0-7,32-39
NUMA node1 CPU(s):     8-15,40-47
NUMA node2 CPU(s):     16-23,48-55
NUMA node3 CPU(s):     24-31,56-63
Flags:                 fpu vme de pse tsc msr pae mce cx8 apic sep mtrr pge mca cmov pat pse36 clflush mmx fxsr sse sse2 ht syscall nx mmxext fxsr_opt pdpe1gb rdtscp lm constant_tsc rep_good nopl nonstop_tsc cpuid extd_apicid amd_dcm aperfmperf pni pclmulqdq monitor ssse3 fma cx16 sse4_1 sse4_2 movbe popcnt aes xsave avx f16c rdrand lahf_lm cmp_legacy svm extapic cr8_legacy abm sse4a misalignsse 3dnowprefetch osvw skinit wdt tce topoext perfctr_core perfctr_nb bpext perfctr_llc mwaitx cpb hw_pstate sme ssbd sev ibpb vmmcall fsgsbase bmi1 avx2 smep bmi2 rdseed adx smap clflushopt sha_ni xsaveopt xsavec xgetbv1 xsaves clzero irperf xsaveerptr arat npt lbrv svm_lock nrip_save tsc_scale vmcb_clean flushbyasid decodeassists pausefilter pfthreshold avic v_vmsave_vmload vgif overflow_recov succor smca
              total        used        free      shared  buff/cache   available
Mem:           251G         15G        173G        4.5G         62G        230G
Swap:            0B          0B          0B
spectra-cluster API Version 1.0.11
Created by Rui Wang & Johannes Griss

-- Settings --
Number of threads: 4
Thresholds: 1.0 - 0.99 in 3 rounds
Keeping binary files: false
Binary file directory: /tmp/spectra_cluster_cli14297095550503530451
Result file: my_clustering_result.clustering
Reuse binary files: false
Input files: 57
Using fast mode: yes

Other settings:
Precursor tolerance: 20.0 ppm
Fragment ion tolerance: 0.05
Loading filter: Filtering top N peaks per spectrum
Added filters: mz_200
Minimum number of comparisons: adaptive

Started timing!
Converting 57 input files...
Converting 1 / 153 binary files.
Converting 2 / 153 binary files.
Converting 3 / 153 binary files.
Converting 4 / 153 binary files.
Converting 5 / 153 binary files.
Converting 6 / 153 binary files.
Converting 7 / 153 binary files.
Converting 8 / 153 binary files.
Converting 9 / 153 binary files.
Converting 10 / 153 binary files.
Converting 11 / 153 binary files.
Converting 12 / 153 binary files.
Converting 13 / 153 binary files.
Converting 14 / 153 binary files.
Converting 15 / 153 binary files.
Converting 16 / 153 binary files.
Converting 17 / 153 binary files.
Converting 18 / 153 binary files.
Converting 19 / 153 binary files.
Converting 20 / 153 binary files.
Converting 21 / 153 binary files.
Converting 22 / 153 binary files.
Converting 23 / 153 binary files.
Converting 24 / 153 binary files.
Converting 25 / 153 binary files.
Converting 26 / 153 binary files.
Converting 27 / 153 binary files.
Converting 28 / 153 binary files.
Converting 29 / 153 binary files.
Converting 30 / 153 binary files.
Converting 31 / 153 binary files.
Converting 32 / 153 binary files.
Converting 33 / 153 binary files.
Converting 34 / 153 binary files.
Converting 35 / 153 binary files.
Converting 36 / 153 binary files.
Converting 37 / 153 binary files.
Converting 38 / 153 binary files.
Converting 39 / 153 binary files.
Converting 40 / 153 binary files.
Converting 41 / 153 binary files.
Converting 42 / 153 binary files.
Converting 43 / 153 binary files.
Converting 44 / 153 binary files.
Converting 45 / 153 binary files.
Converting 46 / 153 binary files.
Converting 47 / 153 binary files.
Converting 48 / 153 binary files.
Converting 49 / 153 binary files.
Converting 50 / 153 binary files.
Converting 51 / 153 binary files.
Converting 52 / 153 binary files.
Converting 53 / 153 binary files.
Converting 54 / 153 binary files.
Converting 55 / 153 binary files.
Converting 56 / 153 binary files.
Converting 57 / 153 binary files.
Converting 58 / 153 binary files.
Converting 59 / 153 binary files.
Converting 60 / 153 binary files.
Converting 61 / 153 binary files.
Converting 62 / 153 binary files.
Converting 63 / 153 binary files.
Converting 64 / 153 binary files.
Converting 65 / 153 binary files.
Converting 66 / 153 binary files.
Converting 67 / 153 binary files.
Converting 68 / 153 binary files.
Converting 69 / 153 binary files.
Converting 70 / 153 binary files.
Converting 71 / 153 binary files.
Converting 72 / 153 binary files.
Converting 73 / 153 binary files.
Converting 74 / 153 binary files.
Converting 75 / 153 binary files.
Converting 76 / 153 binary files.
Converting 77 / 153 binary files.
Converting 78 / 153 binary files.
Converting 79 / 153 binary files.
Converting 80 / 153 binary files.
Converting 81 / 153 binary files.
Converting 82 / 153 binary files.
