Architecture:          x86_64
CPU op-mode(s):        32-bit, 64-bit
Byte Order:            Little Endian
CPU(s):                64
On-line CPU(s) list:   0-63
Thread(s) per core:    2
Core(s) per socket:    32
Socket(s):             1
NUMA node(s):          4
Vendor ID:             AuthenticAMD
CPU family:            23
Model:                 1
Model name:            AMD EPYC 7551P 32-Core Processor
Stepping:              2
CPU MHz:               2322.155
CPU max MHz:           2000.0000
CPU min MHz:           1200.0000
BogoMIPS:              4000.15
Virtualization:        AMD-V
L1d cache:             32K
L1i cache:             64K
L2 cache:              512K
L3 cache:              8192K
NUMA node0 CPU(s):     0-7,32-39
NUMA node1 CPU(s):     8-15,40-47
NUMA node2 CPU(s):     16-23,48-55
NUMA node3 CPU(s):     24-31,56-63
Flags:                 fpu vme de pse tsc msr pae mce cx8 apic sep mtrr pge mca cmov pat pse36 clflush mmx fxsr sse sse2 ht syscall nx mmxext fxsr_opt pdpe1gb rdtscp lm constant_tsc rep_good nopl nonstop_tsc cpuid extd_apicid amd_dcm aperfmperf pni pclmulqdq monitor ssse3 fma cx16 sse4_1 sse4_2 movbe popcnt aes xsave avx f16c rdrand lahf_lm cmp_legacy svm extapic cr8_legacy abm sse4a misalignsse 3dnowprefetch osvw skinit wdt tce topoext perfctr_core perfctr_nb bpext perfctr_llc mwaitx cpb hw_pstate sme ssbd sev ibpb vmmcall fsgsbase bmi1 avx2 smep bmi2 rdseed adx smap clflushopt sha_ni xsaveopt xsavec xgetbv1 xsaves clzero irperf xsaveerptr arat npt lbrv svm_lock nrip_save tsc_scale vmcb_clean flushbyasid decodeassists pausefilter pfthreshold avic v_vmsave_vmload vgif overflow_recov succor smca
              total        used        free      shared  buff/cache   available
Mem:           251G         39G        145G        4.4G         66G        206G
Swap:            0B          0B          0B
spectra-cluster API Version 1.0.11
Created by Rui Wang & Johannes Griss

-- Settings --
Number of threads: 4
Thresholds: 1.0 - 0.99 in 3 rounds
Keeping binary files: false
Binary file directory: /tmp/spectra_cluster_cli10443246802565371709
Result file: my_clustering_result.clustering
Reuse binary files: false
Input files: 526
Using fast mode: yes

Other settings:
Precursor tolerance: 20.0 ppm
Fragment ion tolerance: 0.05
Loading filter: Filtering top N peaks per spectrum
Added filters: mz_200
Minimum number of comparisons: adaptive

Started timing!
Converting 526 input files...
Converting 1 / 164 binary files.
Converting 2 / 164 binary files.
Converting 3 / 164 binary files.
Converting 4 / 164 binary files.
Converting 5 / 164 binary files.
Converting 6 / 164 binary files.
Converting 7 / 164 binary files.
Converting 8 / 164 binary files.
Converting 9 / 164 binary files.
Converting 10 / 164 binary files.
Converting 11 / 164 binary files.
Converting 12 / 164 binary files.
Converting 13 / 164 binary files.
Converting 14 / 164 binary files.
Converting 15 / 164 binary files.
Converting 16 / 164 binary files.
Converting 17 / 164 binary files.
Converting 18 / 164 binary files.
Converting 19 / 164 binary files.
Converting 20 / 164 binary files.
Converting 21 / 164 binary files.
Converting 22 / 164 binary files.
Converting 23 / 164 binary files.
Converting 24 / 164 binary files.
Converting 25 / 164 binary files.
Converting 26 / 164 binary files.
Converting 27 / 164 binary files.
Converting 28 / 164 binary files.
Converting 29 / 164 binary files.
Converting 30 / 164 binary files.
Converting 31 / 164 binary files.
Converting 32 / 164 binary files.
Converting 33 / 164 binary files.
Converting 34 / 164 binary files.
Converting 35 / 164 binary files.
Converting 36 / 164 binary files.
Converting 37 / 164 binary files.
Converting 38 / 164 binary files.
Converting 39 / 164 binary files.
Converting 40 / 164 binary files.
Converting 41 / 164 binary files.
Converting 42 / 164 binary files.
Converting 43 / 164 binary files.
Converting 44 / 164 binary files.
Converting 45 / 164 binary files.
Converting 46 / 164 binary files.
Converting 47 / 164 binary files.
Converting 48 / 164 binary files.
Converting 49 / 164 binary files.
Converting 50 / 164 binary files.
Converting 51 / 164 binary files.
Converting 52 / 164 binary files.
Converting 53 / 164 binary files.
Converting 54 / 164 binary files.
Converting 55 / 164 binary files.
Converting 56 / 164 binary files.
Converting 57 / 164 binary files.
Converting 58 / 164 binary files.
Converting 59 / 164 binary files.
Converting 60 / 164 binary files.
Converting 61 / 164 binary files.
Converting 62 / 164 binary files.
Converting 63 / 164 binary files.
Converting 64 / 164 binary files.
Converting 65 / 164 binary files.
Converting 66 / 164 binary files.
Converting 67 / 164 binary files.
Converting 68 / 164 binary files.
Converting 69 / 164 binary files.
Converting 70 / 164 binary files.
Converting 71 / 164 binary files.
Converting 72 / 164 binary files.
Converting 73 / 164 binary files.
Converting 74 / 164 binary files.
Converting 75 / 164 binary files.
Converting 76 / 164 binary files.
Converting 77 / 164 binary files.
Converting 78 / 164 binary files.
Converting 79 / 164 binary files.
Converting 80 / 164 binary files.
Converting 81 / 164 binary files.
Converting 82 / 164 binary files.
Converting 83 / 164 binary files.
Converting 84 / 164 binary files.
Converting 85 / 164 binary files.
Converting 86 / 164 binary files.
Converting 87 / 164 binary files.
Converting 88 / 164 binary files.
Converting 89 / 164 binary files.
Converting 90 / 164 binary files.
Converting 91 / 164 binary files.
Converting 92 / 164 binary files.
Converting 93 / 164 binary files.
Converting 94 / 164 binary files.
Converting 95 / 164 binary files.
Converting 96 / 164 binary files.
Converting 97 / 164 binary files.
Converting 98 / 164 binary files.
Converting 99 / 164 binary files.
Converting 100 / 164 binary files.
Converting 101 / 164 binary files.
Converting 102 / 164 binary files.
Converting 103 / 164 binary files.
Converting 104 / 164 binary files.
Converting 105 / 164 binary files.
Converting 106 / 164 binary files.
Converting 107 / 164 binary files.
Converting 108 / 164 binary files.
Converting 109 / 164 binary files.
Converting 110 / 164 binary files.
Converting 111 / 164 binary files.
Converting 112 / 164 binary files.
Converting 113 / 164 binary files.
Converting 114 / 164 binary files.
Converting 115 / 164 binary files.
Converting 116 / 164 binary files.
Converting 117 / 164 binary files.
Converting 118 / 164 binary files.
Converting 119 / 164 binary files.
Converting 120 / 164 binary files.
Converting 121 / 164 binary files.
Converting 122 / 164 binary files.
Converting 123 / 164 binary files.
Converting 124 / 164 binary files.
Converting 125 / 164 binary files.
Converting 126 / 164 binary files.
Converting 127 / 164 binary files.
Converting 128 / 164 binary files.
Converting 129 / 164 binary files.
Converting 130 / 164 binary files.
Converting 131 / 164 binary files.
Converting 132 / 164 binary files.
Converting 133 / 164 binary files.
Converting 134 / 164 binary files.
Converting 135 / 164 binary files.
Converting 136 / 164 binary files.
Converting 137 / 164 binary files.
Converting 138 / 164 binary files.
Converting 139 / 164 binary files.
Converting 140 / 164 binary files.
Converting 141 / 164 binary files.
Converting 142 / 164 binary files.
Converting 143 / 164 binary files.
Converting 144 / 164 binary files.
Converting 145 / 164 binary files.
Converting 146 / 164 binary files.
Converting 147 / 164 binary files.
Converting 148 / 164 binary files.
Converting 149 / 164 binary files.
Converting 150 / 164 binary files.
Converting 151 / 164 binary files.
Converting 152 / 164 binary files.
Converting 153 / 164 binary files.
Converting 154 / 164 binary files.
Converting 155 / 164 binary files.
Converting 156 / 164 binary files.
Converting 157 / 164 binary files.
Converting 158 / 164 binary files.
Converting 159 / 164 binary files.
Converting 160 / 164 binary files.
Converting 161 / 164 binary files.
Converting 162 / 164 binary files.
Converting 163 / 164 binary files.
Converting 164 / 164 binary files.
Load and preprocessing MGF file elapsed: 1980.9408620149802
Clustering 164 binary files...
Completed clustering 3 spectra (57.26 m/z to 73.16 m/z)
Completed clustering 2 spectra (160.19 m/z to 171.14 m/z)
Completed clustering 21896 spectra (346.03 m/z to 350.99 m/z)
Completed clustering 19958 spectra (366.11 m/z to 371.00 m/z)
Completed clustering 21741 spectra (351.08 m/z to 355.96 m/z)
Completed clustering 17365 spectra (376.07 m/z to 378.96 m/z)
Completed clustering 23730 spectra (356.07 m/z to 360.96 m/z)
Completed clustering 26313 spectra (371.00 m/z to 375.96 m/z)
Completed clustering 26951 spectra (361.02 m/z to 366.00 m/z)
Completed clustering 44531 spectra (335.01 m/z to 345.96 m/z)
Completed clustering 22818 spectra (385.14 m/z to 389.99 m/z)
Completed clustering 29049 spectra (395.13 m/z to 399.98 m/z)
Completed clustering 29142 spectra (400.00 m/z to 404.98 m/z)
Completed clustering 31371 spectra (390.08 m/z to 394.99 m/z)
Completed clustering 24695 spectra (441.00 m/z to 445.99 m/z)
Completed clustering 33992 spectra (379.08 m/z to 384.99 m/z)
Completed clustering 33039 spectra (415.03 m/z to 419.99 m/z)
Completed clustering 32615 spectra (410.18 m/z to 414.99 m/z)
Completed clustering 34292 spectra (405.07 m/z to 409.99 m/z)
Completed clustering 33260 spectra (436.14 m/z to 440.99 m/z)
Completed clustering 34927 spectra (451.01 m/z to 456.00 m/z)
Completed clustering 36922 spectra (446.11 m/z to 450.97 m/z)
Completed clustering 35041 spectra (461.00 m/z to 465.99 m/z)
Completed clustering 44308 spectra (425.14 m/z to 431.00 m/z)
Completed clustering 36418 spectra (456.00 m/z to 460.98 m/z)
Completed clustering 38388 spectra (466.02 m/z to 470.98 m/z)
Completed clustering 36479 spectra (482.00 m/z to 486.97 m/z)
Completed clustering 36865 spectra (487.01 m/z to 491.99 m/z)
Completed clustering 40165 spectra (477.01 m/z to 482.00 m/z)
Completed clustering 35882 spectra (502.00 m/z to 507.00 m/z)
Completed clustering 42456 spectra (492.00 m/z to 497.00 m/z)
Completed clustering 46013 spectra (471.02 m/z to 476.99 m/z)
Completed clustering 43266 spectra (431.04 m/z to 435.99 m/z)
Completed clustering 40033 spectra (497.01 m/z to 502.00 m/z)
Completed clustering 42367 spectra (507.00 m/z to 512.00 m/z)
Completed clustering 38550 spectra (528.00 m/z to 533.00 m/z)
Completed clustering 9039 spectra (563.00 m/z to 564.00 m/z)
Completed clustering 40109 spectra (512.01 m/z to 517.00 m/z)
Completed clustering 7899 spectra (564.00 m/z to 565.00 m/z)
Completed clustering 43736 spectra (517.01 m/z to 523.00 m/z)
Completed clustering 10099 spectra (565.00 m/z to 566.00 m/z)
Completed clustering 8975 spectra (566.00 m/z to 567.00 m/z)
Completed clustering 9047 spectra (567.00 m/z to 568.00 m/z)
Completed clustering 44077 spectra (523.00 m/z to 528.00 m/z)
Completed clustering 8835 spectra (568.00 m/z to 569.00 m/z)
Completed clustering 41117 spectra (533.00 m/z to 537.99 m/z)
Completed clustering 40195 spectra (538.01 m/z to 543.00 m/z)
Completed clustering 41364 spectra (548.00 m/z to 553.00 m/z)
Completed clustering 44461 spectra (543.00 m/z to 548.00 m/z)
Completed clustering 40833 spectra (569.00 m/z to 574.00 m/z)
Completed clustering 41118 spectra (574.00 m/z to 579.00 m/z)
Completed clustering 41715 spectra (553.00 m/z to 558.00 m/z)
Completed clustering 42149 spectra (558.00 m/z to 563.00 m/z)
Completed clustering 7996 spectra (609.00 m/z to 610.00 m/z)
Completed clustering 8439 spectra (611.00 m/z to 612.00 m/z)
Completed clustering 9112 spectra (610.00 m/z to 611.00 m/z)
Completed clustering 41239 spectra (584.00 m/z to 589.00 m/z)
Completed clustering 7976 spectra (612.00 m/z to 613.00 m/z)
Completed clustering 8223 spectra (613.00 m/z to 614.00 m/z)
Completed clustering 8484 spectra (614.00 m/z to 615.00 m/z)
Completed clustering 41026 spectra (589.00 m/z to 594.00 m/z)
Completed clustering 43424 spectra (579.00 m/z to 584.00 m/z)
Completed clustering 37757 spectra (615.00 m/z to 620.00 m/z)
Completed clustering 39600 spectra (604.00 m/z to 609.00 m/z)
Completed clustering 41970 spectra (594.00 m/z to 599.00 m/z)
Completed clustering 42138 spectra (599.00 m/z to 604.00 m/z)
Completed clustering 39862 spectra (630.00 m/z to 635.00 m/z)
Completed clustering 40669 spectra (620.00 m/z to 625.00 m/z)
Completed clustering 47147 spectra (420.07 m/z to 425.00 m/z)
Completed clustering 37706 spectra (635.00 m/z to 640.00 m/z)
Completed clustering 40342 spectra (625.00 m/z to 630.00 m/z)
Completed clustering 34802 spectra (661.00 m/z to 666.00 m/z)
Completed clustering 31261 spectra (671.00 m/z to 676.00 m/z)
Completed clustering 38847 spectra (640.00 m/z to 645.00 m/z)
Completed clustering 38358 spectra (645.00 m/z to 650.00 m/z)
Completed clustering 32998 spectra (666.00 m/z to 671.00 m/z)
Completed clustering 37838 spectra (650.00 m/z to 655.00 m/z)
Completed clustering 31779 spectra (676.00 m/z to 681.00 m/z)
Completed clustering 25269 spectra (732.00 m/z to 737.00 m/z)
Completed clustering 28600 spectra (696.00 m/z to 701.00 m/z)
Completed clustering 31351 spectra (681.00 m/z to 686.00 m/z)
Completed clustering 29399 spectra (686.00 m/z to 691.00 m/z)
Completed clustering 30979 spectra (691.00 m/z to 696.00 m/z)
Completed clustering 29121 spectra (712.00 m/z to 717.00 m/z)
Completed clustering 29977 spectra (707.00 m/z to 712.00 m/z)
Completed clustering 26896 spectra (717.00 m/z to 722.00 m/z)
Completed clustering 26887 spectra (722.00 m/z to 727.00 m/z)
Completed clustering 24876 spectra (753.01 m/z to 758.00 m/z)
Completed clustering 26901 spectra (737.00 m/z to 741.99 m/z)
Completed clustering 29285 spectra (727.00 m/z to 732.00 m/z)
Completed clustering 27578 spectra (742.00 m/z to 747.00 m/z)
Completed clustering 34376 spectra (701.00 m/z to 707.00 m/z)
Completed clustering 47946 spectra (655.00 m/z to 661.00 m/z)
Completed clustering 26325 spectra (763.00 m/z to 768.00 m/z)
Completed clustering 27670 spectra (758.01 m/z to 763.00 m/z)
Completed clustering 24451 spectra (773.00 m/z to 778.00 m/z)
Completed clustering 25503 spectra (768.00 m/z to 773.00 m/z)
Completed clustering 23082 spectra (778.00 m/z to 782.99 m/z)
Completed clustering 22293 spectra (788.01 m/z to 793.00 m/z)
Completed clustering 21313 spectra (804.00 m/z to 809.00 m/z)
Completed clustering 23364 spectra (799.00 m/z to 804.00 m/z)
Completed clustering 24831 spectra (783.00 m/z to 788.00 m/z)
Completed clustering 21666 spectra (814.00 m/z to 819.00 m/z)
Completed clustering 31540 spectra (747.00 m/z to 752.99 m/z)
Completed clustering 20573 spectra (819.00 m/z to 824.00 m/z)
Completed clustering 21283 spectra (809.01 m/z to 814.00 m/z)
Completed clustering 20125 spectra (824.00 m/z to 829.00 m/z)
Completed clustering 19026 spectra (855.00 m/z to 860.00 m/z)
Completed clustering 29144 spectra (793.00 m/z to 799.00 m/z)
Completed clustering 17024 spectra (860.00 m/z to 865.00 m/z)
Completed clustering 19130 spectra (850.00 m/z to 855.00 m/z)
Completed clustering 16280 spectra (875.00 m/z to 880.00 m/z)
Completed clustering 17836 spectra (865.00 m/z to 870.00 m/z)
Completed clustering 19867 spectra (829.00 m/z to 834.00 m/z)
Completed clustering 18105 spectra (870.00 m/z to 875.00 m/z)
Completed clustering 21283 spectra (834.00 m/z to 839.00 m/z)
Completed clustering 19102 spectra (880.00 m/z to 885.00 m/z)
Completed clustering 14846 spectra (921.00 m/z to 926.00 m/z)
Completed clustering 18022 spectra (901.00 m/z to 906.00 m/z)
Completed clustering 15426 spectra (911.00 m/z to 916.00 m/z)
Completed clustering 18644 spectra (896.00 m/z to 901.00 m/z)
Completed clustering 18074 spectra (906.00 m/z to 911.00 m/z)
Completed clustering 13221 spectra (947.00 m/z to 952.00 m/z)
Completed clustering 13596 spectra (952.00 m/z to 957.00 m/z)
Completed clustering 13922 spectra (957.00 m/z to 962.00 m/z)
Completed clustering 17874 spectra (916.00 m/z to 921.00 m/z)
Completed clustering 12274 spectra (967.00 m/z to 972.00 m/z)
Completed clustering 14380 spectra (962.00 m/z to 967.00 m/z)
Completed clustering 8758 spectra (1013.00 m/z to 1018.00 m/z)
Completed clustering 9301 spectra (998.00 m/z to 1003.00 m/z)
Completed clustering 9715 spectra (1003.00 m/z to 1008.00 m/z)
Completed clustering 12910 spectra (972.00 m/z to 977.00 m/z)
Completed clustering 6326 spectra (1049.00 m/z to 1054.00 m/z)
Completed clustering 6926 spectra (1054.00 m/z to 1059.00 m/z)
Completed clustering 9486 spectra (1018.00 m/z to 1023.00 m/z)
Completed clustering 3708 spectra (1151.01 m/z to 1156.00 m/z)
Completed clustering 10828 spectra (1008.00 m/z to 1013.00 m/z)
Completed clustering 8556 spectra (1064.00 m/z to 1069.00 m/z)
Completed clustering 3914 spectra (1156.00 m/z to 1160.97 m/z)
Completed clustering 6077 spectra (1146.00 m/z to 1151.00 m/z)
Completed clustering 9386 spectra (1059.00 m/z to 1064.00 m/z)
Completed clustering 14355 spectra (1253.00 m/z to 1298.92 m/z)
Completed clustering 3002 spectra (1437.03 m/z to 1482.86 m/z)
Completed clustering 2068 spectra (1483.03 m/z to 1528.83 m/z)
Completed clustering 2015 spectra (1529.03 m/z to 1574.90 m/z)
Completed clustering 563 spectra (1575.05 m/z to 1620.90 m/z)
Completed clustering 515 spectra (1621.07 m/z to 1666.89 m/z)
Completed clustering 764 spectra (1667.26 m/z to 1712.84 m/z)
Completed clustering 215 spectra (1713.39 m/z to 1758.37 m/z)
Completed clustering 1052 spectra (1759.17 m/z to 1799.10 m/z)
Completed clustering 19213 spectra (1207.03 m/z to 1253.00 m/z)
Completed clustering 45272 spectra (839.00 m/z to 850.00 m/z)
Completed clustering 10075 spectra (1391.03 m/z to 1437.00 m/z)
Completed clustering 27688 spectra (1161.00 m/z to 1206.98 m/z)
Completed clustering 11261 spectra (1345.01 m/z to 1390.99 m/z)
Completed clustering 18650 spectra (926.00 m/z to 931.00 m/z)
Completed clustering 22645 spectra (1299.04 m/z to 1344.97 m/z)
Completed clustering 48531 spectra (977.00 m/z to 998.00 m/z)
Completed clustering 47361 spectra (885.00 m/z to 896.00 m/z)
Completed clustering 47341 spectra (931.00 m/z to 947.00 m/z)
Completed clustering 48922 spectra (1069.00 m/z to 1110.00 m/z)
Completed clustering 46295 spectra (1023.00 m/z to 1049.00 m/z)
Completed clustering 48783 spectra (1115.00 m/z to 1145.99 m/z)
Completed clustering 16009 spectra (1110.01 m/z to 1115.00 m/z)
Re-binning 164 binary files...
Merging 164 binary files...
Completed merging 2 spectra (57.26 m/z to 67.24 m/z)
Completed merging 2 spectra (73.16 m/z to 160.19 m/z)
Completed merging 19531 spectra (355.89 m/z to 360.88 m/z)
Completed merging 21195 spectra (360.89 m/z to 365.91 m/z)
Completed merging 16166 spectra (365.95 m/z to 370.90 m/z)
Completed merging 20944 spectra (370.95 m/z to 375.89 m/z)
Completed merging 13960 spectra (375.90 m/z to 378.89 m/z)
Completed merging 27182 spectra (378.89 m/z to 384.92 m/z)
Completed merging 18234 spectra (384.96 m/z to 389.92 m/z)
Completed merging 25493 spectra (389.94 m/z to 394.92 m/z)
Completed merging 24066 spectra (394.92 m/z to 399.91 m/z)
Completed merging 23403 spectra (399.91 m/z to 404.91 m/z)
Completed merging 27226 spectra (404.91 m/z to 409.92 m/z)
Completed merging 26629 spectra (409.92 m/z to 414.92 m/z)
Completed merging 26724 spectra (414.92 m/z to 419.92 m/z)
Completed merging 39732 spectra (419.92 m/z to 424.93 m/z)
Completed merging 33494 spectra (424.93 m/z to 430.93 m/z)
Completed merging 34260 spectra (430.93 m/z to 435.92 m/z)
Completed merging 26289 spectra (435.92 m/z to 440.92 m/z)
Completed merging 20275 spectra (440.92 m/z to 445.92 m/z)
Completed merging 29746 spectra (445.92 m/z to 450.90 m/z)
Completed merging 28510 spectra (450.90 m/z to 455.93 m/z)
Completed merging 29292 spectra (455.93 m/z to 460.91 m/z)
Completed merging 29037 spectra (460.91 m/z to 465.92 m/z)
Completed merging 30435 spectra (465.92 m/z to 470.91 m/z)
Completed merging 36913 spectra (470.92 m/z to 476.92 m/z)
Completed merging 31897 spectra (476.92 m/z to 481.93 m/z)
Completed merging 29323 spectra (481.93 m/z to 486.90 m/z)
Completed merging 29312 spectra (486.90 m/z to 491.92 m/z)
Completed merging 33862 spectra (491.92 m/z to 496.93 m/z)
Completed merging 31421 spectra (496.93 m/z to 501.93 m/z)
Completed merging 28278 spectra (501.93 m/z to 506.93 m/z)
Completed merging 33833 spectra (506.93 m/z to 511.92 m/z)
Completed merging 31500 spectra (511.93 m/z to 516.93 m/z)
Completed merging 34196 spectra (516.93 m/z to 522.93 m/z)
Completed merging 35617 spectra (522.93 m/z to 527.93 m/z)
Completed merging 30833 spectra (527.93 m/z to 532.93 m/z)
Completed merging 32537 spectra (532.93 m/z to 537.92 m/z)
Completed merging 32305 spectra (537.92 m/z to 542.93 m/z)
Completed merging 35219 spectra (542.93 m/z to 547.93 m/z)
Completed merging 32606 spectra (547.93 m/z to 552.93 m/z)
Completed merging 33315 spectra (552.93 m/z to 557.93 m/z)
Completed merging 33066 spectra (557.93 m/z to 562.93 m/z)
Completed merging 7117 spectra (562.93 m/z to 563.93 m/z)
Completed merging 6113 spectra (563.93 m/z to 564.93 m/z)
Completed merging 7291 spectra (564.93 m/z to 565.93 m/z)
Completed merging 7109 spectra (565.93 m/z to 566.91 m/z)
Completed merging 6950 spectra (566.93 m/z to 567.93 m/z)
Completed merging 7250 spectra (567.93 m/z to 568.91 m/z)
Completed merging 32039 spectra (568.93 m/z to 573.93 m/z)
Completed merging 32165 spectra (573.93 m/z to 578.93 m/z)
Completed merging 34040 spectra (578.93 m/z to 583.93 m/z)
Completed merging 32410 spectra (583.93 m/z to 588.93 m/z)
Completed merging 31227 spectra (588.93 m/z to 593.93 m/z)
Completed merging 32805 spectra (593.93 m/z to 598.93 m/z)
Completed merging 33357 spectra (598.93 m/z to 603.92 m/z)
Completed merging 31586 spectra (603.93 m/z to 608.93 m/z)
Completed merging 6176 spectra (608.93 m/z to 609.92 m/z)
Completed merging 7455 spectra (609.93 m/z to 610.93 m/z)
Completed merging 6564 spectra (610.93 m/z to 611.92 m/z)
Completed merging 6208 spectra (611.93 m/z to 612.92 m/z)
Completed merging 6842 spectra (612.93 m/z to 613.93 m/z)
Completed merging 6680 spectra (613.94 m/z to 614.93 m/z)
Completed merging 29692 spectra (614.93 m/z to 619.93 m/z)
Completed merging 32131 spectra (619.93 m/z to 624.92 m/z)
Completed merging 32060 spectra (624.93 m/z to 629.93 m/z)
Completed merging 32177 spectra (629.93 m/z to 634.92 m/z)
Completed merging 30173 spectra (634.94 m/z to 639.93 m/z)
Completed merging 31192 spectra (639.93 m/z to 644.92 m/z)
Completed merging 30269 spectra (644.95 m/z to 649.93 m/z)
Completed merging 29786 spectra (649.94 m/z to 654.93 m/z)
Completed merging 37550 spectra (654.94 m/z to 660.93 m/z)
Completed merging 26467 spectra (660.93 m/z to 665.92 m/z)
Completed merging 25114 spectra (665.93 m/z to 670.93 m/z)
Completed merging 23295 spectra (670.93 m/z to 675.93 m/z)
Completed merging 24277 spectra (675.93 m/z to 680.93 m/z)
Completed merging 23539 spectra (680.93 m/z to 685.93 m/z)
Completed merging 22175 spectra (685.93 m/z to 690.93 m/z)
Completed merging 23077 spectra (690.93 m/z to 695.93 m/z)
Completed merging 21272 spectra (695.93 m/z to 700.93 m/z)
Completed merging 25340 spectra (700.93 m/z to 706.93 m/z)
Completed merging 22463 spectra (706.93 m/z to 711.93 m/z)
Completed merging 20833 spectra (711.93 m/z to 716.93 m/z)
Completed merging 19785 spectra (716.93 m/z to 721.93 m/z)
Completed merging 19639 spectra (721.93 m/z to 726.93 m/z)
Completed merging 21784 spectra (726.93 m/z to 731.93 m/z)
Completed merging 18419 spectra (731.93 m/z to 736.93 m/z)
Completed merging 19619 spectra (736.93 m/z to 741.92 m/z)
Completed merging 19646 spectra (741.92 m/z to 746.93 m/z)
Completed merging 23153 spectra (746.93 m/z to 752.92 m/z)
Completed merging 17694 spectra (752.92 m/z to 757.93 m/z)
Completed merging 20906 spectra (757.93 m/z to 762.93 m/z)
Completed merging 19166 spectra (762.93 m/z to 767.93 m/z)
Completed merging 18587 spectra (767.93 m/z to 772.93 m/z)
Completed merging 17813 spectra (772.93 m/z to 777.93 m/z)
Completed merging 16654 spectra (777.93 m/z to 782.92 m/z)
Completed merging 17062 spectra (782.92 m/z to 787.93 m/z)
Completed merging 16375 spectra (787.93 m/z to 792.93 m/z)
Completed merging 21500 spectra (792.93 m/z to 798.93 m/z)
Completed merging 17318 spectra (798.93 m/z to 803.93 m/z)
Completed merging 15141 spectra (803.93 m/z to 808.93 m/z)
Completed merging 15216 spectra (808.93 m/z to 813.93 m/z)
Completed merging 15237 spectra (813.93 m/z to 818.93 m/z)
Completed merging 14705 spectra (818.93 m/z to 823.93 m/z)
Completed merging 13652 spectra (823.93 m/z to 828.93 m/z)
Completed merging 14015 spectra (828.93 m/z to 833.93 m/z)
Completed merging 15863 spectra (833.93 m/z to 838.93 m/z)
Completed merging 32695 spectra (838.93 m/z to 849.93 m/z)
Completed merging 12829 spectra (849.93 m/z to 854.93 m/z)
Completed merging 13755 spectra (854.93 m/z to 859.93 m/z)
Completed merging 12113 spectra (859.93 m/z to 864.93 m/z)
Completed merging 12596 spectra (864.93 m/z to 869.93 m/z)
Completed merging 12187 spectra (869.93 m/z to 874.93 m/z)
Completed merging 11484 spectra (874.93 m/z to 879.93 m/z)
Completed merging 13042 spectra (879.93 m/z to 884.93 m/z)
Completed merging 33526 spectra (884.93 m/z to 895.93 m/z)
Completed merging 13296 spectra (895.93 m/z to 900.93 m/z)
Completed merging 12696 spectra (900.93 m/z to 905.93 m/z)
Completed merging 12892 spectra (905.93 m/z to 910.93 m/z)
Completed merging 10379 spectra (910.93 m/z to 915.93 m/z)
Completed merging 12531 spectra (915.93 m/z to 920.93 m/z)
Completed merging 10557 spectra (920.93 m/z to 925.93 m/z)
Completed merging 14938 spectra (925.93 m/z to 930.93 m/z)
Completed merging 35401 spectra (930.93 m/z to 946.93 m/z)
Completed merging 9873 spectra (946.93 m/z to 951.93 m/z)
Completed merging 9807 spectra (951.93 m/z to 956.93 m/z)
Completed merging 9648 spectra (956.93 m/z to 961.93 m/z)
Completed merging 10517 spectra (961.93 m/z to 966.92 m/z)
Completed merging 8354 spectra (966.93 m/z to 971.93 m/z)
Completed merging 8681 spectra (971.93 m/z to 976.93 m/z)
Completed merging 34004 spectra (976.93 m/z to 997.93 m/z)
Completed merging 6808 spectra (997.93 m/z to 1002.93 m/z)
Completed merging 6578 spectra (1002.93 m/z to 1007.93 m/z)
Completed merging 7859 spectra (1007.94 m/z to 1012.93 m/z)
Completed merging 6124 spectra (1012.94 m/z to 1017.93 m/z)
Completed merging 6449 spectra (1017.94 m/z to 1022.93 m/z)
Completed merging 33291 spectra (1022.93 m/z to 1048.92 m/z)
Completed merging 4179 spectra (1048.96 m/z to 1053.93 m/z)
Completed merging 4521 spectra (1053.93 m/z to 1058.91 m/z)
Completed merging 6259 spectra (1058.93 m/z to 1063.92 m/z)
Completed merging 6823 spectra (1063.94 m/z to 1068.93 m/z)
Completed merging 32710 spectra (1068.93 m/z to 1109.92 m/z)
Completed merging 11694 spectra (1109.94 m/z to 1114.93 m/z)
Completed merging 31100 spectra (1114.93 m/z to 1145.92 m/z)
Completed merging 3479 spectra (1145.94 m/z to 1150.93 m/z)
Completed merging 2687 spectra (1150.94 m/z to 1155.92 m/z)
Completed merging 2486 spectra (1155.93 m/z to 1160.90 m/z)
Completed merging 18625 spectra (1160.91 m/z to 1206.91 m/z)
Completed merging 12244 spectra (1206.91 m/z to 1252.92 m/z)
Completed merging 9823 spectra (1252.94 m/z to 1298.80 m/z)
Completed merging 18667 spectra (1298.91 m/z to 1344.87 m/z)
Completed merging 7768 spectra (1344.92 m/z to 1390.82 m/z)
Completed merging 6872 spectra (1390.95 m/z to 1436.79 m/z)
Completed merging 2178 spectra (1436.97 m/z to 1482.78 m/z)
Completed merging 1444 spectra (1482.81 m/z to 1528.33 m/z)
Completed merging 1766 spectra (1528.79 m/z to 1574.66 m/z)
Completed merging 485 spectra (1574.88 m/z to 1620.61 m/z)
Completed merging 439 spectra (1620.90 m/z to 1666.80 m/z)
Completed merging 641 spectra (1666.89 m/z to 1712.51 m/z)
Completed merging 183 spectra (1712.81 m/z to 1757.93 m/z)
Completed merging 879 spectra (1758.37 m/z to 1799.10 m/z)
Completed merging 35202 spectra (171.14 m/z to 345.88 m/z)
Completed merging 17143 spectra (345.90 m/z to 350.91 m/z)
Completed merging 18759 spectra (350.92 m/z to 355.89 m/z)
Converting results to .clustering format...
10000 clusters successfully written to my_clustering_result.clustering
20000 clusters successfully written to my_clustering_result.clustering
30000 clusters successfully written to my_clustering_result.clustering
40000 clusters successfully written to my_clustering_result.clustering
50000 clusters successfully written to my_clustering_result.clustering
60000 clusters successfully written to my_clustering_result.clustering
70000 clusters successfully written to my_clustering_result.clustering
80000 clusters successfully written to my_clustering_result.clustering
90000 clusters successfully written to my_clustering_result.clustering
100000 clusters successfully written to my_clustering_result.clustering
110000 clusters successfully written to my_clustering_result.clustering
120000 clusters successfully written to my_clustering_result.clustering
130000 clusters successfully written to my_clustering_result.clustering
140000 clusters successfully written to my_clustering_result.clustering
150000 clusters successfully written to my_clustering_result.clustering
160000 clusters successfully written to my_clustering_result.clustering
170000 clusters successfully written to my_clustering_result.clustering
180000 clusters successfully written to my_clustering_result.clustering
190000 clusters successfully written to my_clustering_result.clustering
200000 clusters successfully written to my_clustering_result.clustering
210000 clusters successfully written to my_clustering_result.clustering
220000 clusters successfully written to my_clustering_result.clustering
230000 clusters successfully written to my_clustering_result.clustering
240000 clusters successfully written to my_clustering_result.clustering
250000 clusters successfully written to my_clustering_result.clustering
260000 clusters successfully written to my_clustering_result.clustering
270000 clusters successfully written to my_clustering_result.clustering
280000 clusters successfully written to my_clustering_result.clustering
290000 clusters successfully written to my_clustering_result.clustering
300000 clusters successfully written to my_clustering_result.clustering
310000 clusters successfully written to my_clustering_result.clustering
320000 clusters successfully written to my_clustering_result.clustering
330000 clusters successfully written to my_clustering_result.clustering
340000 clusters successfully written to my_clustering_result.clustering
350000 clusters successfully written to my_clustering_result.clustering
360000 clusters successfully written to my_clustering_result.clustering
370000 clusters successfully written to my_clustering_result.clustering
380000 clusters successfully written to my_clustering_result.clustering
390000 clusters successfully written to my_clustering_result.clustering
400000 clusters successfully written to my_clustering_result.clustering
410000 clusters successfully written to my_clustering_result.clustering
420000 clusters successfully written to my_clustering_result.clustering
430000 clusters successfully written to my_clustering_result.clustering
440000 clusters successfully written to my_clustering_result.clustering
450000 clusters successfully written to my_clustering_result.clustering
460000 clusters successfully written to my_clustering_result.clustering
470000 clusters successfully written to my_clustering_result.clustering
480000 clusters successfully written to my_clustering_result.clustering
490000 clusters successfully written to my_clustering_result.clustering
500000 clusters successfully written to my_clustering_result.clustering
510000 clusters successfully written to my_clustering_result.clustering
520000 clusters successfully written to my_clustering_result.clustering
530000 clusters successfully written to my_clustering_result.clustering
540000 clusters successfully written to my_clustering_result.clustering
550000 clusters successfully written to my_clustering_result.clustering
560000 clusters successfully written to my_clustering_result.clustering
570000 clusters successfully written to my_clustering_result.clustering
580000 clusters successfully written to my_clustering_result.clustering
590000 clusters successfully written to my_clustering_result.clustering
600000 clusters successfully written to my_clustering_result.clustering
610000 clusters successfully written to my_clustering_result.clustering
620000 clusters successfully written to my_clustering_result.clustering
630000 clusters successfully written to my_clustering_result.clustering
640000 clusters successfully written to my_clustering_result.clustering
650000 clusters successfully written to my_clustering_result.clustering
660000 clusters successfully written to my_clustering_result.clustering
670000 clusters successfully written to my_clustering_result.clustering
680000 clusters successfully written to my_clustering_result.clustering
690000 clusters successfully written to my_clustering_result.clustering
700000 clusters successfully written to my_clustering_result.clustering
710000 clusters successfully written to my_clustering_result.clustering
720000 clusters successfully written to my_clustering_result.clustering
730000 clusters successfully written to my_clustering_result.clustering
740000 clusters successfully written to my_clustering_result.clustering
750000 clusters successfully written to my_clustering_result.clustering
760000 clusters successfully written to my_clustering_result.clustering
770000 clusters successfully written to my_clustering_result.clustering
780000 clusters successfully written to my_clustering_result.clustering
790000 clusters successfully written to my_clustering_result.clustering
800000 clusters successfully written to my_clustering_result.clustering
810000 clusters successfully written to my_clustering_result.clustering
820000 clusters successfully written to my_clustering_result.clustering
830000 clusters successfully written to my_clustering_result.clustering
840000 clusters successfully written to my_clustering_result.clustering
850000 clusters successfully written to my_clustering_result.clustering
860000 clusters successfully written to my_clustering_result.clustering
870000 clusters successfully written to my_clustering_result.clustering
880000 clusters successfully written to my_clustering_result.clustering
890000 clusters successfully written to my_clustering_result.clustering
900000 clusters successfully written to my_clustering_result.clustering
910000 clusters successfully written to my_clustering_result.clustering
920000 clusters successfully written to my_clustering_result.clustering
930000 clusters successfully written to my_clustering_result.clustering
940000 clusters successfully written to my_clustering_result.clustering
950000 clusters successfully written to my_clustering_result.clustering
960000 clusters successfully written to my_clustering_result.clustering
970000 clusters successfully written to my_clustering_result.clustering
980000 clusters successfully written to my_clustering_result.clustering
990000 clusters successfully written to my_clustering_result.clustering
1000000 clusters successfully written to my_clustering_result.clustering
1010000 clusters successfully written to my_clustering_result.clustering
1020000 clusters successfully written to my_clustering_result.clustering
1030000 clusters successfully written to my_clustering_result.clustering
1040000 clusters successfully written to my_clustering_result.clustering
1050000 clusters successfully written to my_clustering_result.clustering
1060000 clusters successfully written to my_clustering_result.clustering
1070000 clusters successfully written to my_clustering_result.clustering
1080000 clusters successfully written to my_clustering_result.clustering
1090000 clusters successfully written to my_clustering_result.clustering
1100000 clusters successfully written to my_clustering_result.clustering
1110000 clusters successfully written to my_clustering_result.clustering
1120000 clusters successfully written to my_clustering_result.clustering
1130000 clusters successfully written to my_clustering_result.clustering
1140000 clusters successfully written to my_clustering_result.clustering
1150000 clusters successfully written to my_clustering_result.clustering
1160000 clusters successfully written to my_clustering_result.clustering
1170000 clusters successfully written to my_clustering_result.clustering
1180000 clusters successfully written to my_clustering_result.clustering
1190000 clusters successfully written to my_clustering_result.clustering
1200000 clusters successfully written to my_clustering_result.clustering
1210000 clusters successfully written to my_clustering_result.clustering
1220000 clusters successfully written to my_clustering_result.clustering
1230000 clusters successfully written to my_clustering_result.clustering
1240000 clusters successfully written to my_clustering_result.clustering
1250000 clusters successfully written to my_clustering_result.clustering
1260000 clusters successfully written to my_clustering_result.clustering
1270000 clusters successfully written to my_clustering_result.clustering
1280000 clusters successfully written to my_clustering_result.clustering
1290000 clusters successfully written to my_clustering_result.clustering
1300000 clusters successfully written to my_clustering_result.clustering
1310000 clusters successfully written to my_clustering_result.clustering
1320000 clusters successfully written to my_clustering_result.clustering
1330000 clusters successfully written to my_clustering_result.clustering
1340000 clusters successfully written to my_clustering_result.clustering
1350000 clusters successfully written to my_clustering_result.clustering
1360000 clusters successfully written to my_clustering_result.clustering
1370000 clusters successfully written to my_clustering_result.clustering
1380000 clusters successfully written to my_clustering_result.clustering
1390000 clusters successfully written to my_clustering_result.clustering
1400000 clusters successfully written to my_clustering_result.clustering
1410000 clusters successfully written to my_clustering_result.clustering
1420000 clusters successfully written to my_clustering_result.clustering
1430000 clusters successfully written to my_clustering_result.clustering
1440000 clusters successfully written to my_clustering_result.clustering
1450000 clusters successfully written to my_clustering_result.clustering
1460000 clusters successfully written to my_clustering_result.clustering
1470000 clusters successfully written to my_clustering_result.clustering
1480000 clusters successfully written to my_clustering_result.clustering
1490000 clusters successfully written to my_clustering_result.clustering
1500000 clusters successfully written to my_clustering_result.clustering
1510000 clusters successfully written to my_clustering_result.clustering
1520000 clusters successfully written to my_clustering_result.clustering
1530000 clusters successfully written to my_clustering_result.clustering
1540000 clusters successfully written to my_clustering_result.clustering
1550000 clusters successfully written to my_clustering_result.clustering
1560000 clusters successfully written to my_clustering_result.clustering
1570000 clusters successfully written to my_clustering_result.clustering
1580000 clusters successfully written to my_clustering_result.clustering
1590000 clusters successfully written to my_clustering_result.clustering
1600000 clusters successfully written to my_clustering_result.clustering
1610000 clusters successfully written to my_clustering_result.clustering
1620000 clusters successfully written to my_clustering_result.clustering
1630000 clusters successfully written to my_clustering_result.clustering
1640000 clusters successfully written to my_clustering_result.clustering
1650000 clusters successfully written to my_clustering_result.clustering
1660000 clusters successfully written to my_clustering_result.clustering
1670000 clusters successfully written to my_clustering_result.clustering
1680000 clusters successfully written to my_clustering_result.clustering
1690000 clusters successfully written to my_clustering_result.clustering
1700000 clusters successfully written to my_clustering_result.clustering
1710000 clusters successfully written to my_clustering_result.clustering
1720000 clusters successfully written to my_clustering_result.clustering
1730000 clusters successfully written to my_clustering_result.clustering
1740000 clusters successfully written to my_clustering_result.clustering
1750000 clusters successfully written to my_clustering_result.clustering
1760000 clusters successfully written to my_clustering_result.clustering
1770000 clusters successfully written to my_clustering_result.clustering
1780000 clusters successfully written to my_clustering_result.clustering
1790000 clusters successfully written to my_clustering_result.clustering
1800000 clusters successfully written to my_clustering_result.clustering
1810000 clusters successfully written to my_clustering_result.clustering
1820000 clusters successfully written to my_clustering_result.clustering
1830000 clusters successfully written to my_clustering_result.clustering
1840000 clusters successfully written to my_clustering_result.clustering
1850000 clusters successfully written to my_clustering_result.clustering
1860000 clusters successfully written to my_clustering_result.clustering
1870000 clusters successfully written to my_clustering_result.clustering
1880000 clusters successfully written to my_clustering_result.clustering
1890000 clusters successfully written to my_clustering_result.clustering
1900000 clusters successfully written to my_clustering_result.clustering
1910000 clusters successfully written to my_clustering_result.clustering
1920000 clusters successfully written to my_clustering_result.clustering
1930000 clusters successfully written to my_clustering_result.clustering
1940000 clusters successfully written to my_clustering_result.clustering
1950000 clusters successfully written to my_clustering_result.clustering
1960000 clusters successfully written to my_clustering_result.clustering
1970000 clusters successfully written to my_clustering_result.clustering
1980000 clusters successfully written to my_clustering_result.clustering
1990000 clusters successfully written to my_clustering_result.clustering
2000000 clusters successfully written to my_clustering_result.clustering
2010000 clusters successfully written to my_clustering_result.clustering
2020000 clusters successfully written to my_clustering_result.clustering
2030000 clusters successfully written to my_clustering_result.clustering
2040000 clusters successfully written to my_clustering_result.clustering
2050000 clusters successfully written to my_clustering_result.clustering
2060000 clusters successfully written to my_clustering_result.clustering
2070000 clusters successfully written to my_clustering_result.clustering
2080000 clusters successfully written to my_clustering_result.clustering
2090000 clusters successfully written to my_clustering_result.clustering
2100000 clusters successfully written to my_clustering_result.clustering
2110000 clusters successfully written to my_clustering_result.clustering
2120000 clusters successfully written to my_clustering_result.clustering
2130000 clusters successfully written to my_clustering_result.clustering
2140000 clusters successfully written to my_clustering_result.clustering
2150000 clusters successfully written to my_clustering_result.clustering
2160000 clusters successfully written to my_clustering_result.clustering
2170000 clusters successfully written to my_clustering_result.clustering
2180000 clusters successfully written to my_clustering_result.clustering
2190000 clusters successfully written to my_clustering_result.clustering
2200000 clusters successfully written to my_clustering_result.clustering
2210000 clusters successfully written to my_clustering_result.clustering
2220000 clusters successfully written to my_clustering_result.clustering
2230000 clusters successfully written to my_clustering_result.clustering
2240000 clusters successfully written to my_clustering_result.clustering
2250000 clusters successfully written to my_clustering_result.clustering
2260000 clusters successfully written to my_clustering_result.clustering
2270000 clusters successfully written to my_clustering_result.clustering
2280000 clusters successfully written to my_clustering_result.clustering
2290000 clusters successfully written to my_clustering_result.clustering
2300000 clusters successfully written to my_clustering_result.clustering
2310000 clusters successfully written to my_clustering_result.clustering
2320000 clusters successfully written to my_clustering_result.clustering
2330000 clusters successfully written to my_clustering_result.clustering
2340000 clusters successfully written to my_clustering_result.clustering
2350000 clusters successfully written to my_clustering_result.clustering
2360000 clusters successfully written to my_clustering_result.clustering
2370000 clusters successfully written to my_clustering_result.clustering
2380000 clusters successfully written to my_clustering_result.clustering
2390000 clusters successfully written to my_clustering_result.clustering
2400000 clusters successfully written to my_clustering_result.clustering
2410000 clusters successfully written to my_clustering_result.clustering
2420000 clusters successfully written to my_clustering_result.clustering
2430000 clusters successfully written to my_clustering_result.clustering
2440000 clusters successfully written to my_clustering_result.clustering
2450000 clusters successfully written to my_clustering_result.clustering
2460000 clusters successfully written to my_clustering_result.clustering
2470000 clusters successfully written to my_clustering_result.clustering
2480000 clusters successfully written to my_clustering_result.clustering
2490000 clusters successfully written to my_clustering_result.clustering
2500000 clusters successfully written to my_clustering_result.clustering
2510000 clusters successfully written to my_clustering_result.clustering
2520000 clusters successfully written to my_clustering_result.clustering
2530000 clusters successfully written to my_clustering_result.clustering
2540000 clusters successfully written to my_clustering_result.clustering
2550000 clusters successfully written to my_clustering_result.clustering
2560000 clusters successfully written to my_clustering_result.clustering
2570000 clusters successfully written to my_clustering_result.clustering
2580000 clusters successfully written to my_clustering_result.clustering
2590000 clusters successfully written to my_clustering_result.clustering
2600000 clusters successfully written to my_clustering_result.clustering
2610000 clusters successfully written to my_clustering_result.clustering
2620000 clusters successfully written to my_clustering_result.clustering
2630000 clusters successfully written to my_clustering_result.clustering
2640000 clusters successfully written to my_clustering_result.clustering
2650000 clusters successfully written to my_clustering_result.clustering
2660000 clusters successfully written to my_clustering_result.clustering
2670000 clusters successfully written to my_clustering_result.clustering
2680000 clusters successfully written to my_clustering_result.clustering
2690000 clusters successfully written to my_clustering_result.clustering
2700000 clusters successfully written to my_clustering_result.clustering
2710000 clusters successfully written to my_clustering_result.clustering
2720000 clusters successfully written to my_clustering_result.clustering
2730000 clusters successfully written to my_clustering_result.clustering
2740000 clusters successfully written to my_clustering_result.clustering
2750000 clusters successfully written to my_clustering_result.clustering
2760000 clusters successfully written to my_clustering_result.clustering
2770000 clusters successfully written to my_clustering_result.clustering
2780000 clusters successfully written to my_clustering_result.clustering
2790000 clusters successfully written to my_clustering_result.clustering
2800000 clusters successfully written to my_clustering_result.clustering
2810000 clusters successfully written to my_clustering_result.clustering
2820000 clusters successfully written to my_clustering_result.clustering
2830000 clusters successfully written to my_clustering_result.clustering
2840000 clusters successfully written to my_clustering_result.clustering
2850000 clusters successfully written to my_clustering_result.clustering
2860000 clusters successfully written to my_clustering_result.clustering
2870000 clusters successfully written to my_clustering_result.clustering
2880000 clusters successfully written to my_clustering_result.clustering
2890000 clusters successfully written to my_clustering_result.clustering
2900000 clusters successfully written to my_clustering_result.clustering
2910000 clusters successfully written to my_clustering_result.clustering
2920000 clusters successfully written to my_clustering_result.clustering
2930000 clusters successfully written to my_clustering_result.clustering
2940000 clusters successfully written to my_clustering_result.clustering
2950000 clusters successfully written to my_clustering_result.clustering
2960000 clusters successfully written to my_clustering_result.clustering
2970000 clusters successfully written to my_clustering_result.clustering
2980000 clusters successfully written to my_clustering_result.clustering
2990000 clusters successfully written to my_clustering_result.clustering
3000000 clusters successfully written to my_clustering_result.clustering
3010000 clusters successfully written to my_clustering_result.clustering
3020000 clusters successfully written to my_clustering_result.clustering
3030000 clusters successfully written to my_clustering_result.clustering
3040000 clusters successfully written to my_clustering_result.clustering
3050000 clusters successfully written to my_clustering_result.clustering
3060000 clusters successfully written to my_clustering_result.clustering
3070000 clusters successfully written to my_clustering_result.clustering
3080000 clusters successfully written to my_clustering_result.clustering
3090000 clusters successfully written to my_clustering_result.clustering
3100000 clusters successfully written to my_clustering_result.clustering
3110000 clusters successfully written to my_clustering_result.clustering
3120000 clusters successfully written to my_clustering_result.clustering
3130000 clusters successfully written to my_clustering_result.clustering
3140000 clusters successfully written to my_clustering_result.clustering
3150000 clusters successfully written to my_clustering_result.clustering
3160000 clusters successfully written to my_clustering_result.clustering
3170000 clusters successfully written to my_clustering_result.clustering
3180000 clusters successfully written to my_clustering_result.clustering
3181863 clusters successfully written to my_clustering_result.clustering
Clustering elapsed: 5644.890732783943
Total elapsed time: 7625.8334322979235
