Architecture:          x86_64
CPU op-mode(s):        32-bit, 64-bit
Byte Order:            Little Endian
CPU(s):                64
On-line CPU(s) list:   0-63
Thread(s) per core:    2
Core(s) per socket:    32
Socket(s):             1
NUMA node(s):          4
Vendor ID:             AuthenticAMD
CPU family:            23
Model:                 1
Model name:            AMD EPYC 7551P 32-Core Processor
Stepping:              2
CPU MHz:               2475.318
CPU max MHz:           2000.0000
CPU min MHz:           1200.0000
BogoMIPS:              4000.15
Virtualization:        AMD-V
L1d cache:             32K
L1i cache:             64K
L2 cache:              512K
L3 cache:              8192K
NUMA node0 CPU(s):     0-7,32-39
NUMA node1 CPU(s):     8-15,40-47
NUMA node2 CPU(s):     16-23,48-55
NUMA node3 CPU(s):     24-31,56-63
Flags:                 fpu vme de pse tsc msr pae mce cx8 apic sep mtrr pge mca cmov pat pse36 clflush mmx fxsr sse sse2 ht syscall nx mmxext fxsr_opt pdpe1gb rdtscp lm constant_tsc rep_good nopl nonstop_tsc cpuid extd_apicid amd_dcm aperfmperf pni pclmulqdq monitor ssse3 fma cx16 sse4_1 sse4_2 movbe popcnt aes xsave avx f16c rdrand lahf_lm cmp_legacy svm extapic cr8_legacy abm sse4a misalignsse 3dnowprefetch osvw skinit wdt tce topoext perfctr_core perfctr_nb bpext perfctr_llc mwaitx cpb hw_pstate sme ssbd sev ibpb vmmcall fsgsbase bmi1 avx2 smep bmi2 rdseed adx smap clflushopt sha_ni xsaveopt xsavec xgetbv1 xsaves clzero irperf xsaveerptr arat npt lbrv svm_lock nrip_save tsc_scale vmcb_clean flushbyasid decodeassists pausefilter pfthreshold avic v_vmsave_vmload vgif overflow_recov succor smca
              total        used        free      shared  buff/cache   available
Mem:           251G         39G        145G        4.4G         67G        206G
Swap:            0B          0B          0B
spectra-cluster API Version 1.0.11
Created by Rui Wang & Johannes Griss

-- Settings --
Number of threads: 4
Thresholds: 1.0 - 0.99 in 3 rounds
Keeping binary files: false
Binary file directory: /tmp/spectra_cluster_cli12546887530732409715
Result file: my_clustering_result.clustering
Reuse binary files: false
Input files: 5
Using fast mode: yes

Other settings:
Precursor tolerance: 20.0 ppm
Fragment ion tolerance: 0.05
Loading filter: Filtering top N peaks per spectrum
Added filters: mz_200
Minimum number of comparisons: adaptive

Started timing!
Converting 5 input files...
Converting 1 / 29 binary files.
Converting 2 / 29 binary files.
Converting 3 / 29 binary files.
Converting 4 / 29 binary files.
Converting 5 / 29 binary files.
Converting 6 / 29 binary files.
Converting 7 / 29 binary files.
Converting 8 / 29 binary files.
Converting 9 / 29 binary files.
Converting 10 / 29 binary files.
Converting 11 / 29 binary files.
Converting 12 / 29 binary files.
Converting 13 / 29 binary files.
Converting 14 / 29 binary files.
Converting 15 / 29 binary files.
Converting 16 / 29 binary files.
Converting 17 / 29 binary files.
Converting 18 / 29 binary files.
Converting 19 / 29 binary files.
Converting 20 / 29 binary files.
Converting 21 / 29 binary files.
Converting 22 / 29 binary files.
Converting 23 / 29 binary files.
Converting 24 / 29 binary files.
Converting 25 / 29 binary files.
Converting 26 / 29 binary files.
Converting 27 / 29 binary files.
Converting 28 / 29 binary files.
Converting 29 / 29 binary files.
Load and preprocessing MGF file elapsed: 25.624374829999745
Clustering 29 binary files...
Completed clustering 11129 spectra (349.73 m/z to 394.92 m/z)
Completed clustering 16254 spectra (395.16 m/z to 441.00 m/z)
Completed clustering 12459 spectra (717.01 m/z to 762.94 m/z)
Completed clustering 15239 spectra (671.00 m/z to 716.98 m/z)
Completed clustering 18625 spectra (625.02 m/z to 671.00 m/z)
Completed clustering 4485 spectra (993.01 m/z to 1039.00 m/z)
Completed clustering 3214 spectra (1085.00 m/z to 1130.95 m/z)
Completed clustering 19708 spectra (579.02 m/z to 625.00 m/z)
Completed clustering 20616 spectra (533.02 m/z to 578.95 m/z)
Completed clustering 20453 spectra (487.00 m/z to 532.97 m/z)
Completed clustering 4334 spectra (1039.01 m/z to 1085.00 m/z)
Completed clustering 6156 spectra (855.00 m/z to 900.99 m/z)
Completed clustering 5635 spectra (947.00 m/z to 993.00 m/z)
Completed clustering 1599 spectra (1177.02 m/z to 1222.98 m/z)
Completed clustering 612 spectra (1361.01 m/z to 1407.00 m/z)
Completed clustering 329 spectra (1407.08 m/z to 1450.70 m/z)
Completed clustering 1626 spectra (1223.01 m/z to 1268.80 m/z)
Completed clustering 305 spectra (1453.18 m/z to 1498.71 m/z)
Completed clustering 1023 spectra (1269.14 m/z to 1314.70 m/z)
Completed clustering 15 spectra (1637.35 m/z to 1647.73 m/z)
Completed clustering 209 spectra (1591.02 m/z to 1636.73 m/z)
Completed clustering 665 spectra (1315.03 m/z to 1360.66 m/z)
Completed clustering 542 spectra (1499.24 m/z to 1544.79 m/z)
Completed clustering 516 spectra (1545.22 m/z to 1590.88 m/z)
Completed clustering 2581 spectra (1131.02 m/z to 1176.82 m/z)
Completed clustering 20218 spectra (441.17 m/z to 487.00 m/z)
Completed clustering 9854 spectra (763.03 m/z to 808.98 m/z)
Completed clustering 8387 spectra (809.06 m/z to 854.97 m/z)
Completed clustering 6579 spectra (901.01 m/z to 947.00 m/z)
Re-binning 29 binary files...
Merging 29 binary files...
Completed merging 3194 spectra (349.73 m/z to 394.75 m/z)
Completed merging 4926 spectra (394.86 m/z to 440.92 m/z)
Completed merging 6233 spectra (440.93 m/z to 486.92 m/z)
Completed merging 6499 spectra (486.93 m/z to 532.83 m/z)
Completed merging 6680 spectra (532.91 m/z to 578.87 m/z)
Completed merging 6476 spectra (578.93 m/z to 624.87 m/z)
Completed merging 6345 spectra (624.93 m/z to 670.91 m/z)
Completed merging 5346 spectra (670.97 m/z to 716.91 m/z)
Completed merging 4063 spectra (716.92 m/z to 762.86 m/z)
Completed merging 3655 spectra (762.87 m/z to 808.90 m/z)
Completed merging 3250 spectra (808.91 m/z to 854.90 m/z)
Completed merging 2406 spectra (854.91 m/z to 900.80 m/z)
Completed merging 2688 spectra (900.92 m/z to 946.92 m/z)
Completed merging 2287 spectra (946.93 m/z to 992.90 m/z)
Completed merging 1787 spectra (992.93 m/z to 1038.91 m/z)
Completed merging 1726 spectra (1038.95 m/z to 1084.91 m/z)
Completed merging 1427 spectra (1084.93 m/z to 1130.85 m/z)
Completed merging 1161 spectra (1130.90 m/z to 1176.72 m/z)
Completed merging 693 spectra (1176.82 m/z to 1222.90 m/z)
Completed merging 707 spectra (1222.92 m/z to 1268.66 m/z)
Completed merging 471 spectra (1268.80 m/z to 1314.61 m/z)
Completed merging 317 spectra (1314.70 m/z to 1360.40 m/z)
Completed merging 282 spectra (1360.66 m/z to 1406.71 m/z)
Completed merging 167 spectra (1407.00 m/z to 1450.16 m/z)
Completed merging 142 spectra (1450.70 m/z to 1498.25 m/z)
Completed merging 376 spectra (1498.71 m/z to 1544.61 m/z)
Completed merging 340 spectra (1544.79 m/z to 1590.79 m/z)
Completed merging 152 spectra (1590.88 m/z to 1636.32 m/z)
Completed merging 10 spectra (1636.73 m/z to 1647.73 m/z)
Converting results to .clustering format...
10000 clusters successfully written to my_clustering_result.clustering
20000 clusters successfully written to my_clustering_result.clustering
30000 clusters successfully written to my_clustering_result.clustering
40000 clusters successfully written to my_clustering_result.clustering
50000 clusters successfully written to my_clustering_result.clustering
60000 clusters successfully written to my_clustering_result.clustering
70000 clusters successfully written to my_clustering_result.clustering
73794 clusters successfully written to my_clustering_result.clustering
Clustering elapsed: 54.83235961799945
Total elapsed time: 80.4573240809992
