Using CPUID GenuineIntel-6-4F-1
Compression enabled, disabling build id collection at the end of the session.
path: /home/user/bio/MS-Tools/msCRUSH/profiling/r000hs/data.0
basename: 29600.perf
nr_cblocks: 0
affinity: SYS
mmap flush: 1
comp level: 1
Problems creating module maps, continuing anyway...
mmap size 528384B
thread 0 monitor: 0 allowed: 0
thread 1 monitor: 1 allowed: 1
thread 2 monitor: 2 allowed: 2
thread 3 monitor: 3 allowed: 3
thread 4 monitor: 4 allowed: 4
thread 5 monitor: 5 allowed: 5
thread 6 monitor: 6 allowed: 6
thread 7 monitor: 7 allowed: 7
thread 8 monitor: 8 allowed: 8
thread 9 monitor: 9 allowed: 9
thread 10 monitor: 10 allowed: 10
thread 11 monitor: 11 allowed: 11
thread 12 monitor: 12 allowed: 12
thread 13 monitor: 13 allowed: 13
thread 14 monitor: 14 allowed: 14
thread 15 monitor: 15 allowed: 15
cmd_pipe: /tmp/amplxe-tmp-user/perf-pipe-29591-73092830824722160

29609:perf-sync:ready:TSC=73092831276963536
[ perf record: Woken up 100832 times to write data ]
[ perf record: Captured and wrote 4.990 MB /home/user/bio/MS-Tools/msCRUSH/profiling/r000hs/data.0, compressed (original 27.999 MB, ratio is 5.625) ]
