10 [139797470676864] INFO perfrun.launcher <> - Launcher main begin
11 [139797470676864] INFO perfrun.launcher <> - MessageCatalogInit finished
11 [139797470676864] INFO perfrun.launcher <> - Launcher instance created
11 [139797470676864] INFO perfrun.launcher <> - argc = 7; cmdline = /opt/intel/oneapi/vtune/2021.5.0/bin64/amplxe-runss --ui-output-format xml --ui-output-fd 5 --option-file /home/user/bio/MS-Tools/msCRUSH/profiling/r000hs/config/runsa.options 
79 [139797470676864] INFO perfrun.launcher <> - create msngr2::ICliToolContext
79 [139797470676864] INFO perfrun.launcher <> - create file finder object
79 [139797470676864] INFO perfrun.launcher <> - create a result directory: pattern = /home/user/bio/MS-Tools/msCRUSH/profiling/r000hs pid = 4294967295
80 [139797470676864] INFO perfrun.sdk <> - checked that the directory /home/user/bio/MS-Tools/msCRUSH/profiling/r000hs is a local directory
80 [139797470676864] INFO perfrun.sdk <> - the directory /home/user/bio/MS-Tools/msCRUSH/profiling/r000hs is a local directory with FS type ID 1481003842
165 [139797470676864] INFO perfrun.launcher <> - create data directory = /home/user/bio/MS-Tools/msCRUSH/profiling/r000hs/data.0
165 [139797470676864] INFO perfrun.launcher <> - Creating the master collection flag
295 [139797470676864] INFO perfrun.launcher <> - Done creating the master collection flag
297 [139797330523904] INFO perfrun.launcher <> - plugin [remoteplug] was disabled because it doesn't support the given collection type.
298 [139797330523904] INFO perfrun.sdk <> - Allocating TMU :/home/user/bio/MS-Tools/msCRUSH/profiling/r000hs/data.0/systemcollector-29591-designlab.sc
298 [139797330523904] INFO perfrun.launcher <> - plugin [ptracecollector] was disabled because it doesn't support the given collection type.
298 [139797330523904] INFO perfrun.launcher <> - plugin [gpu] was disabled because it doesn't support the given collection type.
298 [139797330523904] INFO perfrun.launcher <> - plugin [] was disabled because it doesn't support the given collection type.
298 [139797330523904] INFO perfrun.launcher <> - plugin [] was disabled because it doesn't support the given collection type.
298 [139797330523904] INFO perfrun.launcher <> - plugin [] was disabled because it doesn't support the given collection type.
298 [139797330523904] INFO perfrun.mrte <> - system-wide mode is 0
298 [139797330523904] INFO perfrun.mrte <> - Getting  mrte profiling environment ...
325 [139797330523904] INFO perfrun.mrte <> - INTEL_MRTE_DATA_DIR=/home/user/bio/MS-Tools/msCRUSH/profiling/r000hs/data.0
325 [139797330523904] INFO perfrun.mrte <> - INTEL_MRTE_HOST_NAME=designlab
325 [139797330523904] INFO perfrun.mrte <> - JAVA_TOOL_OPTIONS=-agentlib:amplxe_samplingmrte_javaprof_1.0 -Dsun.boot.library.path=/opt/intel/oneapi/vtune/2021.5.0/lib32/runtime:/opt/intel/oneapi/vtune/2021.5.0/lib64/runtime
325 [139797330523904] INFO perfrun.mrte <> - CORECLR_ENABLE_PROFILING=1
325 [139797330523904] INFO perfrun.mrte <> - CORECLR_PROFILER={AA5E4821-E3B1-479c-B7FF-5AD047D22CED}
325 [139797330523904] INFO perfrun.mrte <> - CORECLR_PROFILER_PATH=/opt/intel/oneapi/vtune/2021.5.0/lib64/libamplxe_samplingmrte_clrprof_1.0.so
325 [139797330523904] INFO perfrun.mrte <> - INTEL_MRTE_PROFILER_MODE=mixed
325 [139797330523904] INFO perfrun.mrte <> - Data directory: /home/user/bio/MS-Tools/msCRUSH/profiling/r000hs/data.0
325 [139797330523904] INFO perfrun.mrte <> - Mrte plugin is initialized
325 [139797330523904] INFO perfrun.launcher <> - plugin [emon] was disabled because it doesn't support the given collection type.
325 [139797330523904] INFO perfrun.launcher <> - plugin [cuscol] was disabled because it doesn't support the given collection type.
325 [139797330523904] INFO perfrun.launcher <> - plugin [stdsrc] was disabled because it doesn't support the given collection type.
325 [139797330523904] INFO perfrun.launcher <> - plugin [sep] was disabled because it doesn't support the given collection type.
325 [139797330523904] INFO perfrun.launcher <> - plugin [vtsspp] was disabled because it doesn't support the given collection type.
325 [139797330523904] INFO perfrun.sdk <> - Reading value (2) from file: /proc/sys/kernel/perf_event_paranoid
325 [139797330523904] INFO perfrun.perfcollector <> - checking access to: /opt/intel/oneapi/vtune/2021.5.0/bin64/amplxe-perf-priv
327 [139797330523904] INFO perfrun.perfcollector <> - cpu: family = 6 model = 79
327 [139797330523904] INFO perfrun.perfcollector <> - dir found : /sys/bus/event_source/devices/software
327 [139797330523904] WARN perfrun.perfcollector <> - format subdir doesn't exist, at file: vcs/perfrun1/plugins/perfcollector/src/controller.cpp:726
327 [139797330523904] WARN perfrun.perfcollector <> - pmu hwInfo is not set; pmuFam : software, at file: vcs/perfrun1/plugins/perfcollector/src/controller.cpp:825
327 [139797330523904] INFO perfrun.perfcollector <> - pmu added : family : software , id : 0
327 [139797330523904] INFO perfrun.perfcollector <> - dir found : /sys/bus/event_source/devices/uncore_imc_3
327 [139797330523904] INFO perfrun.perfcollector <> - format: event config:0-7 mask:0-7
327 [139797330523904] INFO perfrun.perfcollector <> - format: edge config:18 mask:18
327 [139797330523904] INFO perfrun.perfcollector <> - format: inv config:23 mask:23
327 [139797330523904] INFO perfrun.perfcollector <> - format: umask config:8-15 mask:8-15
327 [139797330523904] INFO perfrun.perfcollector <> - format: thresh config:24-31 mask:24-31
327 [139797330523904] INFO perfrun.perfcollector <> - hwInfo : PERF_IMC_PMU_DETAILS
327 [139797330523904] INFO perfrun.perfcollector <> - pmu added : family : uncore_imc , id : 3
327 [139797330523904] INFO perfrun.perfcollector <> - dir found : /sys/bus/event_source/devices/uncore_r2pcie
328 [139797330523904] INFO perfrun.perfcollector <> - format: event config:0-7 mask:0-7
328 [139797330523904] INFO perfrun.perfcollector <> - format: edge config:18 mask:18
328 [139797330523904] INFO perfrun.perfcollector <> - format: inv config:23 mask:23
328 [139797330523904] INFO perfrun.perfcollector <> - format: umask config:8-15 mask:8-15
328 [139797330523904] INFO perfrun.perfcollector <> - format: thresh config:24-31 mask:24-31
328 [139797330523904] WARN perfrun.perfcollector <> - pmu hwInfo is not set; pmuFam : uncore_r2pcie, at file: vcs/perfrun1/plugins/perfcollector/src/controller.cpp:825
328 [139797330523904] INFO perfrun.perfcollector <> - pmu added : family : uncore_r2pcie , id : 0
328 [139797330523904] INFO perfrun.perfcollector <> - dir found : /sys/bus/event_source/devices/uncore_cbox_6
328 [139797330523904] INFO perfrun.perfcollector <> - format: event config:0-7 mask:0-7
328 [139797330523904] INFO perfrun.perfcollector <> - format: filter_link config1:6-8 mask:6-8
328 [139797330523904] INFO perfrun.perfcollector <> - format: filter_c6 config1:61 mask:61
328 [139797330523904] INFO perfrun.perfcollector <> - format: edge config:18 mask:18
328 [139797330523904] INFO perfrun.perfcollector <> - format: filter_isoc config1:63 mask:63
328 [139797330523904] INFO perfrun.perfcollector <> - format: filter_tid config1:0-5 mask:0-5
328 [139797330523904] INFO perfrun.perfcollector <> - format: filter_nid config1:32-47 mask:32-47
328 [139797330523904] INFO perfrun.perfcollector <> - format: filter_nc config1:62 mask:62
328 [139797330523904] INFO perfrun.perfcollector <> - format: umask config:8-15 mask:8-15
328 [139797330523904] INFO perfrun.perfcollector <> - format: tid_en config:19 mask:19
328 [139797330523904] INFO perfrun.perfcollector <> - format: thresh config:24-31 mask:24-31
328 [139797330523904] INFO perfrun.perfcollector <> - format: filter_state config1:17-23 mask:17-23
328 [139797330523904] INFO perfrun.perfcollector <> - format: filter_opc config1:52-60 mask:52-60
328 [139797330523904] INFO perfrun.perfcollector <> - hwInfo : PERF_CBOX_PMU_DETAILS
328 [139797330523904] INFO perfrun.perfcollector <> - pmu added : family : uncore_cbox , id : 6
328 [139797330523904] INFO perfrun.perfcollector <> - dir found : /sys/bus/event_source/devices/uncore_imc_1
328 [139797330523904] INFO perfrun.perfcollector <> - format: event config:0-7 mask:0-7
328 [139797330523904] INFO perfrun.perfcollector <> - format: edge config:18 mask:18
328 [139797330523904] INFO perfrun.perfcollector <> - format: inv config:23 mask:23
328 [139797330523904] INFO perfrun.perfcollector <> - format: umask config:8-15 mask:8-15
328 [139797330523904] INFO perfrun.perfcollector <> - format: thresh config:24-31 mask:24-31
328 [139797330523904] INFO perfrun.perfcollector <> - hwInfo : PERF_IMC_PMU_DETAILS
328 [139797330523904] INFO perfrun.perfcollector <> - pmu added : family : uncore_imc , id : 1
328 [139797330523904] INFO perfrun.perfcollector <> - dir found : /sys/bus/event_source/devices/power
329 [139797330523904] INFO perfrun.perfcollector <> - format: event config:0-7 mask:0-7
329 [139797330523904] WARN perfrun.perfcollector <> - pmu hwInfo is not set; pmuFam : power, at file: vcs/perfrun1/plugins/perfcollector/src/controller.cpp:825
329 [139797330523904] INFO perfrun.perfcollector <> - pmu added : family : power , id : 0
329 [139797330523904] INFO perfrun.perfcollector <> - dir found : /sys/bus/event_source/devices/uncore_cbox_4
329 [139797330523904] INFO perfrun.perfcollector <> - format: event config:0-7 mask:0-7
329 [139797330523904] INFO perfrun.perfcollector <> - format: filter_link config1:6-8 mask:6-8
329 [139797330523904] INFO perfrun.perfcollector <> - format: filter_c6 config1:61 mask:61
329 [139797330523904] INFO perfrun.perfcollector <> - format: edge config:18 mask:18
329 [139797330523904] INFO perfrun.perfcollector <> - format: filter_isoc config1:63 mask:63
329 [139797330523904] INFO perfrun.perfcollector <> - format: filter_tid config1:0-5 mask:0-5
329 [139797330523904] INFO perfrun.perfcollector <> - format: filter_nid config1:32-47 mask:32-47
329 [139797330523904] INFO perfrun.perfcollector <> - format: filter_nc config1:62 mask:62
329 [139797330523904] INFO perfrun.perfcollector <> - format: umask config:8-15 mask:8-15
329 [139797330523904] INFO perfrun.perfcollector <> - format: tid_en config:19 mask:19
329 [139797330523904] INFO perfrun.perfcollector <> - format: thresh config:24-31 mask:24-31
329 [139797330523904] INFO perfrun.perfcollector <> - format: filter_state config1:17-23 mask:17-23
329 [139797330523904] INFO perfrun.perfcollector <> - format: filter_opc config1:52-60 mask:52-60
329 [139797330523904] INFO perfrun.perfcollector <> - hwInfo : PERF_CBOX_PMU_DETAILS
329 [139797330523904] INFO perfrun.perfcollector <> - pmu added : family : uncore_cbox , id : 4
329 [139797330523904] INFO perfrun.perfcollector <> - dir found : /sys/bus/event_source/devices/uprobe
329 [139797330523904] INFO perfrun.perfcollector <> - format: ref_ctr_offset config:32-63 mask:32-63
329 [139797330523904] INFO perfrun.perfcollector <> - format: retprobe config:0 mask:0
329 [139797330523904] WARN perfrun.perfcollector <> - pmu hwInfo is not set; pmuFam : uprobe, at file: vcs/perfrun1/plugins/perfcollector/src/controller.cpp:825
329 [139797330523904] INFO perfrun.perfcollector <> - pmu added : family : uprobe , id : 0
329 [139797330523904] INFO perfrun.perfcollector <> - dir found : /sys/bus/event_source/devices/cpu
329 [139797330523904] INFO perfrun.perfcollector <> - format: event config:0-7 mask:0-7
329 [139797330523904] INFO perfrun.perfcollector <> - format: pc config:19 mask:19
329 [139797330523904] INFO perfrun.perfcollector <> - format: in_tx config:32 mask:32
329 [139797330523904] INFO perfrun.perfcollector <> - format: edge config:18 mask:18
329 [139797330523904] INFO perfrun.perfcollector <> - format: any config:21 mask:21
330 [139797330523904] INFO perfrun.perfcollector <> - format: offcore_rsp config1:0-63 mask:0-63
330 [139797330523904] INFO perfrun.perfcollector <> - format: in_tx_cp config:33 mask:33
330 [139797330523904] INFO perfrun.perfcollector <> - format: ldlat config1:0-15 mask:0-15
330 [139797330523904] INFO perfrun.perfcollector <> - format: inv config:23 mask:23
330 [139797330523904] INFO perfrun.perfcollector <> - format: umask config:8-15 mask:8-15
330 [139797330523904] INFO perfrun.perfcollector <> - format: cmask config:24-31 mask:24-31
330 [139797330523904] INFO perfrun.perfcollector <> - hwInfo : PERF_CPU_PMU_DETAILS
330 [139797330523904] INFO perfrun.perfcollector <> - pmu added : family : cpu , id : 0
330 [139797330523904] INFO perfrun.perfcollector <> - dir found : /sys/bus/event_source/devices/uncore_r3qpi_0
330 [139797330523904] INFO perfrun.perfcollector <> - format: event config:0-7 mask:0-7
330 [139797330523904] INFO perfrun.perfcollector <> - format: edge config:18 mask:18
330 [139797330523904] INFO perfrun.perfcollector <> - format: inv config:23 mask:23
330 [139797330523904] INFO perfrun.perfcollector <> - format: umask config:8-15 mask:8-15
330 [139797330523904] INFO perfrun.perfcollector <> - format: thresh config:24-31 mask:24-31
330 [139797330523904] WARN perfrun.perfcollector <> - pmu hwInfo is not set; pmuFam : uncore_r3qpi, at file: vcs/perfrun1/plugins/perfcollector/src/controller.cpp:825
330 [139797330523904] INFO perfrun.perfcollector <> - pmu added : family : uncore_r3qpi , id : 0
330 [139797330523904] INFO perfrun.perfcollector <> - dir found : /sys/bus/event_source/devices/cstate_core
330 [139797330523904] INFO perfrun.perfcollector <> - format: event config:0-63 mask:0-63
330 [139797330523904] WARN perfrun.perfcollector <> - pmu hwInfo is not set; pmuFam : cstate_core, at file: vcs/perfrun1/plugins/perfcollector/src/controller.cpp:825
330 [139797330523904] INFO perfrun.perfcollector <> - pmu added : family : cstate_core , id : 0
330 [139797330523904] INFO perfrun.perfcollector <> - dir found : /sys/bus/event_source/devices/uncore_cbox_2
330 [139797330523904] INFO perfrun.perfcollector <> - format: event config:0-7 mask:0-7
330 [139797330523904] INFO perfrun.perfcollector <> - format: filter_link config1:6-8 mask:6-8
330 [139797330523904] INFO perfrun.perfcollector <> - format: filter_c6 config1:61 mask:61
330 [139797330523904] INFO perfrun.perfcollector <> - format: edge config:18 mask:18
330 [139797330523904] INFO perfrun.perfcollector <> - format: filter_isoc config1:63 mask:63
330 [139797330523904] INFO perfrun.perfcollector <> - format: filter_tid config1:0-5 mask:0-5
330 [139797330523904] INFO perfrun.perfcollector <> - format: filter_nid config1:32-47 mask:32-47
330 [139797330523904] INFO perfrun.perfcollector <> - format: filter_nc config1:62 mask:62
330 [139797330523904] INFO perfrun.perfcollector <> - format: umask config:8-15 mask:8-15
330 [139797330523904] INFO perfrun.perfcollector <> - format: tid_en config:19 mask:19
330 [139797330523904] INFO perfrun.perfcollector <> - format: thresh config:24-31 mask:24-31
330 [139797330523904] INFO perfrun.perfcollector <> - format: filter_state config1:17-23 mask:17-23
330 [139797330523904] INFO perfrun.perfcollector <> - format: filter_opc config1:52-60 mask:52-60
330 [139797330523904] INFO perfrun.perfcollector <> - hwInfo : PERF_CBOX_PMU_DETAILS
330 [139797330523904] INFO perfrun.perfcollector <> - pmu added : family : uncore_cbox , id : 2
330 [139797330523904] INFO perfrun.perfcollector <> - dir found : /sys/bus/event_source/devices/breakpoint
330 [139797330523904] WARN perfrun.perfcollector <> - format subdir doesn't exist, at file: vcs/perfrun1/plugins/perfcollector/src/controller.cpp:726
331 [139797330523904] WARN perfrun.perfcollector <> - pmu hwInfo is not set; pmuFam : breakpoint, at file: vcs/perfrun1/plugins/perfcollector/src/controller.cpp:825
331 [139797330523904] INFO perfrun.perfcollector <> - pmu added : family : breakpoint , id : 0
331 [139797330523904] INFO perfrun.perfcollector <> - dir found : /sys/bus/event_source/devices/uncore_ha_0
331 [139797330523904] INFO perfrun.perfcollector <> - format: event config:0-7 mask:0-7
331 [139797330523904] INFO perfrun.perfcollector <> - format: edge config:18 mask:18
331 [139797330523904] INFO perfrun.perfcollector <> - format: inv config:23 mask:23
331 [139797330523904] INFO perfrun.perfcollector <> - format: umask config:8-15 mask:8-15
331 [139797330523904] INFO perfrun.perfcollector <> - format: thresh config:24-31 mask:24-31
331 [139797330523904] WARN perfrun.perfcollector <> - pmu hwInfo is not set; pmuFam : uncore_ha, at file: vcs/perfrun1/plugins/perfcollector/src/controller.cpp:825
331 [139797330523904] INFO perfrun.perfcollector <> - pmu added : family : uncore_ha , id : 0
331 [139797330523904] INFO perfrun.perfcollector <> - dir found : /sys/bus/event_source/devices/uncore_cbox_0
331 [139797330523904] INFO perfrun.perfcollector <> - format: event config:0-7 mask:0-7
331 [139797330523904] INFO perfrun.perfcollector <> - format: filter_link config1:6-8 mask:6-8
331 [139797330523904] INFO perfrun.perfcollector <> - format: filter_c6 config1:61 mask:61
331 [139797330523904] INFO perfrun.perfcollector <> - format: edge config:18 mask:18
331 [139797330523904] INFO perfrun.perfcollector <> - format: filter_isoc config1:63 mask:63
331 [139797330523904] INFO perfrun.perfcollector <> - format: filter_tid config1:0-5 mask:0-5
331 [139797330523904] INFO perfrun.perfcollector <> - format: filter_nid config1:32-47 mask:32-47
331 [139797330523904] INFO perfrun.perfcollector <> - format: filter_nc config1:62 mask:62
331 [139797330523904] INFO perfrun.perfcollector <> - format: umask config:8-15 mask:8-15
331 [139797330523904] INFO perfrun.perfcollector <> - format: tid_en config:19 mask:19
331 [139797330523904] INFO perfrun.perfcollector <> - format: thresh config:24-31 mask:24-31
331 [139797330523904] INFO perfrun.perfcollector <> - format: filter_state config1:17-23 mask:17-23
331 [139797330523904] INFO perfrun.perfcollector <> - format: filter_opc config1:52-60 mask:52-60
331 [139797330523904] INFO perfrun.perfcollector <> - hwInfo : PERF_CBOX_PMU_DETAILS
331 [139797330523904] INFO perfrun.perfcollector <> - pmu added : family : uncore_cbox , id : 0
331 [139797330523904] INFO perfrun.perfcollector <> - dir found : /sys/bus/event_source/devices/tracepoint
331 [139797330523904] WARN perfrun.perfcollector <> - format subdir doesn't exist, at file: vcs/perfrun1/plugins/perfcollector/src/controller.cpp:726
331 [139797330523904] WARN perfrun.perfcollector <> - pmu hwInfo is not set; pmuFam : tracepoint, at file: vcs/perfrun1/plugins/perfcollector/src/controller.cpp:825
331 [139797330523904] INFO perfrun.perfcollector <> - pmu added : family : tracepoint , id : 0
331 [139797330523904] INFO perfrun.perfcollector <> - dir found : /sys/bus/event_source/devices/cstate_pkg
331 [139797330523904] INFO perfrun.perfcollector <> - format: event config:0-63 mask:0-63
331 [139797330523904] WARN perfrun.perfcollector <> - pmu hwInfo is not set; pmuFam : cstate_pkg, at file: vcs/perfrun1/plugins/perfcollector/src/controller.cpp:825
331 [139797330523904] INFO perfrun.perfcollector <> - pmu added : family : cstate_pkg , id : 0
331 [139797330523904] INFO perfrun.perfcollector <> - dir found : /sys/bus/event_source/devices/uncore_imc_4
331 [139797330523904] INFO perfrun.perfcollector <> - format: event config:0-7 mask:0-7
331 [139797330523904] INFO perfrun.perfcollector <> - format: edge config:18 mask:18
331 [139797330523904] INFO perfrun.perfcollector <> - format: inv config:23 mask:23
331 [139797330523904] INFO perfrun.perfcollector <> - format: umask config:8-15 mask:8-15
332 [139797330523904] INFO perfrun.perfcollector <> - format: thresh config:24-31 mask:24-31
332 [139797330523904] INFO perfrun.perfcollector <> - hwInfo : PERF_IMC_PMU_DETAILS
332 [139797330523904] INFO perfrun.perfcollector <> - pmu added : family : uncore_imc , id : 4
332 [139797330523904] INFO perfrun.perfcollector <> - dir found : /sys/bus/event_source/devices/uncore_ubox
332 [139797330523904] INFO perfrun.perfcollector <> - format: event config:0-7 mask:0-7
332 [139797330523904] INFO perfrun.perfcollector <> - format: edge config:18 mask:18
332 [139797330523904] INFO perfrun.perfcollector <> - format: inv config:23 mask:23
332 [139797330523904] INFO perfrun.perfcollector <> - format: umask config:8-15 mask:8-15
332 [139797330523904] INFO perfrun.perfcollector <> - format: thresh config:24-28 mask:24-28
332 [139797330523904] WARN perfrun.perfcollector <> - pmu hwInfo is not set; pmuFam : uncore_ubox, at file: vcs/perfrun1/plugins/perfcollector/src/controller.cpp:825
332 [139797330523904] INFO perfrun.perfcollector <> - pmu added : family : uncore_ubox , id : 0
332 [139797330523904] INFO perfrun.perfcollector <> - dir found : /sys/bus/event_source/devices/uncore_cbox_7
332 [139797330523904] INFO perfrun.perfcollector <> - format: event config:0-7 mask:0-7
332 [139797330523904] INFO perfrun.perfcollector <> - format: filter_link config1:6-8 mask:6-8
332 [139797330523904] INFO perfrun.perfcollector <> - format: filter_c6 config1:61 mask:61
332 [139797330523904] INFO perfrun.perfcollector <> - format: edge config:18 mask:18
332 [139797330523904] INFO perfrun.perfcollector <> - format: filter_isoc config1:63 mask:63
332 [139797330523904] INFO perfrun.perfcollector <> - format: filter_tid config1:0-5 mask:0-5
332 [139797330523904] INFO perfrun.perfcollector <> - format: filter_nid config1:32-47 mask:32-47
332 [139797330523904] INFO perfrun.perfcollector <> - format: filter_nc config1:62 mask:62
332 [139797330523904] INFO perfrun.perfcollector <> - format: umask config:8-15 mask:8-15
332 [139797330523904] INFO perfrun.perfcollector <> - format: tid_en config:19 mask:19
332 [139797330523904] INFO perfrun.perfcollector <> - format: thresh config:24-31 mask:24-31
332 [139797330523904] INFO perfrun.perfcollector <> - format: filter_state config1:17-23 mask:17-23
332 [139797330523904] INFO perfrun.perfcollector <> - format: filter_opc config1:52-60 mask:52-60
332 [139797330523904] INFO perfrun.perfcollector <> - hwInfo : PERF_CBOX_PMU_DETAILS
332 [139797330523904] INFO perfrun.perfcollector <> - pmu added : family : uncore_cbox , id : 7
332 [139797330523904] INFO perfrun.perfcollector <> - dir found : /sys/bus/event_source/devices/uncore_imc_2
332 [139797330523904] INFO perfrun.perfcollector <> - format: event config:0-7 mask:0-7
332 [139797330523904] INFO perfrun.perfcollector <> - format: edge config:18 mask:18
332 [139797330523904] INFO perfrun.perfcollector <> - format: inv config:23 mask:23
332 [139797330523904] INFO perfrun.perfcollector <> - format: umask config:8-15 mask:8-15
332 [139797330523904] INFO perfrun.perfcollector <> - format: thresh config:24-31 mask:24-31
332 [139797330523904] INFO perfrun.perfcollector <> - hwInfo : PERF_IMC_PMU_DETAILS
332 [139797330523904] INFO perfrun.perfcollector <> - pmu added : family : uncore_imc , id : 2
332 [139797330523904] INFO perfrun.perfcollector <> - dir found : /sys/bus/event_source/devices/kprobe
332 [139797330523904] INFO perfrun.perfcollector <> - format: retprobe config:0 mask:0
332 [139797330523904] WARN perfrun.perfcollector <> - pmu hwInfo is not set; pmuFam : kprobe, at file: vcs/perfrun1/plugins/perfcollector/src/controller.cpp:825
333 [139797330523904] INFO perfrun.perfcollector <> - pmu added : family : kprobe , id : 0
333 [139797330523904] INFO perfrun.perfcollector <> - dir found : /sys/bus/event_source/devices/uncore_cbox_5
333 [139797330523904] INFO perfrun.perfcollector <> - format: event config:0-7 mask:0-7
333 [139797330523904] INFO perfrun.perfcollector <> - format: filter_link config1:6-8 mask:6-8
333 [139797330523904] INFO perfrun.perfcollector <> - format: filter_c6 config1:61 mask:61
333 [139797330523904] INFO perfrun.perfcollector <> - format: edge config:18 mask:18
333 [139797330523904] INFO perfrun.perfcollector <> - format: filter_isoc config1:63 mask:63
333 [139797330523904] INFO perfrun.perfcollector <> - format: filter_tid config1:0-5 mask:0-5
333 [139797330523904] INFO perfrun.perfcollector <> - format: filter_nid config1:32-47 mask:32-47
333 [139797330523904] INFO perfrun.perfcollector <> - format: filter_nc config1:62 mask:62
333 [139797330523904] INFO perfrun.perfcollector <> - format: umask config:8-15 mask:8-15
333 [139797330523904] INFO perfrun.perfcollector <> - format: tid_en config:19 mask:19
333 [139797330523904] INFO perfrun.perfcollector <> - format: thresh config:24-31 mask:24-31
333 [139797330523904] INFO perfrun.perfcollector <> - format: filter_state config1:17-23 mask:17-23
333 [139797330523904] INFO perfrun.perfcollector <> - format: filter_opc config1:52-60 mask:52-60
333 [139797330523904] INFO perfrun.perfcollector <> - hwInfo : PERF_CBOX_PMU_DETAILS
333 [139797330523904] INFO perfrun.perfcollector <> - pmu added : family : uncore_cbox , id : 5
333 [139797330523904] INFO perfrun.perfcollector <> - dir found : /sys/bus/event_source/devices/uncore_imc_0
333 [139797330523904] INFO perfrun.perfcollector <> - format: event config:0-7 mask:0-7
333 [139797330523904] INFO perfrun.perfcollector <> - format: edge config:18 mask:18
333 [139797330523904] INFO perfrun.perfcollector <> - format: inv config:23 mask:23
333 [139797330523904] INFO perfrun.perfcollector <> - format: umask config:8-15 mask:8-15
333 [139797330523904] INFO perfrun.perfcollector <> - format: thresh config:24-31 mask:24-31
333 [139797330523904] INFO perfrun.perfcollector <> - hwInfo : PERF_IMC_PMU_DETAILS
333 [139797330523904] INFO perfrun.perfcollector <> - pmu added : family : uncore_imc , id : 0
333 [139797330523904] INFO perfrun.perfcollector <> - dir found : /sys/bus/event_source/devices/uncore_pcu
333 [139797330523904] INFO perfrun.perfcollector <> - format: filter_band2 config1:16-23 mask:16-23
333 [139797330523904] INFO perfrun.perfcollector <> - format: event config:0-7 mask:0-7
333 [139797330523904] INFO perfrun.perfcollector <> - format: filter_band0 config1:0-7 mask:0-7
333 [139797330523904] INFO perfrun.perfcollector <> - format: edge config:18 mask:18
333 [139797330523904] INFO perfrun.perfcollector <> - format: occ_invert config:30 mask:30
333 [139797330523904] INFO perfrun.perfcollector <> - format: occ_edge config:14-51 mask:14-51
333 [139797330523904] INFO perfrun.perfcollector <> - format: filter_band3 config1:24-31 mask:24-31
333 [139797330523904] INFO perfrun.perfcollector <> - format: filter_band1 config1:8-15 mask:8-15
333 [139797330523904] INFO perfrun.perfcollector <> - format: inv config:23 mask:23
333 [139797330523904] INFO perfrun.perfcollector <> - format: thresh config:24-28 mask:24-28
333 [139797330523904] INFO perfrun.perfcollector <> - format: occ_sel config:14-15 mask:14-15
334 [139797330523904] WARN perfrun.perfcollector <> - pmu hwInfo is not set; pmuFam : uncore_pcu, at file: vcs/perfrun1/plugins/perfcollector/src/controller.cpp:825
334 [139797330523904] INFO perfrun.perfcollector <> - pmu added : family : uncore_pcu , id : 0
334 [139797330523904] INFO perfrun.perfcollector <> - dir found : /sys/bus/event_source/devices/uncore_r3qpi_1
334 [139797330523904] INFO perfrun.perfcollector <> - format: event config:0-7 mask:0-7
334 [139797330523904] INFO perfrun.perfcollector <> - format: edge config:18 mask:18
334 [139797330523904] INFO perfrun.perfcollector <> - format: inv config:23 mask:23
334 [139797330523904] INFO perfrun.perfcollector <> - format: umask config:8-15 mask:8-15
334 [139797330523904] INFO perfrun.perfcollector <> - format: thresh config:24-31 mask:24-31
334 [139797330523904] WARN perfrun.perfcollector <> - pmu hwInfo is not set; pmuFam : uncore_r3qpi, at file: vcs/perfrun1/plugins/perfcollector/src/controller.cpp:825
334 [139797330523904] INFO perfrun.perfcollector <> - pmu added : family : uncore_r3qpi , id : 1
334 [139797330523904] INFO perfrun.perfcollector <> - dir found : /sys/bus/event_source/devices/msr
334 [139797330523904] INFO perfrun.perfcollector <> - format: event config:0-63 mask:0-63
334 [139797330523904] WARN perfrun.perfcollector <> - pmu hwInfo is not set; pmuFam : msr, at file: vcs/perfrun1/plugins/perfcollector/src/controller.cpp:825
334 [139797330523904] INFO perfrun.perfcollector <> - pmu added : family : msr , id : 0
334 [139797330523904] INFO perfrun.perfcollector <> - dir found : /sys/bus/event_source/devices/uncore_cbox_3
334 [139797330523904] INFO perfrun.perfcollector <> - format: event config:0-7 mask:0-7
334 [139797330523904] INFO perfrun.perfcollector <> - format: filter_link config1:6-8 mask:6-8
334 [139797330523904] INFO perfrun.perfcollector <> - format: filter_c6 config1:61 mask:61
334 [139797330523904] INFO perfrun.perfcollector <> - format: edge config:18 mask:18
334 [139797330523904] INFO perfrun.perfcollector <> - format: filter_isoc config1:63 mask:63
334 [139797330523904] INFO perfrun.perfcollector <> - format: filter_tid config1:0-5 mask:0-5
334 [139797330523904] INFO perfrun.perfcollector <> - format: filter_nid config1:32-47 mask:32-47
334 [139797330523904] INFO perfrun.perfcollector <> - format: filter_nc config1:62 mask:62
334 [139797330523904] INFO perfrun.perfcollector <> - format: umask config:8-15 mask:8-15
334 [139797330523904] INFO perfrun.perfcollector <> - format: tid_en config:19 mask:19
334 [139797330523904] INFO perfrun.perfcollector <> - format: thresh config:24-31 mask:24-31
334 [139797330523904] INFO perfrun.perfcollector <> - format: filter_state config1:17-23 mask:17-23
334 [139797330523904] INFO perfrun.perfcollector <> - format: filter_opc config1:52-60 mask:52-60
334 [139797330523904] INFO perfrun.perfcollector <> - hwInfo : PERF_CBOX_PMU_DETAILS
334 [139797330523904] INFO perfrun.perfcollector <> - pmu added : family : uncore_cbox , id : 3
334 [139797330523904] INFO perfrun.perfcollector <> - dir found : /sys/bus/event_source/devices/intel_pt
334 [139797330523904] INFO perfrun.perfcollector <> - format: ptw config:12 mask:12
334 [139797330523904] INFO perfrun.perfcollector <> - format: cyc_thresh config:19-22 mask:19-22
334 [139797330523904] INFO perfrun.perfcollector <> - format: pt config:0 mask:0
334 [139797330523904] INFO perfrun.perfcollector <> - format: branch config:13 mask:13
334 [139797330523904] INFO perfrun.perfcollector <> - format: tsc config:10 mask:10
335 [139797330523904] INFO perfrun.perfcollector <> - format: pwr_evt config:4 mask:4
335 [139797330523904] INFO perfrun.perfcollector <> - format: fup_on_ptw config:5 mask:5
335 [139797330523904] INFO perfrun.perfcollector <> - format: cyc config:1 mask:1
335 [139797330523904] INFO perfrun.perfcollector <> - format: noretcomp config:11 mask:11
335 [139797330523904] INFO perfrun.perfcollector <> - format: mtc config:9 mask:9
335 [139797330523904] INFO perfrun.perfcollector <> - format: psb_period config:24-27 mask:24-27
335 [139797330523904] INFO perfrun.perfcollector <> - format: mtc_period config:14-17 mask:14-17
335 [139797330523904] WARN perfrun.perfcollector <> - pmu hwInfo is not set; pmuFam : intel_pt, at file: vcs/perfrun1/plugins/perfcollector/src/controller.cpp:825
335 [139797330523904] INFO perfrun.perfcollector <> - pmu added : family : intel_pt , id : 0
335 [139797330523904] INFO perfrun.perfcollector <> - dir found : /sys/bus/event_source/devices/uncore_cbox_1
335 [139797330523904] INFO perfrun.perfcollector <> - format: event config:0-7 mask:0-7
335 [139797330523904] INFO perfrun.perfcollector <> - format: filter_link config1:6-8 mask:6-8
335 [139797330523904] INFO perfrun.perfcollector <> - format: filter_c6 config1:61 mask:61
335 [139797330523904] INFO perfrun.perfcollector <> - format: edge config:18 mask:18
335 [139797330523904] INFO perfrun.perfcollector <> - format: filter_isoc config1:63 mask:63
335 [139797330523904] INFO perfrun.perfcollector <> - format: filter_tid config1:0-5 mask:0-5
335 [139797330523904] INFO perfrun.perfcollector <> - format: filter_nid config1:32-47 mask:32-47
335 [139797330523904] INFO perfrun.perfcollector <> - format: filter_nc config1:62 mask:62
335 [139797330523904] INFO perfrun.perfcollector <> - format: umask config:8-15 mask:8-15
335 [139797330523904] INFO perfrun.perfcollector <> - format: tid_en config:19 mask:19
335 [139797330523904] INFO perfrun.perfcollector <> - format: thresh config:24-31 mask:24-31
335 [139797330523904] INFO perfrun.perfcollector <> - format: filter_state config1:17-23 mask:17-23
335 [139797330523904] INFO perfrun.perfcollector <> - format: filter_opc config1:52-60 mask:52-60
335 [139797330523904] INFO perfrun.perfcollector <> - hwInfo : PERF_CBOX_PMU_DETAILS
335 [139797330523904] INFO perfrun.perfcollector <> - pmu added : family : uncore_cbox , id : 1
335 [139797330523904] INFO perfrun.perfcollector <> - AIO blocks = 0
335 [139797330523904] INFO perfrun.perfcollector <> - compression level = 1
335 [139797330523904] INFO perfrun.perfcollector <> - Perf threads mode = CPU
335 [139797330523904] INFO perfrun.perfcollector <> - No MPI detected-1
335 [139797330523904] WARN perfrun.launcher <> - Messenger::say: To profile kernel modules during the session, make sure they are available in the /lib/modules/kernel_version/ location.
335 [139797330523904] INFO perfrun.sdk <> - runCmd: "/opt/intel/oneapi/vtune/2021.5.0/bin64/sep" -dry-run -sam 5 -ec "CPU_CLK_UNHALTED.THREAD:sa=3200000,CPU_CLK_UNHALTED.REF_TSC:sample:sa=3200000,INST_RETIRED.ANY:sample:sa=3200000,CPU_CLK_UNHALTED.REF_XCLK:sa=100003,CPU_CLK_UNHALTED.ONE_THREAD_ACTIVE:sa=100003,UOPS_RETIRED.RETIRE_SLOTS:sample:sa=2000003,FP_ARITH_INST_RETIRED.SCALAR_SINGLE:sa=2000003,FP_ARITH_INST_RETIRED.128B_PACKED_SINGLE:sa=2000003,FP_ARITH_INST_RETIRED.256B_PACKED_SINGLE:sa=2000003,FP_ARITH_INST_RETIRED.SCALAR_DOUBLE:sa=2000003,FP_ARITH_INST_RETIRED.128B_PACKED_DOUBLE:sa=2000003,FP_ARITH_INST_RETIRED.256B_PACKED_DOUBLE:sa=2000003,INST_RETIRED.X87:sa=2000003" -experimental
376 [139797330523904] INFO perfrun.perfcollector <> - SepDryRun RC = true
376 [139797330523904] INFO perfrun.perfcollector <> - DRY_RUN : "PMU type: Core (core)"
378 [139797330523904] INFO perfrun.perfcollector <> - pmu type : cpu
378 [139797330523904] INFO perfrun.perfcollector <> - DRY_RUN : "Group 0:"
378 [139797330523904] INFO perfrun.perfcollector <> - id : 0
378 [139797330523904] INFO perfrun.perfcollector <> - DRY_RUN : "INST_RETIRED.ANY: event id 2"
378 [139797330523904] INFO perfrun.perfcollector <> - eventName : INST_RETIRED.ANY , eventId : 2
378 [139797330523904] INFO perfrun.perfcollector <> - DRY_RUN : "CPU_CLK_UNHALTED.THREAD: event id 0"
378 [139797330523904] INFO perfrun.perfcollector <> - eventName : CPU_CLK_UNHALTED.THREAD , eventId : 0
378 [139797330523904] INFO perfrun.perfcollector <> - DRY_RUN : "CPU_CLK_UNHALTED.REF_TSC: event id 1"
378 [139797330523904] INFO perfrun.perfcollector <> - eventName : CPU_CLK_UNHALTED.REF_TSC , eventId : 1
378 [139797330523904] INFO perfrun.perfcollector <> - DRY_RUN : "CPU_CLK_UNHALTED.REF_XCLK: event id 3"
378 [139797330523904] INFO perfrun.perfcollector <> - eventName : CPU_CLK_UNHALTED.REF_XCLK , eventId : 3
378 [139797330523904] INFO perfrun.perfcollector <> - DRY_RUN : "CPU_CLK_UNHALTED.ONE_THREAD_ACTIVE: event id 4"
378 [139797330523904] INFO perfrun.perfcollector <> - eventName : CPU_CLK_UNHALTED.ONE_THREAD_ACTIVE , eventId : 4
378 [139797330523904] INFO perfrun.perfcollector <> - DRY_RUN : "UOPS_RETIRED.RETIRE_SLOTS: event id 5"
378 [139797330523904] INFO perfrun.perfcollector <> - eventName : UOPS_RETIRED.RETIRE_SLOTS , eventId : 5
378 [139797330523904] INFO perfrun.perfcollector <> - DRY_RUN : "FP_ARITH_INST_RETIRED.SCALAR_SINGLE: event id 6"
378 [139797330523904] INFO perfrun.perfcollector <> - eventName : FP_ARITH_INST_RETIRED.SCALAR_SINGLE , eventId : 6
378 [139797330523904] INFO perfrun.perfcollector <> - DRY_RUN : "CCCR"
378 [139797330523904] INFO perfrun.perfcollector <> - DRY_RUN : "reg_type       = 1	event_id       = g	reg_id         = 38f	reg_value      = 70000000f"
378 [139797330523904] INFO perfrun.perfcollector <> - eventId : g, skip parsing event_id
378 [139797330523904] INFO perfrun.perfcollector <> - groupId : 0 , eventId : 4294967295 , cccrAddr : 38f , cccrVal : 70000000f
378 [139797330523904] WARN perfrun.perfcollector <> - eventId : 4294967295 , cccrAddr : 38f is outside of evsel range [186-18d] , ignored  , pmuDesc.name : cpu, at file: vcs/perfrun1/plugins/perfcollector/src/event_manager.cpp:802
378 [139797330523904] INFO perfrun.perfcollector <> - DRY_RUN : "reg_type       = 1	event_id       = g	reg_id         = 390	reg_value      = 70000000f"
378 [139797330523904] INFO perfrun.perfcollector <> - eventId : g, skip parsing event_id
378 [139797330523904] INFO perfrun.perfcollector <> - groupId : 0 , eventId : 4294967295 , cccrAddr : 390 , cccrVal : 70000000f
378 [139797330523904] WARN perfrun.perfcollector <> - eventId : 4294967295 , cccrAddr : 390 is outside of evsel range [186-18d] , ignored  , pmuDesc.name : cpu, at file: vcs/perfrun1/plugins/perfcollector/src/event_manager.cpp:802
378 [139797330523904] INFO perfrun.perfcollector <> - DRY_RUN : "reg_type       = 1	event_id       = g	reg_id         = 3f1	reg_value      = 0"
378 [139797330523904] INFO perfrun.perfcollector <> - eventId : g, skip parsing event_id
378 [139797330523904] INFO perfrun.perfcollector <> - groupId : 0 , eventId : 4294967295 , cccrAddr : 3f1 , cccrVal : 0
378 [139797330523904] WARN perfrun.perfcollector <> - eventId : 4294967295 , cccrAddr : 3f1 is outside of evsel range [186-18d] , ignored  , pmuDesc.name : cpu, at file: vcs/perfrun1/plugins/perfcollector/src/event_manager.cpp:802
378 [139797330523904] INFO perfrun.perfcollector <> - DRY_RUN : "reg_type       = 1	event_id       = g	reg_id         = 1d9	reg_value      = 1800"
378 [139797330523904] INFO perfrun.perfcollector <> - eventId : g, skip parsing event_id
378 [139797330523904] INFO perfrun.perfcollector <> - groupId : 0 , eventId : 4294967295 , cccrAddr : 1d9 , cccrVal : 1800
378 [139797330523904] WARN perfrun.perfcollector <> - eventId : 4294967295 , cccrAddr : 1d9 is outside of evsel range [186-18d] , ignored  , pmuDesc.name : cpu, at file: vcs/perfrun1/plugins/perfcollector/src/event_manager.cpp:802
378 [139797330523904] INFO perfrun.perfcollector <> - DRY_RUN : "reg_type       = 1	event_id       = g	reg_id         = 38d	reg_value      = bbb"
378 [139797330523904] INFO perfrun.perfcollector <> - eventId : g, skip parsing event_id
378 [139797330523904] INFO perfrun.perfcollector <> - groupId : 0 , eventId : 4294967295 , cccrAddr : 38d , cccrVal : bbb
378 [139797330523904] WARN perfrun.perfcollector <> - eventId : 4294967295 , cccrAddr : 38d is outside of evsel range [186-18d] , ignored  , pmuDesc.name : cpu, at file: vcs/perfrun1/plugins/perfcollector/src/event_manager.cpp:802
378 [139797330523904] INFO perfrun.perfcollector <> - DRY_RUN : "reg_type       = 1	event_id       = 3	reg_id         = 186	reg_value      = 53013c"
378 [139797330523904] INFO perfrun.perfcollector <> - groupId : 0 , eventId : 3 , cccrAddr : 186 , cccrVal : 53013c
378 [139797330523904] INFO perfrun.perfcollector <> - DRY_RUN : "reg_type       = 1	event_id       = 4	reg_id         = 187	reg_value      = 53023c"
378 [139797330523904] INFO perfrun.perfcollector <> - groupId : 0 , eventId : 4 , cccrAddr : 187 , cccrVal : 53023c
378 [139797330523904] INFO perfrun.perfcollector <> - DRY_RUN : "reg_type       = 1	event_id       = 5	reg_id         = 188	reg_value      = 5302c2"
378 [139797330523904] INFO perfrun.perfcollector <> - groupId : 0 , eventId : 5 , cccrAddr : 188 , cccrVal : 5302c2
378 [139797330523904] INFO perfrun.perfcollector <> - DRY_RUN : "reg_type       = 1	event_id       = 6	reg_id         = 189	reg_value      = 5302c7"
378 [139797330523904] INFO perfrun.perfcollector <> - groupId : 0 , eventId : 6 , cccrAddr : 189 , cccrVal : 5302c7
378 [139797330523904] INFO perfrun.perfcollector <> - DRY_RUN : "ESCR"
378 [139797330523904] INFO perfrun.perfcollector <> - DRY_RUN : "reg_type       = 2	event_id       = g	reg_id         = 1c8	reg_value      = 0"
378 [139797330523904] INFO perfrun.perfcollector <> - eventId : g, skip parsing event_id
378 [139797330523904] INFO perfrun.perfcollector <> - DRY_RUN : "DATA"
378 [139797330523904] INFO perfrun.perfcollector <> - DRY_RUN : "reg_type       = 4	event_id       = 2	reg_id         = 309	reg_value      = ffffff0bdc00"
378 [139797330523904] INFO perfrun.perfcollector <> - eventId : 2 , dataAddr : 309 , dataVal : ffffff0bdc00
378 [139797330523904] INFO perfrun.perfcollector <> - DRY_RUN : "reg_type       = 4	event_id       = 0	reg_id         = 30a	reg_value      = ffffff0bdc00"
378 [139797330523904] INFO perfrun.perfcollector <> - eventId : 0 , dataAddr : 30a , dataVal : ffffff0bdc00
378 [139797330523904] INFO perfrun.perfcollector <> - DRY_RUN : "reg_type       = 4	event_id       = 1	reg_id         = 30b	reg_value      = ffffff0bdc00"
378 [139797330523904] INFO perfrun.perfcollector <> - eventId : 1 , dataAddr : 30b , dataVal : ffffff0bdc00
378 [139797330523904] INFO perfrun.perfcollector <> - DRY_RUN : "reg_type       = 4	event_id       = 3	reg_id         = c1	reg_value      = fffffff85ed1"
378 [139797330523904] INFO perfrun.perfcollector <> - eventId : 3 , dataAddr : c1 , dataVal : fffffff85ed1
378 [139797330523904] INFO perfrun.perfcollector <> - DRY_RUN : "reg_type       = 4	event_id       = 4	reg_id         = c2	reg_value      = fffffff85ed1"
378 [139797330523904] INFO perfrun.perfcollector <> - eventId : 4 , dataAddr : c2 , dataVal : fffffff85ed1
378 [139797330523904] INFO perfrun.perfcollector <> - DRY_RUN : "reg_type       = 4	event_id       = 5	reg_id         = c3	reg_value      = ffffff676971"
378 [139797330523904] INFO perfrun.perfcollector <> - eventId : 5 , dataAddr : c3 , dataVal : ffffff676971
378 [139797330523904] INFO perfrun.perfcollector <> - DRY_RUN : "reg_type       = 4	event_id       = 6	reg_id         = c4	reg_value      = ffffff676971"
378 [139797330523904] INFO perfrun.perfcollector <> - eventId : 6 , dataAddr : c4 , dataVal : ffffff676971
378 [139797330523904] INFO perfrun.perfcollector <> - DRY_RUN : "Group 1:"
378 [139797330523904] INFO perfrun.perfcollector <> - id : 1
378 [139797330523904] INFO perfrun.perfcollector <> - DRY_RUN : "INST_RETIRED.ANY: event id 2"
378 [139797330523904] INFO perfrun.perfcollector <> - eventName : INST_RETIRED.ANY , eventId : 2
378 [139797330523904] INFO perfrun.perfcollector <> - DRY_RUN : "CPU_CLK_UNHALTED.THREAD: event id 0"
378 [139797330523904] INFO perfrun.perfcollector <> - eventName : CPU_CLK_UNHALTED.THREAD , eventId : 0
378 [139797330523904] INFO perfrun.perfcollector <> - DRY_RUN : "CPU_CLK_UNHALTED.REF_TSC: event id 1"
378 [139797330523904] INFO perfrun.perfcollector <> - eventName : CPU_CLK_UNHALTED.REF_TSC , eventId : 1
378 [139797330523904] INFO perfrun.perfcollector <> - DRY_RUN : "FP_ARITH_INST_RETIRED.128B_PACKED_SINGLE: event id 7"
378 [139797330523904] INFO perfrun.perfcollector <> - eventName : FP_ARITH_INST_RETIRED.128B_PACKED_SINGLE , eventId : 7
378 [139797330523904] INFO perfrun.perfcollector <> - DRY_RUN : "FP_ARITH_INST_RETIRED.256B_PACKED_SINGLE: event id 8"
378 [139797330523904] INFO perfrun.perfcollector <> - eventName : FP_ARITH_INST_RETIRED.256B_PACKED_SINGLE , eventId : 8
378 [139797330523904] INFO perfrun.perfcollector <> - DRY_RUN : "FP_ARITH_INST_RETIRED.SCALAR_DOUBLE: event id 9"
378 [139797330523904] INFO perfrun.perfcollector <> - eventName : FP_ARITH_INST_RETIRED.SCALAR_DOUBLE , eventId : 9
378 [139797330523904] INFO perfrun.perfcollector <> - DRY_RUN : "FP_ARITH_INST_RETIRED.128B_PACKED_DOUBLE: event id 10"
378 [139797330523904] INFO perfrun.perfcollector <> - eventName : FP_ARITH_INST_RETIRED.128B_PACKED_DOUBLE , eventId : 10
378 [139797330523904] INFO perfrun.perfcollector <> - DRY_RUN : "CCCR"
378 [139797330523904] INFO perfrun.perfcollector <> - DRY_RUN : "reg_type       = 1	event_id       = g	reg_id         = 38f	reg_value      = 70000000f"
378 [139797330523904] INFO perfrun.perfcollector <> - eventId : g, skip parsing event_id
378 [139797330523904] INFO perfrun.perfcollector <> - groupId : 1 , eventId : 4294967295 , cccrAddr : 38f , cccrVal : 70000000f
378 [139797330523904] WARN perfrun.perfcollector <> - eventId : 4294967295 , cccrAddr : 38f is outside of evsel range [186-18d] , ignored  , pmuDesc.name : cpu, at file: vcs/perfrun1/plugins/perfcollector/src/event_manager.cpp:802
378 [139797330523904] INFO perfrun.perfcollector <> - DRY_RUN : "reg_type       = 1	event_id       = g	reg_id         = 390	reg_value      = 70000000f"
378 [139797330523904] INFO perfrun.perfcollector <> - eventId : g, skip parsing event_id
378 [139797330523904] INFO perfrun.perfcollector <> - groupId : 1 , eventId : 4294967295 , cccrAddr : 390 , cccrVal : 70000000f
378 [139797330523904] WARN perfrun.perfcollector <> - eventId : 4294967295 , cccrAddr : 390 is outside of evsel range [186-18d] , ignored  , pmuDesc.name : cpu, at file: vcs/perfrun1/plugins/perfcollector/src/event_manager.cpp:802
378 [139797330523904] INFO perfrun.perfcollector <> - DRY_RUN : "reg_type       = 1	event_id       = g	reg_id         = 3f1	reg_value      = 0"
378 [139797330523904] INFO perfrun.perfcollector <> - eventId : g, skip parsing event_id
378 [139797330523904] INFO perfrun.perfcollector <> - groupId : 1 , eventId : 4294967295 , cccrAddr : 3f1 , cccrVal : 0
378 [139797330523904] WARN perfrun.perfcollector <> - eventId : 4294967295 , cccrAddr : 3f1 is outside of evsel range [186-18d] , ignored  , pmuDesc.name : cpu, at file: vcs/perfrun1/plugins/perfcollector/src/event_manager.cpp:802
378 [139797330523904] INFO perfrun.perfcollector <> - DRY_RUN : "reg_type       = 1	event_id       = g	reg_id         = 1d9	reg_value      = 1800"
378 [139797330523904] INFO perfrun.perfcollector <> - eventId : g, skip parsing event_id
378 [139797330523904] INFO perfrun.perfcollector <> - groupId : 1 , eventId : 4294967295 , cccrAddr : 1d9 , cccrVal : 1800
378 [139797330523904] WARN perfrun.perfcollector <> - eventId : 4294967295 , cccrAddr : 1d9 is outside of evsel range [186-18d] , ignored  , pmuDesc.name : cpu, at file: vcs/perfrun1/plugins/perfcollector/src/event_manager.cpp:802
378 [139797330523904] INFO perfrun.perfcollector <> - DRY_RUN : "reg_type       = 1	event_id       = g	reg_id         = 38d	reg_value      = bbb"
378 [139797330523904] INFO perfrun.perfcollector <> - eventId : g, skip parsing event_id
378 [139797330523904] INFO perfrun.perfcollector <> - groupId : 1 , eventId : 4294967295 , cccrAddr : 38d , cccrVal : bbb
378 [139797330523904] WARN perfrun.perfcollector <> - eventId : 4294967295 , cccrAddr : 38d is outside of evsel range [186-18d] , ignored  , pmuDesc.name : cpu, at file: vcs/perfrun1/plugins/perfcollector/src/event_manager.cpp:802
378 [139797330523904] INFO perfrun.perfcollector <> - DRY_RUN : "reg_type       = 1	event_id       = 7	reg_id         = 186	reg_value      = 5308c7"
378 [139797330523904] INFO perfrun.perfcollector <> - groupId : 1 , eventId : 7 , cccrAddr : 186 , cccrVal : 5308c7
379 [139797330523904] INFO perfrun.perfcollector <> - DRY_RUN : "reg_type       = 1	event_id       = 8	reg_id         = 187	reg_value      = 5320c7"
379 [139797330523904] INFO perfrun.perfcollector <> - groupId : 1 , eventId : 8 , cccrAddr : 187 , cccrVal : 5320c7
379 [139797330523904] INFO perfrun.perfcollector <> - DRY_RUN : "reg_type       = 1	event_id       = 9	reg_id         = 188	reg_value      = 5301c7"
379 [139797330523904] INFO perfrun.perfcollector <> - groupId : 1 , eventId : 9 , cccrAddr : 188 , cccrVal : 5301c7
379 [139797330523904] INFO perfrun.perfcollector <> - DRY_RUN : "reg_type       = 1	event_id       = 10	reg_id         = 189	reg_value      = 5304c7"
379 [139797330523904] INFO perfrun.perfcollector <> - groupId : 1 , eventId : 10 , cccrAddr : 189 , cccrVal : 5304c7
379 [139797330523904] INFO perfrun.perfcollector <> - DRY_RUN : "ESCR"
379 [139797330523904] INFO perfrun.perfcollector <> - DRY_RUN : "reg_type       = 2	event_id       = g	reg_id         = 1c8	reg_value      = 0"
379 [139797330523904] INFO perfrun.perfcollector <> - eventId : g, skip parsing event_id
379 [139797330523904] INFO perfrun.perfcollector <> - DRY_RUN : "DATA"
379 [139797330523904] INFO perfrun.perfcollector <> - DRY_RUN : "reg_type       = 4	event_id       = 2	reg_id         = 309	reg_value      = ffffff0bdc00"
379 [139797330523904] INFO perfrun.perfcollector <> - eventId : 2 , dataAddr : 309 , dataVal : ffffff0bdc00
379 [139797330523904] INFO perfrun.perfcollector <> - DRY_RUN : "reg_type       = 4	event_id       = 0	reg_id         = 30a	reg_value      = ffffff0bdc00"
379 [139797330523904] INFO perfrun.perfcollector <> - eventId : 0 , dataAddr : 30a , dataVal : ffffff0bdc00
379 [139797330523904] INFO perfrun.perfcollector <> - DRY_RUN : "reg_type       = 4	event_id       = 1	reg_id         = 30b	reg_value      = ffffff0bdc00"
379 [139797330523904] INFO perfrun.perfcollector <> - eventId : 1 , dataAddr : 30b , dataVal : ffffff0bdc00
379 [139797330523904] INFO perfrun.perfcollector <> - DRY_RUN : "reg_type       = 4	event_id       = 7	reg_id         = c1	reg_value      = ffffff676971"
379 [139797330523904] INFO perfrun.perfcollector <> - eventId : 7 , dataAddr : c1 , dataVal : ffffff676971
379 [139797330523904] INFO perfrun.perfcollector <> - DRY_RUN : "reg_type       = 4	event_id       = 8	reg_id         = c2	reg_value      = ffffff676971"
379 [139797330523904] INFO perfrun.perfcollector <> - eventId : 8 , dataAddr : c2 , dataVal : ffffff676971
379 [139797330523904] INFO perfrun.perfcollector <> - DRY_RUN : "reg_type       = 4	event_id       = 9	reg_id         = c3	reg_value      = ffffff676971"
379 [139797330523904] INFO perfrun.perfcollector <> - eventId : 9 , dataAddr : c3 , dataVal : ffffff676971
379 [139797330523904] INFO perfrun.perfcollector <> - DRY_RUN : "reg_type       = 4	event_id       = 10	reg_id         = c4	reg_value      = ffffff676971"
379 [139797330523904] INFO perfrun.perfcollector <> - eventId : 10 , dataAddr : c4 , dataVal : ffffff676971
379 [139797330523904] INFO perfrun.perfcollector <> - DRY_RUN : "Group 2:"
379 [139797330523904] INFO perfrun.perfcollector <> - id : 2
379 [139797330523904] INFO perfrun.perfcollector <> - DRY_RUN : "INST_RETIRED.ANY: event id 2"
379 [139797330523904] INFO perfrun.perfcollector <> - eventName : INST_RETIRED.ANY , eventId : 2
379 [139797330523904] INFO perfrun.perfcollector <> - DRY_RUN : "CPU_CLK_UNHALTED.THREAD: event id 0"
379 [139797330523904] INFO perfrun.perfcollector <> - eventName : CPU_CLK_UNHALTED.THREAD , eventId : 0
379 [139797330523904] INFO perfrun.perfcollector <> - DRY_RUN : "CPU_CLK_UNHALTED.REF_TSC: event id 1"
379 [139797330523904] INFO perfrun.perfcollector <> - eventName : CPU_CLK_UNHALTED.REF_TSC , eventId : 1
379 [139797330523904] INFO perfrun.perfcollector <> - DRY_RUN : "FP_ARITH_INST_RETIRED.256B_PACKED_DOUBLE: event id 11"
379 [139797330523904] INFO perfrun.perfcollector <> - eventName : FP_ARITH_INST_RETIRED.256B_PACKED_DOUBLE , eventId : 11
379 [139797330523904] INFO perfrun.perfcollector <> - DRY_RUN : "INST_RETIRED.X87: event id 12"
379 [139797330523904] INFO perfrun.perfcollector <> - eventName : INST_RETIRED.X87 , eventId : 12
379 [139797330523904] INFO perfrun.perfcollector <> - DRY_RUN : "CCCR"
379 [139797330523904] INFO perfrun.perfcollector <> - DRY_RUN : "reg_type       = 1	event_id       = g	reg_id         = 38f	reg_value      = 700000003"
379 [139797330523904] INFO perfrun.perfcollector <> - eventId : g, skip parsing event_id
379 [139797330523904] INFO perfrun.perfcollector <> - groupId : 2 , eventId : 4294967295 , cccrAddr : 38f , cccrVal : 700000003
379 [139797330523904] WARN perfrun.perfcollector <> - eventId : 4294967295 , cccrAddr : 38f is outside of evsel range [186-18d] , ignored  , pmuDesc.name : cpu, at file: vcs/perfrun1/plugins/perfcollector/src/event_manager.cpp:802
379 [139797330523904] INFO perfrun.perfcollector <> - DRY_RUN : "reg_type       = 1	event_id       = g	reg_id         = 390	reg_value      = 700000003"
379 [139797330523904] INFO perfrun.perfcollector <> - eventId : g, skip parsing event_id
379 [139797330523904] INFO perfrun.perfcollector <> - groupId : 2 , eventId : 4294967295 , cccrAddr : 390 , cccrVal : 700000003
379 [139797330523904] WARN perfrun.perfcollector <> - eventId : 4294967295 , cccrAddr : 390 is outside of evsel range [186-18d] , ignored  , pmuDesc.name : cpu, at file: vcs/perfrun1/plugins/perfcollector/src/event_manager.cpp:802
379 [139797330523904] INFO perfrun.perfcollector <> - DRY_RUN : "reg_type       = 1	event_id       = g	reg_id         = 3f1	reg_value      = 0"
379 [139797330523904] INFO perfrun.perfcollector <> - eventId : g, skip parsing event_id
379 [139797330523904] INFO perfrun.perfcollector <> - groupId : 2 , eventId : 4294967295 , cccrAddr : 3f1 , cccrVal : 0
379 [139797330523904] WARN perfrun.perfcollector <> - eventId : 4294967295 , cccrAddr : 3f1 is outside of evsel range [186-18d] , ignored  , pmuDesc.name : cpu, at file: vcs/perfrun1/plugins/perfcollector/src/event_manager.cpp:802
379 [139797330523904] INFO perfrun.perfcollector <> - DRY_RUN : "reg_type       = 1	event_id       = g	reg_id         = 1d9	reg_value      = 1800"
379 [139797330523904] INFO perfrun.perfcollector <> - eventId : g, skip parsing event_id
379 [139797330523904] INFO perfrun.perfcollector <> - groupId : 2 , eventId : 4294967295 , cccrAddr : 1d9 , cccrVal : 1800
379 [139797330523904] WARN perfrun.perfcollector <> - eventId : 4294967295 , cccrAddr : 1d9 is outside of evsel range [186-18d] , ignored  , pmuDesc.name : cpu, at file: vcs/perfrun1/plugins/perfcollector/src/event_manager.cpp:802
379 [139797330523904] INFO perfrun.perfcollector <> - DRY_RUN : "reg_type       = 1	event_id       = g	reg_id         = 38d	reg_value      = bbb"
379 [139797330523904] INFO perfrun.perfcollector <> - eventId : g, skip parsing event_id
379 [139797330523904] INFO perfrun.perfcollector <> - groupId : 2 , eventId : 4294967295 , cccrAddr : 38d , cccrVal : bbb
379 [139797330523904] WARN perfrun.perfcollector <> - eventId : 4294967295 , cccrAddr : 38d is outside of evsel range [186-18d] , ignored  , pmuDesc.name : cpu, at file: vcs/perfrun1/plugins/perfcollector/src/event_manager.cpp:802
379 [139797330523904] INFO perfrun.perfcollector <> - DRY_RUN : "reg_type       = 1	event_id       = 11	reg_id         = 186	reg_value      = 5310c7"
379 [139797330523904] INFO perfrun.perfcollector <> - groupId : 2 , eventId : 11 , cccrAddr : 186 , cccrVal : 5310c7
379 [139797330523904] INFO perfrun.perfcollector <> - DRY_RUN : "reg_type       = 1	event_id       = 12	reg_id         = 187	reg_value      = 5302c0"
379 [139797330523904] INFO perfrun.perfcollector <> - groupId : 2 , eventId : 12 , cccrAddr : 187 , cccrVal : 5302c0
379 [139797330523904] INFO perfrun.perfcollector <> - DRY_RUN : "ESCR"
379 [139797330523904] INFO perfrun.perfcollector <> - DRY_RUN : "reg_type       = 2	event_id       = g	reg_id         = 1c8	reg_value      = 0"
379 [139797330523904] INFO perfrun.perfcollector <> - eventId : g, skip parsing event_id
379 [139797330523904] INFO perfrun.perfcollector <> - DRY_RUN : "DATA"
379 [139797330523904] INFO perfrun.perfcollector <> - DRY_RUN : "reg_type       = 4	event_id       = 2	reg_id         = 309	reg_value      = ffffff0bdc00"
379 [139797330523904] INFO perfrun.perfcollector <> - eventId : 2 , dataAddr : 309 , dataVal : ffffff0bdc00
379 [139797330523904] INFO perfrun.perfcollector <> - DRY_RUN : "reg_type       = 4	event_id       = 0	reg_id         = 30a	reg_value      = ffffff0bdc00"
379 [139797330523904] INFO perfrun.perfcollector <> - eventId : 0 , dataAddr : 30a , dataVal : ffffff0bdc00
379 [139797330523904] INFO perfrun.perfcollector <> - DRY_RUN : "reg_type       = 4	event_id       = 1	reg_id         = 30b	reg_value      = ffffff0bdc00"
379 [139797330523904] INFO perfrun.perfcollector <> - eventId : 1 , dataAddr : 30b , dataVal : ffffff0bdc00
379 [139797330523904] INFO perfrun.perfcollector <> - DRY_RUN : "reg_type       = 4	event_id       = 11	reg_id         = c1	reg_value      = ffffff676971"
379 [139797330523904] INFO perfrun.perfcollector <> - eventId : 11 , dataAddr : c1 , dataVal : ffffff676971
379 [139797330523904] INFO perfrun.perfcollector <> - DRY_RUN : "reg_type       = 4	event_id       = 12	reg_id         = c2	reg_value      = ffffff676971"
379 [139797330523904] INFO perfrun.perfcollector <> - eventId : 12 , dataAddr : c2 , dataVal : ffffff676971
379 [139797330523904] INFO perfrun.perfcollector <> - pmu config : cpu , m_cccrAddr : ffffffff , m_cccrVal : 0 , m_escrAddr : ffffffff , m_escrVal : 0 , m_dataAddr : 30a , m_dataVal : ffffffffff0bdc00 , m_extPebsVal : 0 , m_adtPebsAvail : 0
379 [139797330523904] INFO perfrun.perfcollector <> - config : event : 3c
379 [139797330523904] INFO perfrun.perfcollector <> - config : pc : 0
379 [139797330523904] INFO perfrun.perfcollector <> - config : in_tx : 0
379 [139797330523904] INFO perfrun.perfcollector <> - config : edge : 0
379 [139797330523904] INFO perfrun.perfcollector <> - config : any : 0
379 [139797330523904] INFO perfrun.perfcollector <> - config1 : offcore_rsp : 0
379 [139797330523904] INFO perfrun.perfcollector <> - config : in_tx_cp : 0
379 [139797330523904] INFO perfrun.perfcollector <> - config1 : ldlat : 0
379 [139797330523904] INFO perfrun.perfcollector <> - config : inv : 0
379 [139797330523904] INFO perfrun.perfcollector <> - config : umask : 0
379 [139797330523904] INFO perfrun.perfcollector <> - config : cmask : 0
379 [139797330523904] INFO perfrun.perfcollector <> - format : cpu/period=0xf42400,event=0x3c,name='CPU_CLK_UNHALTED.THREAD'/D
379 [139797330523904] INFO perfrun.perfcollector <> - pmu config : cpu , m_cccrAddr : ffffffff , m_cccrVal : 0 , m_escrAddr : ffffffff , m_escrVal : 0 , m_dataAddr : 30b , m_dataVal : ffffffffff0bdc00 , m_extPebsVal : 0 , m_adtPebsAvail : 0
379 [139797330523904] INFO perfrun.perfcollector <> - config : event : 0
379 [139797330523904] INFO perfrun.perfcollector <> - config : pc : 0
379 [139797330523904] INFO perfrun.perfcollector <> - config : in_tx : 0
379 [139797330523904] INFO perfrun.perfcollector <> - config : edge : 0
379 [139797330523904] INFO perfrun.perfcollector <> - config : any : 0
379 [139797330523904] INFO perfrun.perfcollector <> - config1 : offcore_rsp : 0
379 [139797330523904] INFO perfrun.perfcollector <> - config : in_tx_cp : 0
379 [139797330523904] INFO perfrun.perfcollector <> - config1 : ldlat : 0
379 [139797330523904] INFO perfrun.perfcollector <> - config : inv : 0
379 [139797330523904] INFO perfrun.perfcollector <> - config : umask : 3
379 [139797330523904] INFO perfrun.perfcollector <> - config : cmask : 0
379 [139797330523904] INFO perfrun.perfcollector <> - format : cpu/period=0xf42400,umask=0x3,name='CPU_CLK_UNHALTED.REF_TSC'/D
379 [139797330523904] INFO perfrun.perfcollector <> - pmu config : cpu , m_cccrAddr : ffffffff , m_cccrVal : 0 , m_escrAddr : ffffffff , m_escrVal : 0 , m_dataAddr : 309 , m_dataVal : ffffffffff0bdc00 , m_extPebsVal : 0 , m_adtPebsAvail : 0
379 [139797330523904] INFO perfrun.perfcollector <> - config : event : c0
379 [139797330523904] INFO perfrun.perfcollector <> - config : pc : 0
379 [139797330523904] INFO perfrun.perfcollector <> - config : in_tx : 0
379 [139797330523904] INFO perfrun.perfcollector <> - config : edge : 0
379 [139797330523904] INFO perfrun.perfcollector <> - config : any : 0
379 [139797330523904] INFO perfrun.perfcollector <> - config1 : offcore_rsp : 0
379 [139797330523904] INFO perfrun.perfcollector <> - config : in_tx_cp : 0
379 [139797330523904] INFO perfrun.perfcollector <> - config1 : ldlat : 0
379 [139797330523904] INFO perfrun.perfcollector <> - config : inv : 0
380 [139797330523904] INFO perfrun.perfcollector <> - config : umask : 0
380 [139797330523904] INFO perfrun.perfcollector <> - config : cmask : 0
380 [139797330523904] INFO perfrun.perfcollector <> - format : cpu/period=0xf42400,event=0xc0,name='INST_RETIRED.ANY'/D
380 [139797330523904] INFO perfrun.perfcollector <> - pmu config : cpu , m_cccrAddr : 186 , m_cccrVal : 53013c , m_escrAddr : ffffffff , m_escrVal : 0 , m_dataAddr : c1 , m_dataVal : fffffffffff85ed1 , m_extPebsVal : 0 , m_adtPebsAvail : 0
380 [139797330523904] INFO perfrun.perfcollector <> - config : event : 3c
380 [139797330523904] INFO perfrun.perfcollector <> - config : pc : 0
380 [139797330523904] INFO perfrun.perfcollector <> - config : in_tx : 0
380 [139797330523904] INFO perfrun.perfcollector <> - config : edge : 0
380 [139797330523904] INFO perfrun.perfcollector <> - config : any : 0
380 [139797330523904] INFO perfrun.perfcollector <> - config1 : offcore_rsp : 0
380 [139797330523904] INFO perfrun.perfcollector <> - config : in_tx_cp : 0
380 [139797330523904] INFO perfrun.perfcollector <> - config1 : ldlat : 0
380 [139797330523904] INFO perfrun.perfcollector <> - config : inv : 0
380 [139797330523904] INFO perfrun.perfcollector <> - config : umask : 1
380 [139797330523904] INFO perfrun.perfcollector <> - config : cmask : 0
380 [139797330523904] INFO perfrun.perfcollector <> - format : cpu/period=0x7a12f,event=0x3c,umask=0x1,name='CPU_CLK_UNHALTED.REF_XCLK'/
380 [139797330523904] INFO perfrun.perfcollector <> - pmu config : cpu , m_cccrAddr : 187 , m_cccrVal : 53023c , m_escrAddr : ffffffff , m_escrVal : 0 , m_dataAddr : c2 , m_dataVal : fffffffffff85ed1 , m_extPebsVal : 0 , m_adtPebsAvail : 0
380 [139797330523904] INFO perfrun.perfcollector <> - config : event : 3c
380 [139797330523904] INFO perfrun.perfcollector <> - config : pc : 0
380 [139797330523904] INFO perfrun.perfcollector <> - config : in_tx : 0
380 [139797330523904] INFO perfrun.perfcollector <> - config : edge : 0
380 [139797330523904] INFO perfrun.perfcollector <> - config : any : 0
380 [139797330523904] INFO perfrun.perfcollector <> - config1 : offcore_rsp : 0
380 [139797330523904] INFO perfrun.perfcollector <> - config : in_tx_cp : 0
380 [139797330523904] INFO perfrun.perfcollector <> - config1 : ldlat : 0
380 [139797330523904] INFO perfrun.perfcollector <> - config : inv : 0
380 [139797330523904] INFO perfrun.perfcollector <> - config : umask : 2
380 [139797330523904] INFO perfrun.perfcollector <> - config : cmask : 0
380 [139797330523904] INFO perfrun.perfcollector <> - format : cpu/period=0x7a12f,event=0x3c,umask=0x2,name='CPU_CLK_UNHALTED.ONE_THREAD_ACTIVE'/
380 [139797330523904] INFO perfrun.perfcollector <> - pmu config : cpu , m_cccrAddr : 188 , m_cccrVal : 5302c2 , m_escrAddr : ffffffff , m_escrVal : 0 , m_dataAddr : c3 , m_dataVal : ffffffffff676971 , m_extPebsVal : 0 , m_adtPebsAvail : 0
380 [139797330523904] INFO perfrun.perfcollector <> - config : event : c2
380 [139797330523904] INFO perfrun.perfcollector <> - config : pc : 0
380 [139797330523904] INFO perfrun.perfcollector <> - config : in_tx : 0
380 [139797330523904] INFO perfrun.perfcollector <> - config : edge : 0
380 [139797330523904] INFO perfrun.perfcollector <> - config : any : 0
380 [139797330523904] INFO perfrun.perfcollector <> - config1 : offcore_rsp : 0
380 [139797330523904] INFO perfrun.perfcollector <> - config : in_tx_cp : 0
380 [139797330523904] INFO perfrun.perfcollector <> - config1 : ldlat : 0
380 [139797330523904] INFO perfrun.perfcollector <> - config : inv : 0
380 [139797330523904] INFO perfrun.perfcollector <> - config : umask : 2
380 [139797330523904] INFO perfrun.perfcollector <> - config : cmask : 0
380 [139797330523904] INFO perfrun.perfcollector <> - format : cpu/period=0x98968f,event=0xc2,umask=0x2,name='UOPS_RETIRED.RETIRE_SLOTS'/
380 [139797330523904] INFO perfrun.perfcollector <> - pmu config : cpu , m_cccrAddr : 189 , m_cccrVal : 5302c7 , m_escrAddr : ffffffff , m_escrVal : 0 , m_dataAddr : c4 , m_dataVal : ffffffffff676971 , m_extPebsVal : 0 , m_adtPebsAvail : 0
380 [139797330523904] INFO perfrun.perfcollector <> - config : event : c7
380 [139797330523904] INFO perfrun.perfcollector <> - config : pc : 0
380 [139797330523904] INFO perfrun.perfcollector <> - config : in_tx : 0
380 [139797330523904] INFO perfrun.perfcollector <> - config : edge : 0
380 [139797330523904] INFO perfrun.perfcollector <> - config : any : 0
380 [139797330523904] INFO perfrun.perfcollector <> - config1 : offcore_rsp : 0
380 [139797330523904] INFO perfrun.perfcollector <> - config : in_tx_cp : 0
380 [139797330523904] INFO perfrun.perfcollector <> - config1 : ldlat : 0
380 [139797330523904] INFO perfrun.perfcollector <> - config : inv : 0
380 [139797330523904] INFO perfrun.perfcollector <> - config : umask : 2
380 [139797330523904] INFO perfrun.perfcollector <> - config : cmask : 0
380 [139797330523904] INFO perfrun.perfcollector <> - format : cpu/period=0x98968f,event=0xc7,umask=0x2,name='FP_ARITH_INST_RETIRED.SCALAR_SINGLE'/
380 [139797330523904] INFO perfrun.perfcollector <> - pmu config : cpu , m_cccrAddr : 186 , m_cccrVal : 5308c7 , m_escrAddr : ffffffff , m_escrVal : 0 , m_dataAddr : c1 , m_dataVal : ffffffffff676971 , m_extPebsVal : 0 , m_adtPebsAvail : 0
380 [139797330523904] INFO perfrun.perfcollector <> - config : event : c7
380 [139797330523904] INFO perfrun.perfcollector <> - config : pc : 0
380 [139797330523904] INFO perfrun.perfcollector <> - config : in_tx : 0
380 [139797330523904] INFO perfrun.perfcollector <> - config : edge : 0
380 [139797330523904] INFO perfrun.perfcollector <> - config : any : 0
380 [139797330523904] INFO perfrun.perfcollector <> - config1 : offcore_rsp : 0
380 [139797330523904] INFO perfrun.perfcollector <> - config : in_tx_cp : 0
380 [139797330523904] INFO perfrun.perfcollector <> - config1 : ldlat : 0
380 [139797330523904] INFO perfrun.perfcollector <> - config : inv : 0
380 [139797330523904] INFO perfrun.perfcollector <> - config : umask : 8
380 [139797330523904] INFO perfrun.perfcollector <> - config : cmask : 0
380 [139797330523904] INFO perfrun.perfcollector <> - format : cpu/period=0x98968f,event=0xc7,umask=0x8,name='FP_ARITH_INST_RETIRED.128B_PACKED_SINGLE'/
380 [139797330523904] INFO perfrun.perfcollector <> - pmu config : cpu , m_cccrAddr : 187 , m_cccrVal : 5320c7 , m_escrAddr : ffffffff , m_escrVal : 0 , m_dataAddr : c2 , m_dataVal : ffffffffff676971 , m_extPebsVal : 0 , m_adtPebsAvail : 0
380 [139797330523904] INFO perfrun.perfcollector <> - config : event : c7
380 [139797330523904] INFO perfrun.perfcollector <> - config : pc : 0
380 [139797330523904] INFO perfrun.perfcollector <> - config : in_tx : 0
380 [139797330523904] INFO perfrun.perfcollector <> - config : edge : 0
380 [139797330523904] INFO perfrun.perfcollector <> - config : any : 0
380 [139797330523904] INFO perfrun.perfcollector <> - config1 : offcore_rsp : 0
380 [139797330523904] INFO perfrun.perfcollector <> - config : in_tx_cp : 0
380 [139797330523904] INFO perfrun.perfcollector <> - config1 : ldlat : 0
380 [139797330523904] INFO perfrun.perfcollector <> - config : inv : 0
380 [139797330523904] INFO perfrun.perfcollector <> - config : umask : 20
380 [139797330523904] INFO perfrun.perfcollector <> - config : cmask : 0
380 [139797330523904] INFO perfrun.perfcollector <> - format : cpu/period=0x98968f,event=0xc7,umask=0x20,name='FP_ARITH_INST_RETIRED.256B_PACKED_SINGLE'/
380 [139797330523904] INFO perfrun.perfcollector <> - pmu config : cpu , m_cccrAddr : 188 , m_cccrVal : 5301c7 , m_escrAddr : ffffffff , m_escrVal : 0 , m_dataAddr : c3 , m_dataVal : ffffffffff676971 , m_extPebsVal : 0 , m_adtPebsAvail : 0
380 [139797330523904] INFO perfrun.perfcollector <> - config : event : c7
380 [139797330523904] INFO perfrun.perfcollector <> - config : pc : 0
380 [139797330523904] INFO perfrun.perfcollector <> - config : in_tx : 0
380 [139797330523904] INFO perfrun.perfcollector <> - config : edge : 0
380 [139797330523904] INFO perfrun.perfcollector <> - config : any : 0
380 [139797330523904] INFO perfrun.perfcollector <> - config1 : offcore_rsp : 0
380 [139797330523904] INFO perfrun.perfcollector <> - config : in_tx_cp : 0
380 [139797330523904] INFO perfrun.perfcollector <> - config1 : ldlat : 0
380 [139797330523904] INFO perfrun.perfcollector <> - config : inv : 0
380 [139797330523904] INFO perfrun.perfcollector <> - config : umask : 1
380 [139797330523904] INFO perfrun.perfcollector <> - config : cmask : 0
380 [139797330523904] INFO perfrun.perfcollector <> - format : cpu/period=0x98968f,event=0xc7,umask=0x1,name='FP_ARITH_INST_RETIRED.SCALAR_DOUBLE'/
380 [139797330523904] INFO perfrun.perfcollector <> - pmu config : cpu , m_cccrAddr : 189 , m_cccrVal : 5304c7 , m_escrAddr : ffffffff , m_escrVal : 0 , m_dataAddr : c4 , m_dataVal : ffffffffff676971 , m_extPebsVal : 0 , m_adtPebsAvail : 0
380 [139797330523904] INFO perfrun.perfcollector <> - config : event : c7
380 [139797330523904] INFO perfrun.perfcollector <> - config : pc : 0
380 [139797330523904] INFO perfrun.perfcollector <> - config : in_tx : 0
380 [139797330523904] INFO perfrun.perfcollector <> - config : edge : 0
380 [139797330523904] INFO perfrun.perfcollector <> - config : any : 0
380 [139797330523904] INFO perfrun.perfcollector <> - config1 : offcore_rsp : 0
380 [139797330523904] INFO perfrun.perfcollector <> - config : in_tx_cp : 0
380 [139797330523904] INFO perfrun.perfcollector <> - config1 : ldlat : 0
380 [139797330523904] INFO perfrun.perfcollector <> - config : inv : 0
380 [139797330523904] INFO perfrun.perfcollector <> - config : umask : 4
380 [139797330523904] INFO perfrun.perfcollector <> - config : cmask : 0
380 [139797330523904] INFO perfrun.perfcollector <> - format : cpu/period=0x98968f,event=0xc7,umask=0x4,name='FP_ARITH_INST_RETIRED.128B_PACKED_DOUBLE'/
380 [139797330523904] INFO perfrun.perfcollector <> - pmu config : cpu , m_cccrAddr : 186 , m_cccrVal : 5310c7 , m_escrAddr : ffffffff , m_escrVal : 0 , m_dataAddr : c1 , m_dataVal : ffffffffff676971 , m_extPebsVal : 0 , m_adtPebsAvail : 0
380 [139797330523904] INFO perfrun.perfcollector <> - config : event : c7
380 [139797330523904] INFO perfrun.perfcollector <> - config : pc : 0
380 [139797330523904] INFO perfrun.perfcollector <> - config : in_tx : 0
380 [139797330523904] INFO perfrun.perfcollector <> - config : edge : 0
380 [139797330523904] INFO perfrun.perfcollector <> - config : any : 0
380 [139797330523904] INFO perfrun.perfcollector <> - config1 : offcore_rsp : 0
380 [139797330523904] INFO perfrun.perfcollector <> - config : in_tx_cp : 0
380 [139797330523904] INFO perfrun.perfcollector <> - config1 : ldlat : 0
380 [139797330523904] INFO perfrun.perfcollector <> - config : inv : 0
380 [139797330523904] INFO perfrun.perfcollector <> - config : umask : 10
380 [139797330523904] INFO perfrun.perfcollector <> - config : cmask : 0
380 [139797330523904] INFO perfrun.perfcollector <> - format : cpu/period=0x98968f,event=0xc7,umask=0x10,name='FP_ARITH_INST_RETIRED.256B_PACKED_DOUBLE'/
380 [139797330523904] INFO perfrun.perfcollector <> - pmu config : cpu , m_cccrAddr : 187 , m_cccrVal : 5302c0 , m_escrAddr : ffffffff , m_escrVal : 0 , m_dataAddr : c2 , m_dataVal : ffffffffff676971 , m_extPebsVal : 0 , m_adtPebsAvail : 0
380 [139797330523904] INFO perfrun.perfcollector <> - config : event : c0
380 [139797330523904] INFO perfrun.perfcollector <> - config : pc : 0
380 [139797330523904] INFO perfrun.perfcollector <> - config : in_tx : 0
380 [139797330523904] INFO perfrun.perfcollector <> - config : edge : 0
380 [139797330523904] INFO perfrun.perfcollector <> - config : any : 0
380 [139797330523904] INFO perfrun.perfcollector <> - config1 : offcore_rsp : 0
380 [139797330523904] INFO perfrun.perfcollector <> - config : in_tx_cp : 0
380 [139797330523904] INFO perfrun.perfcollector <> - config1 : ldlat : 0
380 [139797330523904] INFO perfrun.perfcollector <> - config : inv : 0
380 [139797330523904] INFO perfrun.perfcollector <> - config : umask : 2
380 [139797330523904] INFO perfrun.perfcollector <> - config : cmask : 0
380 [139797330523904] INFO perfrun.perfcollector <> - format : cpu/period=0x98968f,event=0xc0,umask=0x2,name='INST_RETIRED.X87'/
380 [139797330523904] INFO perfrun.perfcollector <> - event: cpu/period=0xf42400,event=0x3c,name='CPU_CLK_UNHALTED.THREAD'/Du , added for sampling
380 [139797330523904] INFO perfrun.perfcollector <> - event: cpu/period=0xf42400,umask=0x3,name='CPU_CLK_UNHALTED.REF_TSC'/Du , added for sampling
380 [139797330523904] INFO perfrun.perfcollector <> - event: cpu/period=0xf42400,event=0xc0,name='INST_RETIRED.ANY'/Du , added for sampling
380 [139797330523904] INFO perfrun.perfcollector <> - event: cpu/period=0x7a12f,event=0x3c,umask=0x1,name='CPU_CLK_UNHALTED.REF_XCLK'/u , added for sampling
380 [139797330523904] INFO perfrun.perfcollector <> - event: cpu/period=0x7a12f,event=0x3c,umask=0x2,name='CPU_CLK_UNHALTED.ONE_THREAD_ACTIVE'/u , added for sampling
380 [139797330523904] INFO perfrun.perfcollector <> - event: cpu/period=0x98968f,event=0xc2,umask=0x2,name='UOPS_RETIRED.RETIRE_SLOTS'/u , added for sampling
380 [139797330523904] INFO perfrun.perfcollector <> - event: cpu/period=0x98968f,event=0xc7,umask=0x2,name='FP_ARITH_INST_RETIRED.SCALAR_SINGLE'/u , added for sampling
380 [139797330523904] INFO perfrun.perfcollector <> - event: cpu/period=0x98968f,event=0xc7,umask=0x8,name='FP_ARITH_INST_RETIRED.128B_PACKED_SINGLE'/u , added for sampling
380 [139797330523904] INFO perfrun.perfcollector <> - event: cpu/period=0x98968f,event=0xc7,umask=0x20,name='FP_ARITH_INST_RETIRED.256B_PACKED_SINGLE'/u , added for sampling
380 [139797330523904] INFO perfrun.perfcollector <> - event: cpu/period=0x98968f,event=0xc7,umask=0x1,name='FP_ARITH_INST_RETIRED.SCALAR_DOUBLE'/u , added for sampling
380 [139797330523904] INFO perfrun.perfcollector <> - event: cpu/period=0x98968f,event=0xc7,umask=0x4,name='FP_ARITH_INST_RETIRED.128B_PACKED_DOUBLE'/u , added for sampling
380 [139797330523904] INFO perfrun.perfcollector <> - event: cpu/period=0x98968f,event=0xc7,umask=0x10,name='FP_ARITH_INST_RETIRED.256B_PACKED_DOUBLE'/u , added for sampling
380 [139797330523904] INFO perfrun.perfcollector <> - event: cpu/period=0x98968f,event=0xc0,umask=0x2,name='INST_RETIRED.X87'/u , added for sampling
380 [139797301683968] INFO perfrun.perfcollector <> - Path to Perf control pipe: /tmp/amplxe-tmp-user/perf-pipe-29591-73092827219637832
381 [139797301683968] INFO perfrun.sdk <> - runCmd: "/opt/intel/oneapi/vtune/2021.5.0/bin64/amplxe-perf" record -v --pipe "/tmp/amplxe-tmp-user/perf-pipe-29591-73092827219637832" --pipe-sync -o "/home/user/bio/MS-Tools/msCRUSH/profiling/r000hs/data.0/temp.dryrun.perf" -N -B -T -R --compression-level=1 -e cpu/period=0xf42400,event=0x3c,name='CPU_CLK_UNHALTED.THREAD'/Du,cpu/period=0xf42400,umask=0x3,name='CPU_CLK_UNHALTED.REF_TSC'/Du,cpu/period=0xf42400,event=0xc0,name='INST_RETIRED.ANY'/Du,cpu/period=0x7a12f,event=0x3c,umask=0x1,name='CPU_CLK_UNHALTED.REF_XCLK'/u,cpu/period=0x7a12f,event=0x3c,umask=0x2,name='CPU_CLK_UNHALTED.ONE_THREAD_ACTIVE'/u,cpu/period=0x98968f,event=0xc2,umask=0x2,name='UOPS_RETIRED.RETIRE_SLOTS'/u,cpu/period=0x98968f,event=0xc7,umask=0x2,name='FP_ARITH_INST_RETIRED.SCALAR_SINGLE'/u,cpu/period=0x98968f,event=0xc7,umask=0x8,name='FP_ARITH_INST_RETIRED.128B_PACKED_SINGLE'/u,cpu/period=0x98968f,event=0xc7,umask=0x20,name='FP_ARITH_INST_RETIRED.256B_PACKED_SINGLE'/u,cpu/period=0x98968f,event=0xc7,umask=0x1,name='FP_ARITH_INST_RETIRED.SCALAR_DOUBLE'/u,cpu/period=0x98968f,event=0xc7,umask=0x4,name='FP_ARITH_INST_RETIRED.128B_PACKED_DOUBLE'/u,cpu/period=0x98968f,event=0xc7,umask=0x10,name='FP_ARITH_INST_RETIRED.256B_PACKED_DOUBLE'/u,cpu/period=0x98968f,event=0xc0,umask=0x2,name='INST_RETIRED.X87'/u --clockid=monotonic_raw "/opt/intel/oneapi/vtune/2021.5.0/bin64/amplxe-perf-sync" dryrun tsc
453 [139797301683968] INFO perfrun.perfcollector <> - Monitor: runCmd RC = true
525 [139797330523904] INFO perfrun.launcher <> - plugin [aoclprofile] was disabled because it doesn't support the given collection type.
525 [139797330523904] INFO perfrun.tpss <> - initialize tpss controller
525 [139797330523904] INFO perfrun.launcher <> - plugin [tpss] was disabled because it doesn't support the given collection type.
525 [139797330523904] INFO perfrun.launcher <> - plugin [exprof] was disabled because it doesn't support the given collection type.
525 [139797330523904] INFO perfrun.launcher <> - plugin [media] was disabled because it doesn't support the given collection type.
525 [139797330523904] INFO perfrun.launcher <> - plugin [] was disabled because it doesn't support the given collection type.
525 [139797330523904] INFO perfrun.launcher <> - plugin [] was disabled because it doesn't support the given collection type.
525 [139797330523904] INFO perfrun.launcher <> - plugin [parallelfs] was disabled because it doesn't support the given collection type.
525 [139797330523904] INFO perfrun.launcher <> - plugin [power] was disabled because it doesn't support the given collection type.
525 [139797330523904] INFO perfrun.launcher <> - plugin [hwloc] was disabled because it doesn't support the given collection type.
525 [139797330523904] INFO perfrun.launcher <> - plugin [ipmwatch] was disabled because it doesn't support the given collection type.
525 [139797330523904] INFO perfrun.launcher <> - plugin [os_counters] was disabled because it doesn't support the given collection type.
525 [139797470676864] INFO perfrun.launcher <> - set environment variable: LD_LIBRARY_PATH = /opt/intel/oneapi/vtune/2021.5.0/lib32/runtime:/opt/intel/oneapi/vtune/2021.5.0/lib64/runtime:/opt/rh/devtoolset-8/root/usr/lib64:/opt/rh/devtoolset-8/root/usr/lib:/opt/rh/devtoolset-8/root/usr/lib64/dyninst:/opt/rh/devtoolset-8/root/usr/lib/dyninst:/opt/rh/devtoolset-8/root/usr/lib64:/opt/rh/devtoolset-8/root/usr/lib:/usr/local/nvidia/lib:/usr/local/nvidia/lib64
525 [139797470676864] INFO perfrun.launcher <> - set environment variable: INTEL_LIBITTNOTIFY32 = /opt/intel/oneapi/vtune/2021.5.0/lib32/runtime/libittnotify_collector.so
525 [139797470676864] INFO perfrun.launcher <> - set environment variable: INTEL_LIBITTNOTIFY64 = /opt/intel/oneapi/vtune/2021.5.0/lib64/runtime/libittnotify_collector.so
525 [139797470676864] INFO perfrun.launcher <> - set environment variable: INTEL_ITTNOTIFY_GROUPS = 
525 [139797470676864] INFO perfrun.launcher <> - set environment variable: INTEL_JIT_PROFILER32 = /opt/intel/oneapi/vtune/2021.5.0/lib32/runtime/libittnotify_collector.so
525 [139797470676864] INFO perfrun.launcher <> - set environment variable: INTEL_JIT_PROFILER64 = /opt/intel/oneapi/vtune/2021.5.0/lib64/runtime/libittnotify_collector.so
525 [139797470676864] INFO perfrun.launcher <> - set environment variable: VS_PROFILER = libittnotify_collector.so
525 [139797470676864] INFO perfrun.launcher <> - set environment variable: OMP_TOOL_LIBRARIES = /opt/intel/oneapi/vtune/2021.5.0/lib32/runtime/libittnotify_collector.so:/opt/intel/oneapi/vtune/2021.5.0/lib64/runtime/libittnotify_collector.so
525 [139797470676864] INFO perfrun.launcher <> - set environment variable: ENABLE_JITPROFILING = 1
525 [139797470676864] INFO perfrun.launcher <> - set environment variable: CL_CONFIG_USE_VTUNE = True
525 [139797470676864] INFO perfrun.launcher <> - set environment variable: KMP_FORKJOIN_FRAMES = 0
525 [139797470676864] INFO perfrun.launcher <> - set environment variable: KMP_FORKJOIN_FRAMES_MODE = 0
525 [139797470676864] INFO perfrun.launcher <> - set environment variable: OMP_TOOL = disabled
526 [139797470676864] INFO perfrun.launcher <> - set environment variable: INTEL_MRTE_DATA_DIR = /home/user/bio/MS-Tools/msCRUSH/profiling/r000hs/data.0
526 [139797470676864] INFO perfrun.launcher <> - set environment variable: INTEL_MRTE_HOST_NAME = designlab
526 [139797470676864] INFO perfrun.launcher <> - set environment variable: JAVA_TOOL_OPTIONS = -agentlib:amplxe_samplingmrte_javaprof_1.0 -Dsun.boot.library.path=/opt/intel/oneapi/vtune/2021.5.0/lib32/runtime:/opt/intel/oneapi/vtune/2021.5.0/lib64/runtime
526 [139797470676864] INFO perfrun.launcher <> - set environment variable: CORECLR_ENABLE_PROFILING = 1
526 [139797470676864] INFO perfrun.launcher <> - set environment variable: CORECLR_PROFILER = {AA5E4821-E3B1-479c-B7FF-5AD047D22CED}
526 [139797470676864] INFO perfrun.launcher <> - set environment variable: CORECLR_PROFILER_PATH = /opt/intel/oneapi/vtune/2021.5.0/lib64/libamplxe_samplingmrte_clrprof_1.0.so
526 [139797470676864] INFO perfrun.launcher <> - set environment variable: INTEL_MRTE_PROFILER_MODE = mixed
526 [139797470676864] INFO perfrun.launcher <> - RpcServer: run RPC server to handle requests
526 [139797470676864] INFO perfrun.launcher <> - Launcher: command line to start before modification = ../bin/mscrush_on_general_charge
526 [139797470676864] INFO perfrun.launcher <> - Launcher: command line to start after modification = ../bin/mscrush_on_general_charge
526 [139797470676864] INFO perfrun.launcher <> - ProcessCreator object was created
527 [139797470676864] INFO perfrun.launcher <> - Launcher: the process was started in suspend mode
532 [139797330523904] WARN perfrun.system <> - Folder "/sys/kernel/debug/kvm"doesn't exist, at file: vcs/perfrun1/plugins/system/src/trace_writer.cpp:730
532 [139797330523904] WARN perfrun.system <> - Folder "/var/run/libvirt/qemu/"doesn't exist, at file: vcs/perfrun1/plugins/system/src/trace_writer.cpp:810
533 [139797330523904] WARN perfrun.sdk <> - Failed to find xl binary on any of the system paths: /bin, /sbin, /usr/bin, /usr/sbin., at file: vcs/perfrun1/sdk/src/utils.cpp:197
534 [139797330523904] WARN perfrun.system <> - Could not start ContainerMapping collector, at file: vcs/perfrun1/plugins/system/src/controller.cpp:457
1235 [139797330523904] INFO perfrun.vdso <> - Helper runtool '/opt/intel/oneapi/vtune/2021.5.0/bin32/amplxe-runss -dump-vdso -r /home/user/bio/MS-Tools/msCRUSH/profiling/r000hs --tmp-dir /tmp/amplxe-tmp-user' returned 0
1507 [139797330523904] INFO perfrun.vdso <> - Helper runtool '/opt/intel/oneapi/vtune/2021.5.0/bin64/amplxe-runss -dump-vdso -r /home/user/bio/MS-Tools/msCRUSH/profiling/r000hs --tmp-dir /tmp/amplxe-tmp-user' returned 0
1507 [139797330523904] INFO perfrun.itt <> - start itt controller for pid #29600
1508 [139797209274112] INFO perfrun.perfcollector <> - Path to Perf control pipe: /tmp/amplxe-tmp-user/perf-pipe-29591-73092830824722160
1508 [139797209274112] INFO perfrun.sdk <> - runCmd: "/opt/intel/oneapi/vtune/2021.5.0/bin64/amplxe-perf" record -v --pipe "/tmp/amplxe-tmp-user/perf-pipe-29591-73092830824722160" --pipe-sync -o "/home/user/bio/MS-Tools/msCRUSH/profiling/r000hs/data.0/29600.perf" -N -B -T -R -p 29600 --compression-level=1 --threads -e cpu/period=0xf42400,event=0x3c,name='CPU_CLK_UNHALTED.THREAD'/Du,cpu/period=0xf42400,umask=0x3,name='CPU_CLK_UNHALTED.REF_TSC'/Du,cpu/period=0xf42400,event=0xc0,name='INST_RETIRED.ANY'/Du,cpu/period=0x7a12f,event=0x3c,umask=0x1,name='CPU_CLK_UNHALTED.REF_XCLK'/u,cpu/period=0x7a12f,event=0x3c,umask=0x2,name='CPU_CLK_UNHALTED.ONE_THREAD_ACTIVE'/u,cpu/period=0x98968f,event=0xc2,umask=0x2,name='UOPS_RETIRED.RETIRE_SLOTS'/u,cpu/period=0x98968f,event=0xc7,umask=0x2,name='FP_ARITH_INST_RETIRED.SCALAR_SINGLE'/u,cpu/period=0x98968f,event=0xc7,umask=0x8,name='FP_ARITH_INST_RETIRED.128B_PACKED_SINGLE'/u,cpu/period=0x98968f,event=0xc7,umask=0x20,name='FP_ARITH_INST_RETIRED.256B_PACKED_SINGLE'/u,cpu/period=0x98968f,event=0xc7,umask=0x1,name='FP_ARITH_INST_RETIRED.SCALAR_DOUBLE'/u,cpu/period=0x98968f,event=0xc7,umask=0x4,name='FP_ARITH_INST_RETIRED.128B_PACKED_DOUBLE'/u,cpu/period=0x98968f,event=0xc7,umask=0x10,name='FP_ARITH_INST_RETIRED.256B_PACKED_DOUBLE'/u,cpu/period=0x98968f,event=0xc0,umask=0x2,name='INST_RETIRED.X87'/u --clockid=monotonic_raw "/opt/intel/oneapi/vtune/2021.5.0/bin64/amplxe-perf-sync" sync tsc
1649 [139797470676864] INFO perfrun.launcher <> - Launcher: all plugins were started
1649 [139797470676864] INFO perfrun.launcher <> - DirectoryMonitor object was created
1650 [139797470676864] INFO perfrun.launcher <> - DirectoryMonitor: a callback was added
1650 [139797470676864] INFO perfrun.launcher <> - DirectoryMonitor was started with pingTime = 1000
1650 [139797470676864] INFO perfrun.launcher <> - DeadlineTimer is going to be constructed
1650 [139797470676864] INFO perfrun.launcher <> - DeadlineTimer: a callback was added
1925 [139797470676864] INFO perfrun.launcher <> - Launcher: resume the profiled application and  wait its termination or stop command
1704152 [139797470676864] INFO perfrun.launcher <> - Launcher: the profiled application was terminated  with exit code = 0
1704167 [139797330523904] INFO perfrun.itt <> - stop itt controller
1704167 [139797330523904] INFO perfrun.itt <> - detach itt controller
1704238 [139797209274112] INFO perfrun.perfcollector <> - Monitor: runCmd RC = true
1704238 [139797330523904] INFO perfrun.perfcollector <> - Monitor: state = 3, error = 1
1704241 [139797330523904] INFO perfrun.sdk <> - De-allocating TMU: /home/user/bio/MS-Tools/msCRUSH/profiling/r000hs/data.0/systemcollector-29591-designlab.sc
1704241 [139797330523904] INFO perfrun.system <> - closed the system trace file: /home/user/bio/MS-Tools/msCRUSH/profiling/r000hs/data.0/systemcollector-29591-designlab.sc
1704241 [139797470676864] INFO perfrun.launcher <> - Launcher: all plugins were stopped.
1704241 [139797470676864] INFO perfrun.launcher <> - DeadlineTimer is going to be destroyed
1704241 [139797470676864] INFO perfrun.launcher <> - DeadlineTimer was destroyed
1704241 [139797470676864] INFO perfrun.launcher <> - DirectoryMonitor object was destroyed
1704241 [139797470676864] WARN perfrun.launcher <> - Stop command is ignored because it is received when collection is already stopped, at file: vcs/perfrun1/launcher/src/command_handler.cpp:212
1704242 [139797470676864] INFO perfrun.launcher <> - Application exit code: 0
1704242 [139797470676864] INFO perfrun.launcher <> - Exit code: 0
