11 [139637607831424] INFO perfrun.launcher <> - Launcher main begin
12 [139637607831424] INFO perfrun.launcher <> - MessageCatalogInit finished
12 [139637607831424] INFO perfrun.launcher <> - Launcher instance created
12 [139637607831424] INFO perfrun.launcher <> - argc = 6; cmdline = /opt/intel/oneapi/vtune/2021.5.0/bin64/amplxe-runss -dump-vdso -r /home/user/bio/MS-Tools/msCRUSH/profiling/r000hs --tmp-dir /tmp/amplxe-tmp-user 
79 [139637607831424] INFO perfrun.launcher <> - create msngr2::ICliToolContext
79 [139637607831424] INFO perfrun.launcher <> - create file finder object
81 [139637467678464] INFO perfrun.launcher <> - plugin [remoteplug] was disabled because it doesn't support the given collection type.
81 [139637467678464] INFO perfrun.launcher <> - plugin [system] was disabled because it doesn't support the given collection type.
81 [139637467678464] INFO perfrun.vdso <> - dumping [vdso] pseudomodule
238 [139637467678464] INFO perfrun.launcher <> - plugin [itt] was disabled because it doesn't support the given collection type.
238 [139637467678464] INFO perfrun.launcher <> - plugin [ptracecollector] was disabled because it doesn't support the given collection type.
238 [139637467678464] INFO perfrun.launcher <> - plugin [gpu] was disabled because it doesn't support the given collection type.
238 [139637467678464] INFO perfrun.launcher <> - plugin [] was disabled because it doesn't support the given collection type.
238 [139637467678464] INFO perfrun.launcher <> - plugin [] was disabled because it doesn't support the given collection type.
238 [139637467678464] INFO perfrun.launcher <> - plugin [] was disabled because it doesn't support the given collection type.
239 [139637467678464] INFO perfrun.launcher <> - plugin [mrte] was disabled because it doesn't support the given collection type.
239 [139637467678464] INFO perfrun.launcher <> - plugin [emon] was disabled because it doesn't support the given collection type.
239 [139637467678464] INFO perfrun.launcher <> - plugin [cuscol] was disabled because it doesn't support the given collection type.
239 [139637467678464] INFO perfrun.launcher <> - plugin [stdsrc] was disabled because it doesn't support the given collection type.
239 [139637467678464] INFO perfrun.launcher <> - plugin [sep] was disabled because it doesn't support the given collection type.
239 [139637467678464] INFO perfrun.launcher <> - plugin [vtsspp] was disabled because it doesn't support the given collection type.
239 [139637467678464] INFO perfrun.launcher <> - plugin [perf] was disabled because it doesn't support the given collection type.
239 [139637467678464] INFO perfrun.launcher <> - plugin [aoclprofile] was disabled because it doesn't support the given collection type.
239 [139637467678464] INFO perfrun.launcher <> - plugin [tpss] was disabled because it doesn't support the given collection type.
239 [139637467678464] INFO perfrun.launcher <> - plugin [exprof] was disabled because it doesn't support the given collection type.
239 [139637467678464] INFO perfrun.launcher <> - plugin [media] was disabled because it doesn't support the given collection type.
239 [139637467678464] INFO perfrun.launcher <> - plugin [] was disabled because it doesn't support the given collection type.
239 [139637467678464] INFO perfrun.launcher <> - plugin [] was disabled because it doesn't support the given collection type.
239 [139637467678464] INFO perfrun.launcher <> - plugin [parallelfs] was disabled because it doesn't support the given collection type.
239 [139637467678464] INFO perfrun.launcher <> - plugin [power] was disabled because it doesn't support the given collection type.
239 [139637467678464] INFO perfrun.launcher <> - plugin [hwloc] was disabled because it doesn't support the given collection type.
239 [139637467678464] INFO perfrun.launcher <> - plugin [ipmwatch] was disabled because it doesn't support the given collection type.
239 [139637467678464] INFO perfrun.launcher <> - plugin [os_counters] was disabled because it doesn't support the given collection type.
239 [139637607831424] INFO perfrun.launcher <> - Application exit code: 0
239 [139637607831424] INFO perfrun.launcher <> - Exit code: 0
