9 [4130900736] INFO perfrun.launcher <> - Launcher main begin
11 [4130900736] INFO perfrun.launcher <> - MessageCatalogInit finished
11 [4130900736] INFO perfrun.launcher <> - Launcher instance created
11 [4130900736] INFO perfrun.launcher <> - argc = 6; cmdline = /opt/intel/oneapi/vtune/2021.5.0/bin32/amplxe-runss -dump-vdso -r /home/user/bio/MS-Tools/msCRUSH/profiling/r000hs --tmp-dir /tmp/amplxe-tmp-user 
27 [4130900736] INFO perfrun.launcher <> - create msngr2::ICliToolContext
27 [4130900736] INFO perfrun.launcher <> - create file finder object
29 [4130286400] INFO perfrun.launcher <> - plugin [remoteplug] was disabled because it doesn't support the given collection type.
29 [4130286400] INFO perfrun.launcher <> - plugin [] was disabled because it doesn't support the given collection type.
29 [4130286400] INFO perfrun.vdso <> - dumping [vdso] pseudomodule
648 [4130286400] INFO perfrun.launcher <> - plugin [] was disabled because it doesn't support the given collection type.
648 [4130286400] INFO perfrun.launcher <> - plugin [] was disabled because it doesn't support the given collection type.
648 [4130286400] INFO perfrun.launcher <> - plugin [] was disabled because it doesn't support the given collection type.
648 [4130286400] INFO perfrun.launcher <> - plugin [] was disabled because it doesn't support the given collection type.
648 [4130286400] INFO perfrun.launcher <> - plugin [] was disabled because it doesn't support the given collection type.
648 [4130286400] INFO perfrun.launcher <> - plugin [] was disabled because it doesn't support the given collection type.
648 [4130286400] INFO perfrun.launcher <> - plugin [] was disabled because it doesn't support the given collection type.
648 [4130286400] INFO perfrun.launcher <> - plugin [] was disabled because it doesn't support the given collection type.
648 [4130286400] INFO perfrun.launcher <> - plugin [] was disabled because it doesn't support the given collection type.
648 [4130286400] INFO perfrun.launcher <> - plugin [] was disabled because it doesn't support the given collection type.
648 [4130286400] INFO perfrun.launcher <> - plugin [] was disabled because it doesn't support the given collection type.
648 [4130286400] INFO perfrun.launcher <> - plugin [] was disabled because it doesn't support the given collection type.
648 [4130286400] INFO perfrun.launcher <> - plugin [] was disabled because it doesn't support the given collection type.
648 [4130286400] INFO perfrun.launcher <> - plugin [] was disabled because it doesn't support the given collection type.
648 [4130286400] INFO perfrun.launcher <> - plugin [] was disabled because it doesn't support the given collection type.
648 [4130286400] INFO perfrun.launcher <> - plugin [] was disabled because it doesn't support the given collection type.
648 [4130286400] INFO perfrun.launcher <> - plugin [] was disabled because it doesn't support the given collection type.
648 [4130286400] INFO perfrun.launcher <> - plugin [] was disabled because it doesn't support the given collection type.
648 [4130286400] INFO perfrun.launcher <> - plugin [] was disabled because it doesn't support the given collection type.
648 [4130286400] INFO perfrun.launcher <> - plugin [] was disabled because it doesn't support the given collection type.
648 [4130286400] INFO perfrun.launcher <> - plugin [] was disabled because it doesn't support the given collection type.
648 [4130286400] INFO perfrun.launcher <> - plugin [] was disabled because it doesn't support the given collection type.
648 [4130286400] INFO perfrun.launcher <> - plugin [] was disabled because it doesn't support the given collection type.
648 [4130286400] INFO perfrun.launcher <> - plugin [] was disabled because it doesn't support the given collection type.
648 [4130900736] INFO perfrun.launcher <> - Application exit code: 0
648 [4130900736] INFO perfrun.launcher <> - Exit code: 0
