Architecture:          x86_64
CPU op-mode(s):        32-bit, 64-bit
Byte Order:            Little Endian
CPU(s):                16
On-line CPU(s) list:   0-15
Thread(s) per core:    2
Core(s) per socket:    8
Socket(s):             1
NUMA node(s):          1
Vendor ID:             GenuineIntel
CPU family:            6
Model:                 79
Model name:            Intel(R) Xeon(R) CPU E5-1680 v4 @ 3.40GHz
Stepping:              1
CPU MHz:               3300.385
CPU max MHz:           4000.0000
CPU min MHz:           1200.0000
BogoMIPS:              6795.48
Virtualization:        VT-x
L1d cache:             32K
L1i cache:             32K
L2 cache:              256K
L3 cache:              20480K
NUMA node0 CPU(s):     0-15
Flags:                 fpu vme de pse tsc msr pae mce cx8 apic sep mtrr pge mca cmov pat pse36 clflush dts acpi mmx fxsr sse sse2 ss ht tm pbe syscall nx pdpe1gb rdtscp lm constant_tsc arch_perfmon pebs bts rep_good nopl xtopology nonstop_tsc cpuid aperfmperf pni pclmulqdq dtes64 monitor ds_cpl vmx smx est tm2 ssse3 sdbg fma cx16 xtpr pdcm pcid dca sse4_1 sse4_2 x2apic movbe popcnt tsc_deadline_timer aes xsave avx f16c rdrand lahf_lm abm 3dnowprefetch cpuid_fault epb cat_l3 cdp_l3 invpcid_single pti intel_ppin ssbd ibrs ibpb stibp tpr_shadow vnmi flexpriority ept vpid ept_ad fsgsbase tsc_adjust bmi1 hle avx2 smep bmi2 erms invpcid rtm cqm rdt_a rdseed adx smap intel_pt xsaveopt cqm_llc cqm_occup_llc cqm_mbm_total cqm_mbm_local dtherm ida arat pln pts md_clear flush_l1d
--Output HyperParams Begins--
<bool> peak intensity log normalized: Yes
<bool> remove precursor peak: Yes
<float> precursor mass tolerance(Da): 0.05
<float> max peak mz: 2000
<float> min peak mz: 200
<float> min cosine sim for clustering: 0.65
<float> mz scale after nomrlization: 1000
<float> fragment precision: 0.8
<float> shared peak mz eps: 0.2
<int> clustering iteration: 100
<int> hash functions per hash table: 15
<int> hash function dimension: 2251
<int> topK strongest peaks per bin: 5
<int> threads to use: 40
<int> window(bin) size: 100
<string> consensus spectra file prefix: consensus
<string> clustering result file prefix: ../clusters/clusters
--Output HyperParams Ends--

Delimiter to separate MS2 titles: |
Loading spectra...
Loading spectra from file: [1/5]
file name: /home/user/bio/ms-dataset/PXD021328/SARS-CoV-2-18.mgf
Loading spectra from file: [2/5]
file name: /home/user/bio/ms-dataset/PXD021328/SARS-CoV-2-34.mgf
Loading spectra from file: [3/5]
file name: /home/user/bio/ms-dataset/PXD021328/SARS-CoV-2-38.mgf
Loading spectra from file: [4/5]
file name: /home/user/bio/ms-dataset/PXD021328/SARS-CoV-2-47.mgf
Loading spectra from file: [5/5]
file name: /home/user/bio/ms-dataset/PXD021328/SARS-CoV-2-51.mgf
Loading spectra takes secs:	39.2198
Now we have #unknown spectra: 213367
6 charge: 2324
2 charge: 144814
3 charge: 51187
4 charge: 10976
5 charge: 4066
Cluster on spectra of charge +2
Load spectra with charge +2: 144814
Load spectra with no charge(+0): 0
Starting to cluster.
Iteration:	1, cos sim threshold:	0.8975
hashing takes secs:	0.0204715, clustering takes secs:	0.00407504
#spectra after clustering: 144479

Iteration:	2, cos sim threshold:	0.895
hashing takes secs:	0.0218813, clustering takes secs:	0.0034488
#spectra after clustering: 144198

Iteration:	3, cos sim threshold:	0.8925
hashing takes secs:	0.0265169, clustering takes secs:	0.00295652
#spectra after clustering: 143952

Iteration:	4, cos sim threshold:	0.89
hashing takes secs:	0.023316, clustering takes secs:	0.00313058
#spectra after clustering: 143690

Iteration:	5, cos sim threshold:	0.8875
hashing takes secs:	0.0226127, clustering takes secs:	0.00301459
#spectra after clustering: 143466

Iteration:	6, cos sim threshold:	0.885
hashing takes secs:	0.0226888, clustering takes secs:	0.00249416
#spectra after clustering: 143198

Iteration:	7, cos sim threshold:	0.8825
hashing takes secs:	0.0230328, clustering takes secs:	0.00272202
#spectra after clustering: 142960

Iteration:	8, cos sim threshold:	0.88
hashing takes secs:	0.0234548, clustering takes secs:	0.00349839
#spectra after clustering: 142687

Iteration:	9, cos sim threshold:	0.8775
hashing takes secs:	0.0233398, clustering takes secs:	0.00505413
#spectra after clustering: 142421

Iteration:	10, cos sim threshold:	0.875
hashing takes secs:	0.0367598, clustering takes secs:	0.00319272
#spectra after clustering: 142184

Iteration:	11, cos sim threshold:	0.8725
hashing takes secs:	0.0259539, clustering takes secs:	0.0035032
#spectra after clustering: 141914

Iteration:	12, cos sim threshold:	0.87
hashing takes secs:	0.0243238, clustering takes secs:	0.00286892
#spectra after clustering: 141673

Iteration:	13, cos sim threshold:	0.8675
hashing takes secs:	0.0305148, clustering takes secs:	0.00346898
#spectra after clustering: 141387

Iteration:	14, cos sim threshold:	0.865
hashing takes secs:	0.0236818, clustering takes secs:	0.00321947
#spectra after clustering: 141083

Iteration:	15, cos sim threshold:	0.8625
hashing takes secs:	0.0241307, clustering takes secs:	0.00343054
#spectra after clustering: 140745

Iteration:	16, cos sim threshold:	0.86
hashing takes secs:	0.0308753, clustering takes secs:	0.00399215
#spectra after clustering: 140441

Iteration:	17, cos sim threshold:	0.8575
hashing takes secs:	0.0241964, clustering takes secs:	0.00306392
#spectra after clustering: 140085

Iteration:	18, cos sim threshold:	0.855
hashing takes secs:	0.0244074, clustering takes secs:	0.00337204
#spectra after clustering: 139771

Iteration:	19, cos sim threshold:	0.8525
hashing takes secs:	0.0345941, clustering takes secs:	0.00314147
#spectra after clustering: 139436

Iteration:	20, cos sim threshold:	0.85
hashing takes secs:	0.0247552, clustering takes secs:	0.00325763
#spectra after clustering: 139082

Iteration:	21, cos sim threshold:	0.8475
hashing takes secs:	0.0246086, clustering takes secs:	0.00432292
#spectra after clustering: 138733

Iteration:	22, cos sim threshold:	0.845
hashing takes secs:	0.024616, clustering takes secs:	0.00390047
#spectra after clustering: 138368

Iteration:	23, cos sim threshold:	0.8425
hashing takes secs:	0.024247, clustering takes secs:	0.00350932
#spectra after clustering: 138008

Iteration:	24, cos sim threshold:	0.84
hashing takes secs:	0.024645, clustering takes secs:	0.00393296
#spectra after clustering: 137633

Iteration:	25, cos sim threshold:	0.8375
hashing takes secs:	0.025623, clustering takes secs:	0.00296187
#spectra after clustering: 137226

Iteration:	26, cos sim threshold:	0.835
hashing takes secs:	0.0254177, clustering takes secs:	0.00343378
#spectra after clustering: 136825

Iteration:	27, cos sim threshold:	0.8325
hashing takes secs:	0.0264346, clustering takes secs:	0.00403594
#spectra after clustering: 136396

Iteration:	28, cos sim threshold:	0.83
hashing takes secs:	0.0258076, clustering takes secs:	0.00367273
#spectra after clustering: 135958

Iteration:	29, cos sim threshold:	0.8275
hashing takes secs:	0.0277388, clustering takes secs:	0.00327714
#spectra after clustering: 135524

Iteration:	30, cos sim threshold:	0.825
hashing takes secs:	0.0245464, clustering takes secs:	0.00354752
#spectra after clustering: 135068

Iteration:	31, cos sim threshold:	0.8225
hashing takes secs:	0.024423, clustering takes secs:	0.00431432
#spectra after clustering: 134587

Iteration:	32, cos sim threshold:	0.82
hashing takes secs:	0.0285787, clustering takes secs:	0.00405841
#spectra after clustering: 134125

Iteration:	33, cos sim threshold:	0.8175
hashing takes secs:	0.0254817, clustering takes secs:	0.00382777
#spectra after clustering: 133676

Iteration:	34, cos sim threshold:	0.815
hashing takes secs:	0.0241957, clustering takes secs:	0.00429789
#spectra after clustering: 133185

Iteration:	35, cos sim threshold:	0.8125
hashing takes secs:	0.0314482, clustering takes secs:	0.00348689
#spectra after clustering: 132694

Iteration:	36, cos sim threshold:	0.81
hashing takes secs:	0.024552, clustering takes secs:	0.00364423
#spectra after clustering: 132201

Iteration:	37, cos sim threshold:	0.8075
hashing takes secs:	0.0251948, clustering takes secs:	0.00340016
#spectra after clustering: 131747

Iteration:	38, cos sim threshold:	0.805
hashing takes secs:	0.0280407, clustering takes secs:	0.00443672
#spectra after clustering: 131176

Iteration:	39, cos sim threshold:	0.8025
hashing takes secs:	0.0299757, clustering takes secs:	0.0042612
#spectra after clustering: 130654

Iteration:	40, cos sim threshold:	0.8
hashing takes secs:	0.024687, clustering takes secs:	0.0037891
#spectra after clustering: 130156

Iteration:	41, cos sim threshold:	0.7975
hashing takes secs:	0.0242078, clustering takes secs:	0.00360178
#spectra after clustering: 129596

Iteration:	42, cos sim threshold:	0.795
hashing takes secs:	0.0245819, clustering takes secs:	0.00417876
#spectra after clustering: 129019

Iteration:	43, cos sim threshold:	0.7925
hashing takes secs:	0.0246823, clustering takes secs:	0.00380156
#spectra after clustering: 128448

Iteration:	44, cos sim threshold:	0.79
hashing takes secs:	0.0248651, clustering takes secs:	0.00388736
#spectra after clustering: 127836

Iteration:	45, cos sim threshold:	0.7875
hashing takes secs:	0.024068, clustering takes secs:	0.00460764
#spectra after clustering: 127244

Iteration:	46, cos sim threshold:	0.785
hashing takes secs:	0.024048, clustering takes secs:	0.00378418
#spectra after clustering: 126689

Iteration:	47, cos sim threshold:	0.7825
hashing takes secs:	0.0243958, clustering takes secs:	0.00379382
#spectra after clustering: 126119

Iteration:	48, cos sim threshold:	0.78
hashing takes secs:	0.0267889, clustering takes secs:	0.00458096
#spectra after clustering: 125565

Iteration:	49, cos sim threshold:	0.7775
hashing takes secs:	0.0239052, clustering takes secs:	0.00446815
#spectra after clustering: 124961

Iteration:	50, cos sim threshold:	0.775
hashing takes secs:	0.0236811, clustering takes secs:	0.00405477
#spectra after clustering: 124394

Iteration:	51, cos sim threshold:	0.7725
hashing takes secs:	0.0323912, clustering takes secs:	0.00544419
#spectra after clustering: 123752

Iteration:	52, cos sim threshold:	0.77
hashing takes secs:	0.0247007, clustering takes secs:	0.00427339
#spectra after clustering: 123149

Iteration:	53, cos sim threshold:	0.7675
hashing takes secs:	0.0261061, clustering takes secs:	0.00399352
#spectra after clustering: 122530

Iteration:	54, cos sim threshold:	0.765
hashing takes secs:	0.0232873, clustering takes secs:	0.00411356
#spectra after clustering: 121920

Iteration:	55, cos sim threshold:	0.7625
hashing takes secs:	0.0243105, clustering takes secs:	0.00429432
#spectra after clustering: 121356

Iteration:	56, cos sim threshold:	0.76
hashing takes secs:	0.0239013, clustering takes secs:	0.00413917
#spectra after clustering: 120707

Iteration:	57, cos sim threshold:	0.7575
hashing takes secs:	0.0235088, clustering takes secs:	0.00471911
#spectra after clustering: 120111

Iteration:	58, cos sim threshold:	0.755
hashing takes secs:	0.0236574, clustering takes secs:	0.0040987
#spectra after clustering: 119479

Iteration:	59, cos sim threshold:	0.7525
hashing takes secs:	0.0236339, clustering takes secs:	0.00383044
#spectra after clustering: 118934

Iteration:	60, cos sim threshold:	0.75
hashing takes secs:	0.0267321, clustering takes secs:	0.00445638
#spectra after clustering: 118378

Iteration:	61, cos sim threshold:	0.7475
hashing takes secs:	0.0289759, clustering takes secs:	0.00392867
#spectra after clustering: 117803

Iteration:	62, cos sim threshold:	0.745
hashing takes secs:	0.02659, clustering takes secs:	0.003846
#spectra after clustering: 117238

Iteration:	63, cos sim threshold:	0.7425
hashing takes secs:	0.0229764, clustering takes secs:	0.00462646
#spectra after clustering: 116644

Iteration:	64, cos sim threshold:	0.74
hashing takes secs:	0.0255659, clustering takes secs:	0.00427465
#spectra after clustering: 116067

Iteration:	65, cos sim threshold:	0.7375
hashing takes secs:	0.0217277, clustering takes secs:	0.0039907
#spectra after clustering: 115372

Iteration:	66, cos sim threshold:	0.735
hashing takes secs:	0.0216961, clustering takes secs:	0.00423166
#spectra after clustering: 114759

Iteration:	67, cos sim threshold:	0.7325
hashing takes secs:	0.0326372, clustering takes secs:	0.00384343
#spectra after clustering: 114166

Iteration:	68, cos sim threshold:	0.73
hashing takes secs:	0.0271643, clustering takes secs:	0.0044387
#spectra after clustering: 113571

Iteration:	69, cos sim threshold:	0.7275
hashing takes secs:	0.0225403, clustering takes secs:	0.00370402
#spectra after clustering: 112988

Iteration:	70, cos sim threshold:	0.725
hashing takes secs:	0.0274734, clustering takes secs:	0.00390607
#spectra after clustering: 112401

Iteration:	71, cos sim threshold:	0.7225
hashing takes secs:	0.0222031, clustering takes secs:	0.00423114
#spectra after clustering: 111796

Iteration:	72, cos sim threshold:	0.72
hashing takes secs:	0.0227971, clustering takes secs:	0.00370007
#spectra after clustering: 111257

Iteration:	73, cos sim threshold:	0.7175
hashing takes secs:	0.0224778, clustering takes secs:	0.004879
#spectra after clustering: 110655

Iteration:	74, cos sim threshold:	0.715
hashing takes secs:	0.0222066, clustering takes secs:	0.00378427
#spectra after clustering: 110049

Iteration:	75, cos sim threshold:	0.7125
hashing takes secs:	0.022917, clustering takes secs:	0.00424095
#spectra after clustering: 109488

Iteration:	76, cos sim threshold:	0.71
hashing takes secs:	0.0219561, clustering takes secs:	0.004241
#spectra after clustering: 108935

Iteration:	77, cos sim threshold:	0.7075
hashing takes secs:	0.0288557, clustering takes secs:	0.00668061
#spectra after clustering: 108331

Iteration:	78, cos sim threshold:	0.705
hashing takes secs:	0.0258287, clustering takes secs:	0.0052959
#spectra after clustering: 107703

Iteration:	79, cos sim threshold:	0.7025
hashing takes secs:	0.0220777, clustering takes secs:	0.00458504
#spectra after clustering: 107164

Iteration:	80, cos sim threshold:	0.7
hashing takes secs:	0.0299545, clustering takes secs:	0.00504886
#spectra after clustering: 106635

Iteration:	81, cos sim threshold:	0.6975
hashing takes secs:	0.022327, clustering takes secs:	0.0034967
#spectra after clustering: 106072

Iteration:	82, cos sim threshold:	0.695
hashing takes secs:	0.0217941, clustering takes secs:	0.00350714
#spectra after clustering: 105522

Iteration:	83, cos sim threshold:	0.6925
hashing takes secs:	0.0240296, clustering takes secs:	0.00468353
#spectra after clustering: 104930

Iteration:	84, cos sim threshold:	0.69
hashing takes secs:	0.0247677, clustering takes secs:	0.00390521
#spectra after clustering: 104434

Iteration:	85, cos sim threshold:	0.6875
hashing takes secs:	0.0212715, clustering takes secs:	0.00349604
#spectra after clustering: 103879

Iteration:	86, cos sim threshold:	0.685
hashing takes secs:	0.0206068, clustering takes secs:	0.00475157
#spectra after clustering: 103314

Iteration:	87, cos sim threshold:	0.6825
hashing takes secs:	0.0225108, clustering takes secs:	0.00398289
#spectra after clustering: 102815

Iteration:	88, cos sim threshold:	0.68
hashing takes secs:	0.0214424, clustering takes secs:	0.00341846
#spectra after clustering: 102329

Iteration:	89, cos sim threshold:	0.6775
hashing takes secs:	0.0211782, clustering takes secs:	0.00313361
#spectra after clustering: 101796

Iteration:	90, cos sim threshold:	0.675
hashing takes secs:	0.0213614, clustering takes secs:	0.00326855
#spectra after clustering: 101304

Iteration:	91, cos sim threshold:	0.6725
hashing takes secs:	0.0208292, clustering takes secs:	0.00443968
#spectra after clustering: 100788

Iteration:	92, cos sim threshold:	0.67
hashing takes secs:	0.0211551, clustering takes secs:	0.00361041
#spectra after clustering: 100324

Iteration:	93, cos sim threshold:	0.6675
hashing takes secs:	0.0203742, clustering takes secs:	0.00440768
#spectra after clustering: 99762

Iteration:	94, cos sim threshold:	0.665
hashing takes secs:	0.0238248, clustering takes secs:	0.00322767
#spectra after clustering: 99291

Iteration:	95, cos sim threshold:	0.6625
hashing takes secs:	0.0239635, clustering takes secs:	0.00383393
#spectra after clustering: 98772

Iteration:	96, cos sim threshold:	0.66
hashing takes secs:	0.0212108, clustering takes secs:	0.00345925
#spectra after clustering: 98317

Iteration:	97, cos sim threshold:	0.6575
hashing takes secs:	0.0281876, clustering takes secs:	0.00517381
#spectra after clustering: 97814

Iteration:	98, cos sim threshold:	0.655
hashing takes secs:	0.0203775, clustering takes secs:	0.00471544
#spectra after clustering: 97261

Iteration:	99, cos sim threshold:	0.6525
hashing takes secs:	0.0209623, clustering takes secs:	0.00377584
#spectra after clustering: 96733

Iteration:	100, cos sim threshold:	0.65
hashing takes secs:	0.0214864, clustering takes secs:	0.00389984
#spectra after clustering: 96304

msCRUSH algorithm hash+cluster takes (secs): 3.0501
Saving cluster results starts: 
Save cluster results takes secs: 0.141049
Releasing memory starts.
Releasing memory takes: 0.0971233
msCRUSH algorithm in total takes (secs): 3.28829
Cluster on spectra of charge +3
Load spectra with charge +3: 51187
Load spectra with no charge(+0): 0
Starting to cluster.
Iteration:	1, cos sim threshold:	0.8975
hashing takes secs:	0.00972344, clustering takes secs:	0.00195038
#spectra after clustering: 51130

Iteration:	2, cos sim threshold:	0.895
hashing takes secs:	0.0123102, clustering takes secs:	0.00153792
#spectra after clustering: 51069

Iteration:	3, cos sim threshold:	0.8925
hashing takes secs:	0.0121578, clustering takes secs:	0.00220234
#spectra after clustering: 51028

Iteration:	4, cos sim threshold:	0.89
hashing takes secs:	0.0128561, clustering takes secs:	0.00250219
#spectra after clustering: 50972

Iteration:	5, cos sim threshold:	0.8875
hashing takes secs:	0.0122879, clustering takes secs:	0.00103328
#spectra after clustering: 50922

Iteration:	6, cos sim threshold:	0.885
hashing takes secs:	0.0123558, clustering takes secs:	0.00139677
#spectra after clustering: 50867

Iteration:	7, cos sim threshold:	0.8825
hashing takes secs:	0.014127, clustering takes secs:	0.00115546
#spectra after clustering: 50813

Iteration:	8, cos sim threshold:	0.88
hashing takes secs:	0.0125297, clustering takes secs:	0.0014653
#spectra after clustering: 50775

Iteration:	9, cos sim threshold:	0.8775
hashing takes secs:	0.0123412, clustering takes secs:	0.00111771
#spectra after clustering: 50736

Iteration:	10, cos sim threshold:	0.875
hashing takes secs:	0.0213874, clustering takes secs:	0.00134325
#spectra after clustering: 50685

Iteration:	11, cos sim threshold:	0.8725
hashing takes secs:	0.0121466, clustering takes secs:	0.00113438
#spectra after clustering: 50616

Iteration:	12, cos sim threshold:	0.87
hashing takes secs:	0.0125322, clustering takes secs:	0.00149751
#spectra after clustering: 50546

Iteration:	13, cos sim threshold:	0.8675
hashing takes secs:	0.0124557, clustering takes secs:	0.00121019
#spectra after clustering: 50496

Iteration:	14, cos sim threshold:	0.865
hashing takes secs:	0.0122017, clustering takes secs:	0.00256693
#spectra after clustering: 50432

Iteration:	15, cos sim threshold:	0.8625
hashing takes secs:	0.0119756, clustering takes secs:	0.00119481
#spectra after clustering: 50361

Iteration:	16, cos sim threshold:	0.86
hashing takes secs:	0.0123015, clustering takes secs:	0.00141835
#spectra after clustering: 50298

Iteration:	17, cos sim threshold:	0.8575
hashing takes secs:	0.0121478, clustering takes secs:	0.00143602
#spectra after clustering: 50223

Iteration:	18, cos sim threshold:	0.855
hashing takes secs:	0.0123435, clustering takes secs:	0.00178871
#spectra after clustering: 50136

Iteration:	19, cos sim threshold:	0.8525
hashing takes secs:	0.0122756, clustering takes secs:	0.00240942
#spectra after clustering: 50070

Iteration:	20, cos sim threshold:	0.85
hashing takes secs:	0.0122711, clustering takes secs:	0.00151082
#spectra after clustering: 49999

Iteration:	21, cos sim threshold:	0.8475
hashing takes secs:	0.0123057, clustering takes secs:	0.0013224
#spectra after clustering: 49910

Iteration:	22, cos sim threshold:	0.845
hashing takes secs:	0.0264087, clustering takes secs:	0.00172866
#spectra after clustering: 49830

Iteration:	23, cos sim threshold:	0.8425
hashing takes secs:	0.0120953, clustering takes secs:	0.00245412
#spectra after clustering: 49746

Iteration:	24, cos sim threshold:	0.84
hashing takes secs:	0.0122638, clustering takes secs:	0.0015121
#spectra after clustering: 49657

Iteration:	25, cos sim threshold:	0.8375
hashing takes secs:	0.0120348, clustering takes secs:	0.00118633
#spectra after clustering: 49573

Iteration:	26, cos sim threshold:	0.835
hashing takes secs:	0.0128844, clustering takes secs:	0.00161842
#spectra after clustering: 49473

Iteration:	27, cos sim threshold:	0.8325
hashing takes secs:	0.0121641, clustering takes secs:	0.0024549
#spectra after clustering: 49377

Iteration:	28, cos sim threshold:	0.83
hashing takes secs:	0.0156264, clustering takes secs:	0.00150622
#spectra after clustering: 49302

Iteration:	29, cos sim threshold:	0.8275
hashing takes secs:	0.0118912, clustering takes secs:	0.00274992
#spectra after clustering: 49201

Iteration:	30, cos sim threshold:	0.825
hashing takes secs:	0.0127769, clustering takes secs:	0.00176563
#spectra after clustering: 49082

Iteration:	31, cos sim threshold:	0.8225
hashing takes secs:	0.0119462, clustering takes secs:	0.00136308
#spectra after clustering: 48975

Iteration:	32, cos sim threshold:	0.82
hashing takes secs:	0.0121977, clustering takes secs:	0.00163973
#spectra after clustering: 48876

Iteration:	33, cos sim threshold:	0.8175
hashing takes secs:	0.01179, clustering takes secs:	0.00147206
#spectra after clustering: 48761

Iteration:	34, cos sim threshold:	0.815
hashing takes secs:	0.0185927, clustering takes secs:	0.00164983
#spectra after clustering: 48643

Iteration:	35, cos sim threshold:	0.8125
hashing takes secs:	0.0117839, clustering takes secs:	0.00264124
#spectra after clustering: 48520

Iteration:	36, cos sim threshold:	0.81
hashing takes secs:	0.0118071, clustering takes secs:	0.00173279
#spectra after clustering: 48380

Iteration:	37, cos sim threshold:	0.8075
hashing takes secs:	0.0118068, clustering takes secs:	0.00130946
#spectra after clustering: 48248

Iteration:	38, cos sim threshold:	0.805
hashing takes secs:	0.0119682, clustering takes secs:	0.00190261
#spectra after clustering: 48104

Iteration:	39, cos sim threshold:	0.8025
hashing takes secs:	0.0117755, clustering takes secs:	0.00153151
#spectra after clustering: 47954

Iteration:	40, cos sim threshold:	0.8
hashing takes secs:	0.0175222, clustering takes secs:	0.00168412
#spectra after clustering: 47823

Iteration:	41, cos sim threshold:	0.7975
hashing takes secs:	0.0116296, clustering takes secs:	0.00150839
#spectra after clustering: 47686

Iteration:	42, cos sim threshold:	0.795
hashing takes secs:	0.0118314, clustering takes secs:	0.00197806
#spectra after clustering: 47539

Iteration:	43, cos sim threshold:	0.7925
hashing takes secs:	0.0114898, clustering takes secs:	0.00185668
#spectra after clustering: 47389

Iteration:	44, cos sim threshold:	0.79
hashing takes secs:	0.0115773, clustering takes secs:	0.00219097
#spectra after clustering: 47231

Iteration:	45, cos sim threshold:	0.7875
hashing takes secs:	0.0114895, clustering takes secs:	0.00153722
#spectra after clustering: 47085

Iteration:	46, cos sim threshold:	0.785
hashing takes secs:	0.0136906, clustering takes secs:	0.00160902
#spectra after clustering: 46953

Iteration:	47, cos sim threshold:	0.7825
hashing takes secs:	0.0114715, clustering takes secs:	0.00177693
#spectra after clustering: 46772

Iteration:	48, cos sim threshold:	0.78
hashing takes secs:	0.0141306, clustering takes secs:	0.00157708
#spectra after clustering: 46627

Iteration:	49, cos sim threshold:	0.7775
hashing takes secs:	0.0114545, clustering takes secs:	0.00163903
#spectra after clustering: 46481

Iteration:	50, cos sim threshold:	0.775
hashing takes secs:	0.0116966, clustering takes secs:	0.00162893
#spectra after clustering: 46349

Iteration:	51, cos sim threshold:	0.7725
hashing takes secs:	0.0113162, clustering takes secs:	0.00149256
#spectra after clustering: 46216

Iteration:	52, cos sim threshold:	0.77
hashing takes secs:	0.0188565, clustering takes secs:	0.00181176
#spectra after clustering: 46082

Iteration:	53, cos sim threshold:	0.7675
hashing takes secs:	0.0114819, clustering takes secs:	0.00157069
#spectra after clustering: 45923

Iteration:	54, cos sim threshold:	0.765
hashing takes secs:	0.0114491, clustering takes secs:	0.00478327
#spectra after clustering: 45754

Iteration:	55, cos sim threshold:	0.7625
hashing takes secs:	0.0111453, clustering takes secs:	0.00165433
#spectra after clustering: 45600

Iteration:	56, cos sim threshold:	0.76
hashing takes secs:	0.0112181, clustering takes secs:	0.00177424
#spectra after clustering: 45453

Iteration:	57, cos sim threshold:	0.7575
hashing takes secs:	0.0128018, clustering takes secs:	0.00167493
#spectra after clustering: 45293

Iteration:	58, cos sim threshold:	0.755
hashing takes secs:	0.0112467, clustering takes secs:	0.00168977
#spectra after clustering: 45134

Iteration:	59, cos sim threshold:	0.7525
hashing takes secs:	0.0109499, clustering takes secs:	0.00161897
#spectra after clustering: 44971

Iteration:	60, cos sim threshold:	0.75
hashing takes secs:	0.0112417, clustering takes secs:	0.00299173
#spectra after clustering: 44805

Iteration:	61, cos sim threshold:	0.7475
hashing takes secs:	0.0129829, clustering takes secs:	0.00152302
#spectra after clustering: 44625

Iteration:	62, cos sim threshold:	0.745
hashing takes secs:	0.0110635, clustering takes secs:	0.00317428
#spectra after clustering: 44445

Iteration:	63, cos sim threshold:	0.7425
hashing takes secs:	0.0108724, clustering takes secs:	0.00144773
#spectra after clustering: 44288

Iteration:	64, cos sim threshold:	0.74
hashing takes secs:	0.0186757, clustering takes secs:	0.0018379
#spectra after clustering: 44111

Iteration:	65, cos sim threshold:	0.7375
hashing takes secs:	0.0109779, clustering takes secs:	0.00170292
#spectra after clustering: 43926

Iteration:	66, cos sim threshold:	0.735
hashing takes secs:	0.0109401, clustering takes secs:	0.00203601
#spectra after clustering: 43752

Iteration:	67, cos sim threshold:	0.7325
hashing takes secs:	0.0107501, clustering takes secs:	0.00174657
#spectra after clustering: 43575

Iteration:	68, cos sim threshold:	0.73
hashing takes secs:	0.0106439, clustering takes secs:	0.00176208
#spectra after clustering: 43406

Iteration:	69, cos sim threshold:	0.7275
hashing takes secs:	0.0105292, clustering takes secs:	0.00155151
#spectra after clustering: 43225

Iteration:	70, cos sim threshold:	0.725
hashing takes secs:	0.0224492, clustering takes secs:	0.0024956
#spectra after clustering: 43048

Iteration:	71, cos sim threshold:	0.7225
hashing takes secs:	0.0106503, clustering takes secs:	0.00158588
#spectra after clustering: 42889

Iteration:	72, cos sim threshold:	0.72
hashing takes secs:	0.0107458, clustering takes secs:	0.00164109
#spectra after clustering: 42734

Iteration:	73, cos sim threshold:	0.7175
hashing takes secs:	0.0105855, clustering takes secs:	0.00144602
#spectra after clustering: 42560

Iteration:	74, cos sim threshold:	0.715
hashing takes secs:	0.0106551, clustering takes secs:	0.00167952
#spectra after clustering: 42391

Iteration:	75, cos sim threshold:	0.7125
hashing takes secs:	0.0103594, clustering takes secs:	0.0016749
#spectra after clustering: 42202

Iteration:	76, cos sim threshold:	0.71
hashing takes secs:	0.0198955, clustering takes secs:	0.00180233
#spectra after clustering: 42022

Iteration:	77, cos sim threshold:	0.7075
hashing takes secs:	0.010417, clustering takes secs:	0.00150029
#spectra after clustering: 41847

Iteration:	78, cos sim threshold:	0.705
hashing takes secs:	0.0103447, clustering takes secs:	0.00187951
#spectra after clustering: 41671

Iteration:	79, cos sim threshold:	0.7025
hashing takes secs:	0.0100912, clustering takes secs:	0.00220209
#spectra after clustering: 41491

Iteration:	80, cos sim threshold:	0.7
hashing takes secs:	0.0101619, clustering takes secs:	0.00166084
#spectra after clustering: 41320

Iteration:	81, cos sim threshold:	0.6975
hashing takes secs:	0.00996555, clustering takes secs:	0.00144949
#spectra after clustering: 41149

Iteration:	82, cos sim threshold:	0.695
hashing takes secs:	0.0102612, clustering takes secs:	0.00156449
#spectra after clustering: 40995

Iteration:	83, cos sim threshold:	0.6925
hashing takes secs:	0.0200589, clustering takes secs:	0.0015519
#spectra after clustering: 40848

Iteration:	84, cos sim threshold:	0.69
hashing takes secs:	0.0103147, clustering takes secs:	0.00183604
#spectra after clustering: 40671

Iteration:	85, cos sim threshold:	0.6875
hashing takes secs:	0.0101804, clustering takes secs:	0.00128694
#spectra after clustering: 40531

Iteration:	86, cos sim threshold:	0.685
hashing takes secs:	0.0102653, clustering takes secs:	0.00164443
#spectra after clustering: 40373

Iteration:	87, cos sim threshold:	0.6825
hashing takes secs:	0.0101633, clustering takes secs:	0.00161768
#spectra after clustering: 40196

Iteration:	88, cos sim threshold:	0.68
hashing takes secs:	0.0100627, clustering takes secs:	0.00151459
#spectra after clustering: 40043

Iteration:	89, cos sim threshold:	0.6775
hashing takes secs:	0.0229944, clustering takes secs:	0.00156657
#spectra after clustering: 39885

Iteration:	90, cos sim threshold:	0.675
hashing takes secs:	0.0100783, clustering takes secs:	0.00290128
#spectra after clustering: 39721

Iteration:	91, cos sim threshold:	0.6725
hashing takes secs:	0.0127111, clustering takes secs:	0.00248317
#spectra after clustering: 39555

Iteration:	92, cos sim threshold:	0.67
hashing takes secs:	0.0113299, clustering takes secs:	0.00158348
#spectra after clustering: 39386

Iteration:	93, cos sim threshold:	0.6675
hashing takes secs:	0.00976695, clustering takes secs:	0.00149964
#spectra after clustering: 39212

Iteration:	94, cos sim threshold:	0.665
hashing takes secs:	0.00985256, clustering takes secs:	0.00253398
#spectra after clustering: 39057

Iteration:	95, cos sim threshold:	0.6625
hashing takes secs:	0.00967757, clustering takes secs:	0.00135667
#spectra after clustering: 38890

Iteration:	96, cos sim threshold:	0.66
hashing takes secs:	0.0137594, clustering takes secs:	0.00162173
#spectra after clustering: 38747

Iteration:	97, cos sim threshold:	0.6575
hashing takes secs:	0.0113347, clustering takes secs:	0.0016718
#spectra after clustering: 38586

Iteration:	98, cos sim threshold:	0.655
hashing takes secs:	0.00980305, clustering takes secs:	0.00164713
#spectra after clustering: 38432

Iteration:	99, cos sim threshold:	0.6525
hashing takes secs:	0.00972963, clustering takes secs:	0.00138198
#spectra after clustering: 38278

Iteration:	100, cos sim threshold:	0.65
hashing takes secs:	0.00959044, clustering takes secs:	0.00154611
#spectra after clustering: 38112

msCRUSH algorithm hash+cluster takes (secs): 1.63205
Saving cluster results starts: 
Save cluster results takes secs: 0.0648541
Releasing memory starts.
Releasing memory takes: 0.0275937
msCRUSH algorithm in total takes (secs): 1.72452
Cluster on spectra of charge +4
Load spectra with charge +4: 10976
Load spectra with no charge(+0): 0
Starting to cluster.
Iteration:	1, cos sim threshold:	0.8975
hashing takes secs:	0.00244506, clustering takes secs:	0.000162654
#spectra after clustering: 10974

Iteration:	2, cos sim threshold:	0.895
hashing takes secs:	0.00308805, clustering takes secs:	0.000396738
#spectra after clustering: 10971

Iteration:	3, cos sim threshold:	0.8925
hashing takes secs:	0.00271171, clustering takes secs:	0.000307067
#spectra after clustering: 10968

Iteration:	4, cos sim threshold:	0.89
hashing takes secs:	0.00278604, clustering takes secs:	0.000470813
#spectra after clustering: 10964

Iteration:	5, cos sim threshold:	0.8875
hashing takes secs:	0.00269201, clustering takes secs:	0.000327976
#spectra after clustering: 10963

Iteration:	6, cos sim threshold:	0.885
hashing takes secs:	0.0028122, clustering takes secs:	0.000463358
#spectra after clustering: 10962

Iteration:	7, cos sim threshold:	0.8825
hashing takes secs:	0.00472302, clustering takes secs:	0.000323837
#spectra after clustering: 10959

Iteration:	8, cos sim threshold:	0.88
hashing takes secs:	0.00553468, clustering takes secs:	0.000433387
#spectra after clustering: 10957

Iteration:	9, cos sim threshold:	0.8775
hashing takes secs:	0.00477022, clustering takes secs:	0.000401123
#spectra after clustering: 10953

Iteration:	10, cos sim threshold:	0.875
hashing takes secs:	0.00285243, clustering takes secs:	0.00045248
#spectra after clustering: 10947

Iteration:	11, cos sim threshold:	0.8725
hashing takes secs:	0.00266615, clustering takes secs:	0.00190643
#spectra after clustering: 10941

Iteration:	12, cos sim threshold:	0.87
hashing takes secs:	0.00280052, clustering takes secs:	0.000416469
#spectra after clustering: 10938

Iteration:	13, cos sim threshold:	0.8675
hashing takes secs:	0.00274515, clustering takes secs:	0.000556292
#spectra after clustering: 10935

Iteration:	14, cos sim threshold:	0.865
hashing takes secs:	0.00808525, clustering takes secs:	0.000419029
#spectra after clustering: 10931

Iteration:	15, cos sim threshold:	0.8625
hashing takes secs:	0.0301353, clustering takes secs:	0.000439684
#spectra after clustering: 10926

Iteration:	16, cos sim threshold:	0.86
hashing takes secs:	0.00295446, clustering takes secs:	0.000514348
#spectra after clustering: 10918

Iteration:	17, cos sim threshold:	0.8575
hashing takes secs:	0.00276959, clustering takes secs:	0.000514071
#spectra after clustering: 10915

Iteration:	18, cos sim threshold:	0.855
hashing takes secs:	0.00471964, clustering takes secs:	0.000439921
#spectra after clustering: 10911

Iteration:	19, cos sim threshold:	0.8525
hashing takes secs:	0.00289737, clustering takes secs:	0.000411525
#spectra after clustering: 10905

Iteration:	20, cos sim threshold:	0.85
hashing takes secs:	0.00451633, clustering takes secs:	0.000447097
#spectra after clustering: 10897

Iteration:	21, cos sim threshold:	0.8475
hashing takes secs:	0.00270984, clustering takes secs:	0.000430114
#spectra after clustering: 10888

Iteration:	22, cos sim threshold:	0.845
hashing takes secs:	0.00274116, clustering takes secs:	0.000468977
#spectra after clustering: 10881

Iteration:	23, cos sim threshold:	0.8425
hashing takes secs:	0.00270824, clustering takes secs:	0.00296894
#spectra after clustering: 10875

Iteration:	24, cos sim threshold:	0.84
hashing takes secs:	0.00656347, clustering takes secs:	0.000460602
#spectra after clustering: 10871

Iteration:	25, cos sim threshold:	0.8375
hashing takes secs:	0.00299462, clustering takes secs:	0.00470877
#spectra after clustering: 10863

Iteration:	26, cos sim threshold:	0.835
hashing takes secs:	0.00287391, clustering takes secs:	0.000481866
#spectra after clustering: 10853

Iteration:	27, cos sim threshold:	0.8325
hashing takes secs:	0.00279437, clustering takes secs:	0.000412646
#spectra after clustering: 10847

Iteration:	28, cos sim threshold:	0.83
hashing takes secs:	0.00283617, clustering takes secs:	0.000511531
#spectra after clustering: 10837

Iteration:	29, cos sim threshold:	0.8275
hashing takes secs:	0.00269952, clustering takes secs:	0.000485256
#spectra after clustering: 10824

Iteration:	30, cos sim threshold:	0.825
hashing takes secs:	0.00277296, clustering takes secs:	0.000450068
#spectra after clustering: 10812

Iteration:	31, cos sim threshold:	0.8225
hashing takes secs:	0.00456647, clustering takes secs:	0.000411731
#spectra after clustering: 10803

Iteration:	32, cos sim threshold:	0.82
hashing takes secs:	0.00275779, clustering takes secs:	0.000456385
#spectra after clustering: 10794

Iteration:	33, cos sim threshold:	0.8175
hashing takes secs:	0.00457528, clustering takes secs:	0.00188152
#spectra after clustering: 10783

Iteration:	34, cos sim threshold:	0.815
hashing takes secs:	0.00499249, clustering takes secs:	0.000532141
#spectra after clustering: 10766

Iteration:	35, cos sim threshold:	0.8125
hashing takes secs:	0.00453812, clustering takes secs:	0.000465479
#spectra after clustering: 10755

Iteration:	36, cos sim threshold:	0.81
hashing takes secs:	0.0345475, clustering takes secs:	0.000494008
#spectra after clustering: 10746

Iteration:	37, cos sim threshold:	0.8075
hashing takes secs:	0.00282729, clustering takes secs:	0.000417579
#spectra after clustering: 10738

Iteration:	38, cos sim threshold:	0.805
hashing takes secs:	0.002901, clustering takes secs:	0.000535965
#spectra after clustering: 10722

Iteration:	39, cos sim threshold:	0.8025
hashing takes secs:	0.00270335, clustering takes secs:	0.000423994
#spectra after clustering: 10711

Iteration:	40, cos sim threshold:	0.8
hashing takes secs:	0.00475763, clustering takes secs:	0.000517138
#spectra after clustering: 10694

Iteration:	41, cos sim threshold:	0.7975
hashing takes secs:	0.00270901, clustering takes secs:	0.000569738
#spectra after clustering: 10674

Iteration:	42, cos sim threshold:	0.795
hashing takes secs:	0.00276428, clustering takes secs:	0.000575919
#spectra after clustering: 10656

Iteration:	43, cos sim threshold:	0.7925
hashing takes secs:	0.00265636, clustering takes secs:	0.000426913
#spectra after clustering: 10642

Iteration:	44, cos sim threshold:	0.79
hashing takes secs:	0.00453397, clustering takes secs:	0.00299808
#spectra after clustering: 10627

Iteration:	45, cos sim threshold:	0.7875
hashing takes secs:	0.00264062, clustering takes secs:	0.000432599
#spectra after clustering: 10610

Iteration:	46, cos sim threshold:	0.785
hashing takes secs:	0.00272258, clustering takes secs:	0.00210082
#spectra after clustering: 10591

Iteration:	47, cos sim threshold:	0.7825
hashing takes secs:	0.0383028, clustering takes secs:	0.00188671
#spectra after clustering: 10574

Iteration:	48, cos sim threshold:	0.78
hashing takes secs:	0.00340181, clustering takes secs:	0.0017653
#spectra after clustering: 10563

Iteration:	49, cos sim threshold:	0.7775
hashing takes secs:	0.00515759, clustering takes secs:	0.00177609
#spectra after clustering: 10544

Iteration:	50, cos sim threshold:	0.775
hashing takes secs:	0.00282166, clustering takes secs:	0.000510835
#spectra after clustering: 10530

Iteration:	51, cos sim threshold:	0.7725
hashing takes secs:	0.00263085, clustering takes secs:	0.000561854
#spectra after clustering: 10508

Iteration:	52, cos sim threshold:	0.77
hashing takes secs:	0.00276069, clustering takes secs:	0.000508512
#spectra after clustering: 10482

Iteration:	53, cos sim threshold:	0.7675
hashing takes secs:	0.00268915, clustering takes secs:	0.00208491
#spectra after clustering: 10468

Iteration:	54, cos sim threshold:	0.765
hashing takes secs:	0.00273431, clustering takes secs:	0.00047997
#spectra after clustering: 10451

Iteration:	55, cos sim threshold:	0.7625
hashing takes secs:	0.00256958, clustering takes secs:	0.000406728
#spectra after clustering: 10442

Iteration:	56, cos sim threshold:	0.76
hashing takes secs:	0.00587737, clustering takes secs:	0.00751005
#spectra after clustering: 10422

Iteration:	57, cos sim threshold:	0.7575
hashing takes secs:	0.0350248, clustering takes secs:	0.000489288
#spectra after clustering: 10407

Iteration:	58, cos sim threshold:	0.755
hashing takes secs:	0.00490627, clustering takes secs:	0.000551821
#spectra after clustering: 10390

Iteration:	59, cos sim threshold:	0.7525
hashing takes secs:	0.00264783, clustering takes secs:	0.00207466
#spectra after clustering: 10371

Iteration:	60, cos sim threshold:	0.75
hashing takes secs:	0.00269954, clustering takes secs:	0.00201253
#spectra after clustering: 10350

Iteration:	61, cos sim threshold:	0.7475
hashing takes secs:	0.00409239, clustering takes secs:	0.000494133
#spectra after clustering: 10326

Iteration:	62, cos sim threshold:	0.745
hashing takes secs:	0.00264266, clustering takes secs:	0.000512773
#spectra after clustering: 10302

Iteration:	63, cos sim threshold:	0.7425
hashing takes secs:	0.00254273, clustering takes secs:	0.000518047
#spectra after clustering: 10286

Iteration:	64, cos sim threshold:	0.74
hashing takes secs:	0.00257354, clustering takes secs:	0.000460884
#spectra after clustering: 10275

Iteration:	65, cos sim threshold:	0.7375
hashing takes secs:	0.0025516, clustering takes secs:	0.000484401
#spectra after clustering: 10252

Iteration:	66, cos sim threshold:	0.735
hashing takes secs:	0.00257394, clustering takes secs:	0.000490663
#spectra after clustering: 10231

Iteration:	67, cos sim threshold:	0.7325
hashing takes secs:	0.0419443, clustering takes secs:	0.000561217
#spectra after clustering: 10205

Iteration:	68, cos sim threshold:	0.73
hashing takes secs:	0.00268052, clustering takes secs:	0.0005305
#spectra after clustering: 10187

Iteration:	69, cos sim threshold:	0.7275
hashing takes secs:	0.00257598, clustering takes secs:	0.000461776
#spectra after clustering: 10164

Iteration:	70, cos sim threshold:	0.725
hashing takes secs:	0.00253727, clustering takes secs:	0.00181715
#spectra after clustering: 10148

Iteration:	71, cos sim threshold:	0.7225
hashing takes secs:	0.00252233, clustering takes secs:	0.000476622
#spectra after clustering: 10133

Iteration:	72, cos sim threshold:	0.72
hashing takes secs:	0.00253662, clustering takes secs:	0.000512584
#spectra after clustering: 10107

Iteration:	73, cos sim threshold:	0.7175
hashing takes secs:	0.00250822, clustering takes secs:	0.000469976
#spectra after clustering: 10084

Iteration:	74, cos sim threshold:	0.715
hashing takes secs:	0.00255675, clustering takes secs:	0.000518237
#spectra after clustering: 10068

Iteration:	75, cos sim threshold:	0.7125
hashing takes secs:	0.00248017, clustering takes secs:	0.000511592
#spectra after clustering: 10044

Iteration:	76, cos sim threshold:	0.71
hashing takes secs:	0.00252191, clustering takes secs:	0.000491545
#spectra after clustering: 10023

Iteration:	77, cos sim threshold:	0.7075
hashing takes secs:	0.00247035, clustering takes secs:	0.000460294
#spectra after clustering: 10003

Iteration:	78, cos sim threshold:	0.705
hashing takes secs:	0.00247242, clustering takes secs:	0.000573415
#spectra after clustering: 9972

Iteration:	79, cos sim threshold:	0.7025
hashing takes secs:	0.00771478, clustering takes secs:	0.0340066
#spectra after clustering: 9949

Iteration:	80, cos sim threshold:	0.7
hashing takes secs:	0.00263188, clustering takes secs:	0.000497249
#spectra after clustering: 9931

Iteration:	81, cos sim threshold:	0.6975
hashing takes secs:	0.00257572, clustering takes secs:	0.00216455
#spectra after clustering: 9909

Iteration:	82, cos sim threshold:	0.695
hashing takes secs:	0.00261513, clustering takes secs:	0.000549666
#spectra after clustering: 9885

Iteration:	83, cos sim threshold:	0.6925
hashing takes secs:	0.00248974, clustering takes secs:	0.000613388
#spectra after clustering: 9850

Iteration:	84, cos sim threshold:	0.69
hashing takes secs:	0.00250845, clustering takes secs:	0.00199519
#spectra after clustering: 9830

Iteration:	85, cos sim threshold:	0.6875
hashing takes secs:	0.00427157, clustering takes secs:	0.000544329
#spectra after clustering: 9804

Iteration:	86, cos sim threshold:	0.685
hashing takes secs:	0.00434486, clustering takes secs:	0.000545133
#spectra after clustering: 9782

Iteration:	87, cos sim threshold:	0.6825
hashing takes secs:	0.00247052, clustering takes secs:	0.000466642
#spectra after clustering: 9760

Iteration:	88, cos sim threshold:	0.68
hashing takes secs:	0.00244932, clustering takes secs:	0.00201407
#spectra after clustering: 9734

Iteration:	89, cos sim threshold:	0.6775
hashing takes secs:	0.00848778, clustering takes secs:	0.000526411
#spectra after clustering: 9708

Iteration:	90, cos sim threshold:	0.675
hashing takes secs:	0.0366941, clustering takes secs:	0.000558726
#spectra after clustering: 9687

Iteration:	91, cos sim threshold:	0.6725
hashing takes secs:	0.00254466, clustering takes secs:	0.000509083
#spectra after clustering: 9665

Iteration:	92, cos sim threshold:	0.67
hashing takes secs:	0.00247954, clustering takes secs:	0.000515036
#spectra after clustering: 9640

Iteration:	93, cos sim threshold:	0.6675
hashing takes secs:	0.00239581, clustering takes secs:	0.000464107
#spectra after clustering: 9621

Iteration:	94, cos sim threshold:	0.665
hashing takes secs:	0.00242108, clustering takes secs:	0.000419323
#spectra after clustering: 9606

Iteration:	95, cos sim threshold:	0.6625
hashing takes secs:	0.00235801, clustering takes secs:	0.00164763
#spectra after clustering: 9581

Iteration:	96, cos sim threshold:	0.66
hashing takes secs:	0.00375996, clustering takes secs:	0.00143832
#spectra after clustering: 9554

Iteration:	97, cos sim threshold:	0.6575
hashing takes secs:	0.00238434, clustering takes secs:	0.000567898
#spectra after clustering: 9523

Iteration:	98, cos sim threshold:	0.655
hashing takes secs:	0.0023997, clustering takes secs:	0.000434192
#spectra after clustering: 9504

Iteration:	99, cos sim threshold:	0.6525
hashing takes secs:	0.00232875, clustering takes secs:	0.000454357
#spectra after clustering: 9487

Iteration:	100, cos sim threshold:	0.65
hashing takes secs:	0.00240248, clustering takes secs:	0.000510295
#spectra after clustering: 9460

msCRUSH algorithm hash+cluster takes (secs): 0.876216
Saving cluster results starts: 
Save cluster results takes secs: 0.0113176
Releasing memory starts.
Releasing memory takes: 0.00725154
msCRUSH algorithm in total takes (secs): 0.894797
Cluster on spectra of charge +5
Load spectra with charge +5: 4066
Load spectra with no charge(+0): 0
Starting to cluster.
Iteration:	1, cos sim threshold:	0.8975
hashing takes secs:	0.000892736, clustering takes secs:	8.8909e-05
#spectra after clustering: 4066

Iteration:	2, cos sim threshold:	0.895
hashing takes secs:	0.00124193, clustering takes secs:	0.000152669
#spectra after clustering: 4066

Iteration:	3, cos sim threshold:	0.8925
hashing takes secs:	0.00108045, clustering takes secs:	0.000152659
#spectra after clustering: 4065

Iteration:	4, cos sim threshold:	0.89
hashing takes secs:	0.00110671, clustering takes secs:	0.000155777
#spectra after clustering: 4065

Iteration:	5, cos sim threshold:	0.8875
hashing takes secs:	0.00103257, clustering takes secs:	0.00014104
#spectra after clustering: 4065

Iteration:	6, cos sim threshold:	0.885
hashing takes secs:	0.00273164, clustering takes secs:	0.000176873
#spectra after clustering: 4065

Iteration:	7, cos sim threshold:	0.8825
hashing takes secs:	0.00105482, clustering takes secs:	0.000132877
#spectra after clustering: 4065

Iteration:	8, cos sim threshold:	0.88
hashing takes secs:	0.00108409, clustering takes secs:	0.000151089
#spectra after clustering: 4065

Iteration:	9, cos sim threshold:	0.8775
hashing takes secs:	0.00103056, clustering takes secs:	0.000146884
#spectra after clustering: 4065

Iteration:	10, cos sim threshold:	0.875
hashing takes secs:	0.0011143, clustering takes secs:	0.000169142
#spectra after clustering: 4065

Iteration:	11, cos sim threshold:	0.8725
hashing takes secs:	0.00103396, clustering takes secs:	0.000146365
#spectra after clustering: 4065

Iteration:	12, cos sim threshold:	0.87
hashing takes secs:	0.00419708, clustering takes secs:	0.000178589
#spectra after clustering: 4065

Iteration:	13, cos sim threshold:	0.8675
hashing takes secs:	0.00103054, clustering takes secs:	0.000127011
#spectra after clustering: 4065

Iteration:	14, cos sim threshold:	0.865
hashing takes secs:	0.0011102, clustering takes secs:	0.00015865
#spectra after clustering: 4065

Iteration:	15, cos sim threshold:	0.8625
hashing takes secs:	0.00105118, clustering takes secs:	0.000148938
#spectra after clustering: 4065

Iteration:	16, cos sim threshold:	0.86
hashing takes secs:	0.00108431, clustering takes secs:	0.000154574
#spectra after clustering: 4065

Iteration:	17, cos sim threshold:	0.8575
hashing takes secs:	0.00572291, clustering takes secs:	0.00038345
#spectra after clustering: 4064

Iteration:	18, cos sim threshold:	0.855
hashing takes secs:	0.0398475, clustering takes secs:	0.00149862
#spectra after clustering: 4062

Iteration:	19, cos sim threshold:	0.8525
hashing takes secs:	0.00286101, clustering takes secs:	0.00399786
#spectra after clustering: 4062

Iteration:	20, cos sim threshold:	0.85
hashing takes secs:	0.00121532, clustering takes secs:	0.000197042
#spectra after clustering: 4060

Iteration:	21, cos sim threshold:	0.8475
hashing takes secs:	0.00108693, clustering takes secs:	0.000156707
#spectra after clustering: 4060

Iteration:	22, cos sim threshold:	0.845
hashing takes secs:	0.00114135, clustering takes secs:	0.000185715
#spectra after clustering: 4059

Iteration:	23, cos sim threshold:	0.8425
hashing takes secs:	0.00109179, clustering takes secs:	0.000182345
#spectra after clustering: 4057

Iteration:	24, cos sim threshold:	0.84
hashing takes secs:	0.00113047, clustering takes secs:	0.00017217
#spectra after clustering: 4057

Iteration:	25, cos sim threshold:	0.8375
hashing takes secs:	0.00108555, clustering takes secs:	0.000161863
#spectra after clustering: 4056

Iteration:	26, cos sim threshold:	0.835
hashing takes secs:	0.00110033, clustering takes secs:	0.00018443
#spectra after clustering: 4054

Iteration:	27, cos sim threshold:	0.8325
hashing takes secs:	0.00109089, clustering takes secs:	0.000140086
#spectra after clustering: 4054

Iteration:	28, cos sim threshold:	0.83
hashing takes secs:	0.00107921, clustering takes secs:	0.000146766
#spectra after clustering: 4054

Iteration:	29, cos sim threshold:	0.8275
hashing takes secs:	0.00105924, clustering takes secs:	0.00017309
#spectra after clustering: 4053

Iteration:	30, cos sim threshold:	0.825
hashing takes secs:	0.00106819, clustering takes secs:	0.000179492
#spectra after clustering: 4051

Iteration:	31, cos sim threshold:	0.8225
hashing takes secs:	0.00277948, clustering takes secs:	0.000159824
#spectra after clustering: 4050

Iteration:	32, cos sim threshold:	0.82
hashing takes secs:	0.0011009, clustering takes secs:	0.00668803
#spectra after clustering: 4049

Iteration:	33, cos sim threshold:	0.8175
hashing takes secs:	0.00242987, clustering takes secs:	0.00239045
#spectra after clustering: 4048

Iteration:	34, cos sim threshold:	0.815
hashing takes secs:	0.00281745, clustering takes secs:	0.000175722
#spectra after clustering: 4047

Iteration:	35, cos sim threshold:	0.8125
hashing takes secs:	0.00110729, clustering takes secs:	0.000163322
#spectra after clustering: 4046

Iteration:	36, cos sim threshold:	0.81
hashing takes secs:	0.00112081, clustering takes secs:	0.000169739
#spectra after clustering: 4046

Iteration:	37, cos sim threshold:	0.8075
hashing takes secs:	0.00108496, clustering takes secs:	0.000204926
#spectra after clustering: 4043

Iteration:	38, cos sim threshold:	0.805
hashing takes secs:	0.00106881, clustering takes secs:	0.000173963
#spectra after clustering: 4041

Iteration:	39, cos sim threshold:	0.8025
hashing takes secs:	0.00104189, clustering takes secs:	0.000154819
#spectra after clustering: 4039

Iteration:	40, cos sim threshold:	0.8
hashing takes secs:	0.0010615, clustering takes secs:	0.000194454
#spectra after clustering: 4037

Iteration:	41, cos sim threshold:	0.7975
hashing takes secs:	0.00106371, clustering takes secs:	0.00015035
#spectra after clustering: 4035

Iteration:	42, cos sim threshold:	0.795
hashing takes secs:	0.00106874, clustering takes secs:	0.000158021
#spectra after clustering: 4034

Iteration:	43, cos sim threshold:	0.7925
hashing takes secs:	0.00106642, clustering takes secs:	0.000154727
#spectra after clustering: 4033

Iteration:	44, cos sim threshold:	0.79
hashing takes secs:	0.001071, clustering takes secs:	0.000165278
#spectra after clustering: 4032

Iteration:	45, cos sim threshold:	0.7875
hashing takes secs:	0.00108942, clustering takes secs:	0.000174408
#spectra after clustering: 4030

Iteration:	46, cos sim threshold:	0.785
hashing takes secs:	0.00107183, clustering takes secs:	0.000147596
#spectra after clustering: 4030

Iteration:	47, cos sim threshold:	0.7825
hashing takes secs:	0.00106348, clustering takes secs:	0.00152304
#spectra after clustering: 4029

Iteration:	48, cos sim threshold:	0.78
hashing takes secs:	0.0119478, clustering takes secs:	0.000272971
#spectra after clustering: 4028

Iteration:	49, cos sim threshold:	0.7775
hashing takes secs:	0.00278255, clustering takes secs:	0.00234629
#spectra after clustering: 4027

Iteration:	50, cos sim threshold:	0.775
hashing takes secs:	0.00411487, clustering takes secs:	0.000202406
#spectra after clustering: 4025

Iteration:	51, cos sim threshold:	0.7725
hashing takes secs:	0.00111652, clustering takes secs:	0.000159785
#spectra after clustering: 4024

Iteration:	52, cos sim threshold:	0.77
hashing takes secs:	0.00106918, clustering takes secs:	0.000254604
#spectra after clustering: 4019

Iteration:	53, cos sim threshold:	0.7675
hashing takes secs:	0.00108883, clustering takes secs:	0.000153379
#spectra after clustering: 4018

Iteration:	54, cos sim threshold:	0.765
hashing takes secs:	0.00112516, clustering takes secs:	0.000166853
#spectra after clustering: 4017

Iteration:	55, cos sim threshold:	0.7625
hashing takes secs:	0.0010686, clustering takes secs:	0.000193537
#spectra after clustering: 4014

Iteration:	56, cos sim threshold:	0.76
hashing takes secs:	0.00237386, clustering takes secs:	0.000170087
#spectra after clustering: 4012

Iteration:	57, cos sim threshold:	0.7575
hashing takes secs:	0.00109664, clustering takes secs:	0.000178302
#spectra after clustering: 4010

Iteration:	58, cos sim threshold:	0.755
hashing takes secs:	0.00109179, clustering takes secs:	0.0001728
#spectra after clustering: 4009

Iteration:	59, cos sim threshold:	0.7525
hashing takes secs:	0.00274626, clustering takes secs:	0.00248336
#spectra after clustering: 4006

Iteration:	60, cos sim threshold:	0.75
hashing takes secs:	0.00274868, clustering takes secs:	0.000919096
#spectra after clustering: 4002

Iteration:	61, cos sim threshold:	0.7475
hashing takes secs:	0.00108916, clustering takes secs:	0.000182422
#spectra after clustering: 3999

Iteration:	62, cos sim threshold:	0.745
hashing takes secs:	0.00110222, clustering takes secs:	0.000214823
#spectra after clustering: 3995

Iteration:	63, cos sim threshold:	0.7425
hashing takes secs:	0.0412069, clustering takes secs:	0.00234057
#spectra after clustering: 3994

Iteration:	64, cos sim threshold:	0.74
hashing takes secs:	0.00291176, clustering takes secs:	0.000214558
#spectra after clustering: 3994

Iteration:	65, cos sim threshold:	0.7375
hashing takes secs:	0.0011278, clustering takes secs:	0.00165456
#spectra after clustering: 3990

Iteration:	66, cos sim threshold:	0.735
hashing takes secs:	0.00105939, clustering takes secs:	0.000178325
#spectra after clustering: 3988

Iteration:	67, cos sim threshold:	0.7325
hashing takes secs:	0.00105318, clustering takes secs:	0.00102049
#spectra after clustering: 3982

Iteration:	68, cos sim threshold:	0.73
hashing takes secs:	0.00105912, clustering takes secs:	0.000150737
#spectra after clustering: 3982

Iteration:	69, cos sim threshold:	0.7275
hashing takes secs:	0.001064, clustering takes secs:	0.000174547
#spectra after clustering: 3979

Iteration:	70, cos sim threshold:	0.725
hashing takes secs:	0.00105043, clustering takes secs:	0.000177798
#spectra after clustering: 3978

Iteration:	71, cos sim threshold:	0.7225
hashing takes secs:	0.00274673, clustering takes secs:	0.000189048
#spectra after clustering: 3974

Iteration:	72, cos sim threshold:	0.72
hashing takes secs:	0.00105405, clustering takes secs:	0.000209296
#spectra after clustering: 3971

Iteration:	73, cos sim threshold:	0.7175
hashing takes secs:	0.00109439, clustering takes secs:	0.000199909
#spectra after clustering: 3968

Iteration:	74, cos sim threshold:	0.715
hashing takes secs:	0.00107144, clustering takes secs:	0.000176102
#spectra after clustering: 3964

Iteration:	75, cos sim threshold:	0.7125
hashing takes secs:	0.00107836, clustering takes secs:	0.000184311
#spectra after clustering: 3961

Iteration:	76, cos sim threshold:	0.71
hashing takes secs:	0.00104273, clustering takes secs:	0.000175681
#spectra after clustering: 3960

Iteration:	77, cos sim threshold:	0.7075
hashing takes secs:	0.0010521, clustering takes secs:	0.0479566
#spectra after clustering: 3954

Iteration:	78, cos sim threshold:	0.705
hashing takes secs:	0.00467344, clustering takes secs:	0.00172849
#spectra after clustering: 3953

Iteration:	79, cos sim threshold:	0.7025
hashing takes secs:	0.00425849, clustering takes secs:	0.000256486
#spectra after clustering: 3950

Iteration:	80, cos sim threshold:	0.7
hashing takes secs:	0.00110418, clustering takes secs:	0.000254105
#spectra after clustering: 3944

Iteration:	81, cos sim threshold:	0.6975
hashing takes secs:	0.00278262, clustering takes secs:	0.00249637
#spectra after clustering: 3942

Iteration:	82, cos sim threshold:	0.695
hashing takes secs:	0.00284308, clustering takes secs:	0.000190583
#spectra after clustering: 3938

Iteration:	83, cos sim threshold:	0.6925
hashing takes secs:	0.00271336, clustering takes secs:	0.000201671
#spectra after clustering: 3935

Iteration:	84, cos sim threshold:	0.69
hashing takes secs:	0.00274929, clustering takes secs:	0.00248867
#spectra after clustering: 3931

Iteration:	85, cos sim threshold:	0.6875
hashing takes secs:	0.00107084, clustering takes secs:	0.000142301
#spectra after clustering: 3931

Iteration:	86, cos sim threshold:	0.685
hashing takes secs:	0.00312233, clustering takes secs:	0.000234805
#spectra after clustering: 3928

Iteration:	87, cos sim threshold:	0.6825
hashing takes secs:	0.00298619, clustering takes secs:	0.000164433
#spectra after clustering: 3925

Iteration:	88, cos sim threshold:	0.68
hashing takes secs:	0.00108248, clustering takes secs:	0.000183593
#spectra after clustering: 3923

Iteration:	89, cos sim threshold:	0.6775
hashing takes secs:	0.0381191, clustering takes secs:	0.00246663
#spectra after clustering: 3919

Iteration:	90, cos sim threshold:	0.675
hashing takes secs:	0.00271919, clustering takes secs:	0.000202708
#spectra after clustering: 3917

Iteration:	91, cos sim threshold:	0.6725
hashing takes secs:	0.00108481, clustering takes secs:	0.000166142
#spectra after clustering: 3916

Iteration:	92, cos sim threshold:	0.67
hashing takes secs:	0.00105478, clustering takes secs:	0.000192256
#spectra after clustering: 3912

Iteration:	93, cos sim threshold:	0.6675
hashing takes secs:	0.00269666, clustering takes secs:	0.00167047
#spectra after clustering: 3908

Iteration:	94, cos sim threshold:	0.665
hashing takes secs:	0.00268573, clustering takes secs:	0.00015798
#spectra after clustering: 3906

Iteration:	95, cos sim threshold:	0.6625
hashing takes secs:	0.00103634, clustering takes secs:	0.000183536
#spectra after clustering: 3904

Iteration:	96, cos sim threshold:	0.66
hashing takes secs:	0.00101808, clustering takes secs:	0.000188689
#spectra after clustering: 3902

Iteration:	97, cos sim threshold:	0.6575
hashing takes secs:	0.00103605, clustering takes secs:	0.000194614
#spectra after clustering: 3897

Iteration:	98, cos sim threshold:	0.655
hashing takes secs:	0.000994364, clustering takes secs:	0.000167622
#spectra after clustering: 3894

Iteration:	99, cos sim threshold:	0.6525
hashing takes secs:	0.0010273, clustering takes secs:	0.000186298
#spectra after clustering: 3891

Iteration:	100, cos sim threshold:	0.65
hashing takes secs:	0.00101253, clustering takes secs:	0.00139924
#spectra after clustering: 3883

msCRUSH algorithm hash+cluster takes (secs): 0.668716
Saving cluster results starts: 
Save cluster results takes secs: 0.00510624
Releasing memory starts.
Releasing memory takes: 0.00295919
msCRUSH algorithm in total takes (secs): 0.676793
Skip spectra of charge +1
Cluster on spectra of charge +6
Load spectra with charge +6: 2324
Load spectra with no charge(+0): 0
Starting to cluster.
Iteration:	1, cos sim threshold:	0.8975
hashing takes secs:	0.000550897, clustering takes secs:	6.7444e-05
#spectra after clustering: 2324

Iteration:	2, cos sim threshold:	0.895
hashing takes secs:	0.00240676, clustering takes secs:	0.000100341
#spectra after clustering: 2324

Iteration:	3, cos sim threshold:	0.8925
hashing takes secs:	0.000655068, clustering takes secs:	9.8344e-05
#spectra after clustering: 2324

Iteration:	4, cos sim threshold:	0.89
hashing takes secs:	0.0348199, clustering takes secs:	0.00351626
#spectra after clustering: 2324

Iteration:	5, cos sim threshold:	0.8875
hashing takes secs:	0.000682425, clustering takes secs:	8.6919e-05
#spectra after clustering: 2324

Iteration:	6, cos sim threshold:	0.885
hashing takes secs:	0.000731304, clustering takes secs:	0.000110862
#spectra after clustering: 2324

Iteration:	7, cos sim threshold:	0.8825
hashing takes secs:	0.000667774, clustering takes secs:	9.5522e-05
#spectra after clustering: 2324

Iteration:	8, cos sim threshold:	0.88
hashing takes secs:	0.000712327, clustering takes secs:	0.000112301
#spectra after clustering: 2324

Iteration:	9, cos sim threshold:	0.8775
hashing takes secs:	0.000633301, clustering takes secs:	0.000101525
#spectra after clustering: 2324

Iteration:	10, cos sim threshold:	0.875
hashing takes secs:	0.000683341, clustering takes secs:	0.000108536
#spectra after clustering: 2324

Iteration:	11, cos sim threshold:	0.8725
hashing takes secs:	0.00226427, clustering takes secs:	9.4403e-05
#spectra after clustering: 2324

Iteration:	12, cos sim threshold:	0.87
hashing takes secs:	0.000672302, clustering takes secs:	0.000103632
#spectra after clustering: 2324

Iteration:	13, cos sim threshold:	0.8675
hashing takes secs:	0.000629943, clustering takes secs:	9.0052e-05
#spectra after clustering: 2324

Iteration:	14, cos sim threshold:	0.865
hashing takes secs:	0.000710901, clustering takes secs:	0.000101288
#spectra after clustering: 2324

Iteration:	15, cos sim threshold:	0.8625
hashing takes secs:	0.00063742, clustering takes secs:	0.000103708
#spectra after clustering: 2324

Iteration:	16, cos sim threshold:	0.86
hashing takes secs:	0.000670884, clustering takes secs:	0.000111238
#spectra after clustering: 2324

Iteration:	17, cos sim threshold:	0.8575
hashing takes secs:	0.00225922, clustering takes secs:	9.6665e-05
#spectra after clustering: 2324

Iteration:	18, cos sim threshold:	0.855
hashing takes secs:	0.000681231, clustering takes secs:	0.000110266
#spectra after clustering: 2324

Iteration:	19, cos sim threshold:	0.8525
hashing takes secs:	0.00065608, clustering takes secs:	9.055e-05
#spectra after clustering: 2324

Iteration:	20, cos sim threshold:	0.85
hashing takes secs:	0.000648408, clustering takes secs:	9.8236e-05
#spectra after clustering: 2324

Iteration:	21, cos sim threshold:	0.8475
hashing takes secs:	0.000660158, clustering takes secs:	9.2558e-05
#spectra after clustering: 2324

Iteration:	22, cos sim threshold:	0.845
hashing takes secs:	0.000670407, clustering takes secs:	0.000103048
#spectra after clustering: 2324

Iteration:	23, cos sim threshold:	0.8425
hashing takes secs:	0.0424602, clustering takes secs:	0.00269805
#spectra after clustering: 2323

Iteration:	24, cos sim threshold:	0.84
hashing takes secs:	0.000724333, clustering takes secs:	0.000105603
#spectra after clustering: 2323

Iteration:	25, cos sim threshold:	0.8375
hashing takes secs:	0.000673944, clustering takes secs:	0.000103496
#spectra after clustering: 2323

Iteration:	26, cos sim threshold:	0.835
hashing takes secs:	0.000710456, clustering takes secs:	0.000105737
#spectra after clustering: 2323

Iteration:	27, cos sim threshold:	0.8325
hashing takes secs:	0.000653809, clustering takes secs:	0.00010043
#spectra after clustering: 2323

Iteration:	28, cos sim threshold:	0.83
hashing takes secs:	0.000682502, clustering takes secs:	0.000107149
#spectra after clustering: 2323

Iteration:	29, cos sim threshold:	0.8275
hashing takes secs:	0.000651108, clustering takes secs:	0.000111632
#spectra after clustering: 2322

Iteration:	30, cos sim threshold:	0.825
hashing takes secs:	0.000662367, clustering takes secs:	0.000101839
#spectra after clustering: 2322

Iteration:	31, cos sim threshold:	0.8225
hashing takes secs:	0.000655021, clustering takes secs:	9.0435e-05
#spectra after clustering: 2322

Iteration:	32, cos sim threshold:	0.82
hashing takes secs:	0.000656964, clustering takes secs:	9.844e-05
#spectra after clustering: 2322

Iteration:	33, cos sim threshold:	0.8175
hashing takes secs:	0.000660267, clustering takes secs:	9.3682e-05
#spectra after clustering: 2322

Iteration:	34, cos sim threshold:	0.815
hashing takes secs:	0.000678934, clustering takes secs:	0.000102735
#spectra after clustering: 2322

Iteration:	35, cos sim threshold:	0.8125
hashing takes secs:	0.000664054, clustering takes secs:	0.000101539
#spectra after clustering: 2322

Iteration:	36, cos sim threshold:	0.81
hashing takes secs:	0.000658342, clustering takes secs:	0.00011536
#spectra after clustering: 2321

Iteration:	37, cos sim threshold:	0.8075
hashing takes secs:	0.000665704, clustering takes secs:	0.000101312
#spectra after clustering: 2321

Iteration:	38, cos sim threshold:	0.805
hashing takes secs:	0.000651448, clustering takes secs:	0.000105295
#spectra after clustering: 2321

Iteration:	39, cos sim threshold:	0.8025
hashing takes secs:	0.000641287, clustering takes secs:	0.000100057
#spectra after clustering: 2321

Iteration:	40, cos sim threshold:	0.8
hashing takes secs:	0.00233009, clustering takes secs:	0.000103197
#spectra after clustering: 2321

Iteration:	41, cos sim threshold:	0.7975
hashing takes secs:	0.00551836, clustering takes secs:	0.000106799
#spectra after clustering: 2321

Iteration:	42, cos sim threshold:	0.795
hashing takes secs:	0.00231242, clustering takes secs:	0.00133932
#spectra after clustering: 2321

Iteration:	43, cos sim threshold:	0.7925
hashing takes secs:	0.000696389, clustering takes secs:	9.5046e-05
#spectra after clustering: 2321

Iteration:	44, cos sim threshold:	0.79
hashing takes secs:	0.00359138, clustering takes secs:	0.000132873
#spectra after clustering: 2321

Iteration:	45, cos sim threshold:	0.7875
hashing takes secs:	0.000707106, clustering takes secs:	0.000103356
#spectra after clustering: 2320

Iteration:	46, cos sim threshold:	0.785
hashing takes secs:	0.000689378, clustering takes secs:	9.9807e-05
#spectra after clustering: 2320

Iteration:	47, cos sim threshold:	0.7825
hashing takes secs:	0.00236003, clustering takes secs:	0.000103609
#spectra after clustering: 2320

Iteration:	48, cos sim threshold:	0.78
hashing takes secs:	0.000694015, clustering takes secs:	0.000119251
#spectra after clustering: 2319

Iteration:	49, cos sim threshold:	0.7775
hashing takes secs:	0.000652558, clustering takes secs:	9.5406e-05
#spectra after clustering: 2319

Iteration:	50, cos sim threshold:	0.775
hashing takes secs:	0.000674131, clustering takes secs:	0.000106621
#spectra after clustering: 2319

Iteration:	51, cos sim threshold:	0.7725
hashing takes secs:	0.000659061, clustering takes secs:	0.000101821
#spectra after clustering: 2319

Iteration:	52, cos sim threshold:	0.77
hashing takes secs:	0.000669985, clustering takes secs:	0.000101887
#spectra after clustering: 2319

Iteration:	53, cos sim threshold:	0.7675
hashing takes secs:	0.000663174, clustering takes secs:	0.000104373
#spectra after clustering: 2319

Iteration:	54, cos sim threshold:	0.765
hashing takes secs:	0.000650902, clustering takes secs:	9.5831e-05
#spectra after clustering: 2319

Iteration:	55, cos sim threshold:	0.7625
hashing takes secs:	0.000658573, clustering takes secs:	9.8827e-05
#spectra after clustering: 2319

Iteration:	56, cos sim threshold:	0.76
hashing takes secs:	0.00064908, clustering takes secs:	9.8409e-05
#spectra after clustering: 2319

Iteration:	57, cos sim threshold:	0.7575
hashing takes secs:	0.000647725, clustering takes secs:	0.000125185
#spectra after clustering: 2318

Iteration:	58, cos sim threshold:	0.755
hashing takes secs:	0.0022785, clustering takes secs:	0.000102846
#spectra after clustering: 2317

Iteration:	59, cos sim threshold:	0.7525
hashing takes secs:	0.000666638, clustering takes secs:	9.5052e-05
#spectra after clustering: 2317

Iteration:	60, cos sim threshold:	0.75
hashing takes secs:	0.0418445, clustering takes secs:	0.00268204
#spectra after clustering: 2317

Iteration:	61, cos sim threshold:	0.7475
hashing takes secs:	0.00227654, clustering takes secs:	0.000112893
#spectra after clustering: 2317

Iteration:	62, cos sim threshold:	0.745
hashing takes secs:	0.00225508, clustering takes secs:	0.000113403
#spectra after clustering: 2316

Iteration:	63, cos sim threshold:	0.7425
hashing takes secs:	0.00229206, clustering takes secs:	0.000118209
#spectra after clustering: 2315

Iteration:	64, cos sim threshold:	0.74
hashing takes secs:	0.000665246, clustering takes secs:	9.4198e-05
#spectra after clustering: 2315

Iteration:	65, cos sim threshold:	0.7375
hashing takes secs:	0.000672328, clustering takes secs:	9.611e-05
#spectra after clustering: 2315

Iteration:	66, cos sim threshold:	0.735
hashing takes secs:	0.000692429, clustering takes secs:	9.7801e-05
#spectra after clustering: 2315

Iteration:	67, cos sim threshold:	0.7325
hashing takes secs:	0.000653063, clustering takes secs:	0.000100513
#spectra after clustering: 2315

Iteration:	68, cos sim threshold:	0.73
hashing takes secs:	0.000697882, clustering takes secs:	0.000113609
#spectra after clustering: 2313

Iteration:	69, cos sim threshold:	0.7275
hashing takes secs:	0.000656841, clustering takes secs:	0.000106803
#spectra after clustering: 2313

Iteration:	70, cos sim threshold:	0.725
hashing takes secs:	0.00064442, clustering takes secs:	0.000116731
#spectra after clustering: 2312

Iteration:	71, cos sim threshold:	0.7225
hashing takes secs:	0.000663964, clustering takes secs:	0.000114753
#spectra after clustering: 2311

Iteration:	72, cos sim threshold:	0.72
hashing takes secs:	0.000656869, clustering takes secs:	9.8617e-05
#spectra after clustering: 2311

Iteration:	73, cos sim threshold:	0.7175
hashing takes secs:	0.000644611, clustering takes secs:	0.00012051
#spectra after clustering: 2310

Iteration:	74, cos sim threshold:	0.715
hashing takes secs:	0.000646199, clustering takes secs:	9.9038e-05
#spectra after clustering: 2310

Iteration:	75, cos sim threshold:	0.7125
hashing takes secs:	0.000661634, clustering takes secs:	0.000107213
#spectra after clustering: 2309

Iteration:	76, cos sim threshold:	0.71
hashing takes secs:	0.000653158, clustering takes secs:	0.000125409
#spectra after clustering: 2307

Iteration:	77, cos sim threshold:	0.7075
hashing takes secs:	0.00527606, clustering takes secs:	9.8867e-05
#spectra after clustering: 2307

Iteration:	78, cos sim threshold:	0.705
hashing takes secs:	0.00465191, clustering takes secs:	0.000138862
#spectra after clustering: 2305

Iteration:	79, cos sim threshold:	0.7025
hashing takes secs:	0.000714729, clustering takes secs:	0.000103074
#spectra after clustering: 2305

Iteration:	80, cos sim threshold:	0.7
hashing takes secs:	0.00239979, clustering takes secs:	0.00268687
#spectra after clustering: 2305

Iteration:	81, cos sim threshold:	0.6975
hashing takes secs:	0.000719943, clustering takes secs:	0.000129019
#spectra after clustering: 2304

Iteration:	82, cos sim threshold:	0.695
hashing takes secs:	0.000683632, clustering takes secs:	0.000121582
#spectra after clustering: 2302

Iteration:	83, cos sim threshold:	0.6925
hashing takes secs:	0.000679575, clustering takes secs:	0.000132491
#spectra after clustering: 2301

Iteration:	84, cos sim threshold:	0.69
hashing takes secs:	0.000661967, clustering takes secs:	9.6329e-05
#spectra after clustering: 2301

Iteration:	85, cos sim threshold:	0.6875
hashing takes secs:	0.000669066, clustering takes secs:	0.000112073
#spectra after clustering: 2301

Iteration:	86, cos sim threshold:	0.685
hashing takes secs:	0.000660127, clustering takes secs:	9.5979e-05
#spectra after clustering: 2301

Iteration:	87, cos sim threshold:	0.6825
hashing takes secs:	0.000670793, clustering takes secs:	0.000101941
#spectra after clustering: 2301

Iteration:	88, cos sim threshold:	0.68
hashing takes secs:	0.00231393, clustering takes secs:	0.000127709
#spectra after clustering: 2301

Iteration:	89, cos sim threshold:	0.6775
hashing takes secs:	0.000638104, clustering takes secs:	0.000116125
#spectra after clustering: 2300

Iteration:	90, cos sim threshold:	0.675
hashing takes secs:	0.000656987, clustering takes secs:	9.1653e-05
#spectra after clustering: 2300

Iteration:	91, cos sim threshold:	0.6725
hashing takes secs:	0.000669163, clustering takes secs:	0.000103315
#spectra after clustering: 2299

Iteration:	92, cos sim threshold:	0.67
hashing takes secs:	0.000630393, clustering takes secs:	0.000126783
#spectra after clustering: 2297

Iteration:	93, cos sim threshold:	0.6675
hashing takes secs:	0.000655655, clustering takes secs:	0.000103367
#spectra after clustering: 2296

Iteration:	94, cos sim threshold:	0.665
hashing takes secs:	0.000663878, clustering takes secs:	0.000101554
#spectra after clustering: 2296

Iteration:	95, cos sim threshold:	0.6625
hashing takes secs:	0.00067057, clustering takes secs:	9.7567e-05
#spectra after clustering: 2295

Iteration:	96, cos sim threshold:	0.66
hashing takes secs:	0.000637779, clustering takes secs:	0.000123065
#spectra after clustering: 2291

Iteration:	97, cos sim threshold:	0.6575
hashing takes secs:	0.00228527, clustering takes secs:	0.002349
#spectra after clustering: 2289

Iteration:	98, cos sim threshold:	0.655
hashing takes secs:	0.00230543, clustering takes secs:	0.000448581
#spectra after clustering: 2287

Iteration:	99, cos sim threshold:	0.6525
hashing takes secs:	0.00238735, clustering takes secs:	0.00276564
#spectra after clustering: 2287

Iteration:	100, cos sim threshold:	0.65
hashing takes secs:	0.00451765, clustering takes secs:	0.00292103
#spectra after clustering: 2286

msCRUSH algorithm hash+cluster takes (secs): 0.572269
Saving cluster results starts: 
Save cluster results takes secs: 0.00485022
Releasing memory starts.
Releasing memory takes: 0.00199426
msCRUSH algorithm in total takes (secs): 0.579127
Skip spectra of charge +7
Skip spectra of charge +8
Skip spectra of charge +9
Skip spectra of charge +10
Clustering spectra takes secs:	7.20499
Starting to save spectra w/o charge info.
Releasing memory of spectra w/o charge info.
In all, msCRUSH takes: 46.425

