Architecture:          x86_64
CPU op-mode(s):        32-bit, 64-bit
Byte Order:            Little Endian
CPU(s):                48
On-line CPU(s) list:   0-47
Thread(s) per core:    2
Core(s) per socket:    12
Socket(s):             2
NUMA node(s):          2
Vendor ID:             GenuineIntel
CPU family:            6
Model:                 63
Model name:            Intel(R) Xeon(R) CPU E5-2680 v3 @ 2.50GHz
Stepping:              2
CPU MHz:               2900.197
CPU max MHz:           3300.0000
CPU min MHz:           1200.0000
BogoMIPS:              5000.34
Virtualization:        VT-x
L1d cache:             32K
L1i cache:             32K
L2 cache:              256K
L3 cache:              30720K
NUMA node0 CPU(s):     0-11,24-35
NUMA node1 CPU(s):     12-23,36-47
Flags:                 fpu vme de pse tsc msr pae mce cx8 apic sep mtrr pge mca cmov pat pse36 clflush dts acpi mmx fxsr sse sse2 ss ht tm pbe syscall nx pdpe1gb rdtscp lm constant_tsc arch_perfmon pebs bts rep_good nopl xtopology nonstop_tsc cpuid aperfmperf pni pclmulqdq dtes64 monitor ds_cpl vmx smx est tm2 ssse3 sdbg fma cx16 xtpr pdcm pcid dca sse4_1 sse4_2 x2apic movbe popcnt aes xsave avx f16c rdrand lahf_lm abm cpuid_fault epb invpcid_single pti intel_ppin tpr_shadow vnmi flexpriority ept vpid ept_ad fsgsbase tsc_adjust bmi1 avx2 smep bmi2 erms invpcid cqm xsaveopt cqm_llc cqm_occup_llc dtherm ida arat pln pts
              total        used        free      shared  buff/cache   available
Mem:           440G        3.0G         79G        1.1G        357G        433G
Swap:            0B          0B          0B
--Output HyperParams Begins--
<bool> peak intensity log normalized: Yes
<bool> remove precursor peak: Yes
<float> precursor mass tolerance(Da): 0.05
<float> max peak mz: 2000
<float> min peak mz: 200
<float> min cosine sim for clustering: 0.65
<float> mz scale after nomrlization: 1000
<float> fragment precision: 0.8
<float> shared peak mz eps: 0.2
<int> clustering iteration: 100
<int> hash functions per hash table: 15
<int> hash function dimension: 2251
<int> topK strongest peaks per bin: 5
<int> threads to use: 40
<int> window(bin) size: 100
<string> consensus spectra file prefix: consensus
<string> clustering result file prefix: cluster
--Output HyperParams Ends--

Delimiter to separate MS2 titles: |
Loading spectra...
Loading spectra from file: [1/57]
file name: /var/lib/kubelet/weihong/MS-Tools/PXD001511/A13-01201.mgf
Loading spectra takes sec:	20.4695
Preprocessing spectra takes sec:	1.69791
Loading spectra from file: [2/57]
file name: /var/lib/kubelet/weihong/MS-Tools/PXD001511/A13-01202.mgf
Loading spectra takes sec:	20.1236
Preprocessing spectra takes sec:	1.66919
Loading spectra from file: [3/57]
file name: /var/lib/kubelet/weihong/MS-Tools/PXD001511/A13-01203.mgf
Loading spectra takes sec:	20.8658
Preprocessing spectra takes sec:	1.69099
Loading spectra from file: [4/57]
file name: /var/lib/kubelet/weihong/MS-Tools/PXD001511/A13-01210.mgf
Loading spectra takes sec:	19.2671
Preprocessing spectra takes sec:	1.60854
Loading spectra from file: [5/57]
file name: /var/lib/kubelet/weihong/MS-Tools/PXD001511/A13-01211.mgf
Loading spectra takes sec:	19.4295
Preprocessing spectra takes sec:	1.61927
Loading spectra from file: [6/57]
file name: /var/lib/kubelet/weihong/MS-Tools/PXD001511/A13-01212.mgf
