10 [139785245329280] INFO perfrun.launcher <> - Launcher main begin
11 [139785245329280] INFO perfrun.launcher <> - MessageCatalogInit finished
11 [139785245329280] INFO perfrun.launcher <> - Launcher instance created
11 [139785245329280] INFO perfrun.launcher <> - argc = 7; cmdline = /opt/intel/oneapi/vtune/2021.5.0/bin64/amplxe-runss --ui-output-format xml --ui-output-fd 5 --option-file /home/user/bio/MS-Tools/MS-Cluster/profiling/r000hs/config/runss.options 
77 [139785245329280] INFO perfrun.launcher <> - create msngr2::ICliToolContext
77 [139785245329280] INFO perfrun.launcher <> - create file finder object
77 [139785245329280] INFO perfrun.launcher <> - create a result directory: pattern = /home/user/bio/MS-Tools/MS-Cluster/profiling/r000hs pid = 3248
78 [139785245329280] INFO perfrun.sdk <> - checked that the directory /home/user/bio/MS-Tools/MS-Cluster/profiling/r000hs is a local directory
78 [139785245329280] INFO perfrun.sdk <> - the directory /home/user/bio/MS-Tools/MS-Cluster/profiling/r000hs is a local directory with FS type ID 1481003842
78 [139785245329280] INFO perfrun.sdk <> - Check that directory /home/user/bio/MS-Tools/MS-Cluster/profiling/r000hs is accessible from the process #3248
78 [139785245329280] INFO perfrun.sdk <> - Extracted UID=1000 EUID=1000 from 'Uid:	1000	1000	1000	1000'
78 [139785245329280] INFO perfrun.sdk <> - Extracted UID=1000 EGID=1000 from 'Gid:	1000	1000	1000	1000'
78 [139785245329280] INFO perfrun.sdk <> - Process #3248 is running under user UID=1000 GID=1000
78 [139785245329280] INFO perfrun.sdk <> - Check that the directory /home/user/bio/MS-Tools/MS-Cluster/profiling/r000hs is accessible to the given user UID=1000 GID=1000
79 [139785245329280] INFO perfrun.sdk <> - The directory is accessible.
79 [139785245329280] INFO perfrun.sdk <> - UID=1000 has write permission to /home/user/bio/MS-Tools/MS-Cluster/profiling/r000hs
79 [139785245329280] INFO perfrun.launcher <> - create data directory = /home/user/bio/MS-Tools/MS-Cluster/profiling/r000hs/data.0
79 [139785245329280] INFO perfrun.launcher <> - Creating the master collection flag
219 [139785245329280] INFO perfrun.launcher <> - Done creating the master collection flag
221 [139785105176320] INFO perfrun.launcher <> - plugin [remoteplug] was disabled because it doesn't support the given collection type.
221 [139785105176320] INFO perfrun.sdk <> - Allocating TMU :/home/user/bio/MS-Tools/MS-Cluster/profiling/r000hs/data.0/systemcollector-3290-designlab.sc
221 [139785105176320] INFO perfrun.system <> - Tpss based collection
222 [139785105176320] INFO perfrun.launcher <> - plugin [ptracecollector] was disabled because it doesn't support the given collection type.
222 [139785105176320] INFO perfrun.launcher <> - plugin [gpu] was disabled because it doesn't support the given collection type.
222 [139785105176320] INFO perfrun.launcher <> - plugin [] was disabled because it doesn't support the given collection type.
222 [139785105176320] INFO perfrun.launcher <> - plugin [] was disabled because it doesn't support the given collection type.
222 [139785105176320] INFO perfrun.launcher <> - plugin [] was disabled because it doesn't support the given collection type.
222 [139785105176320] INFO perfrun.mrte <> - system-wide mode is 0
222 [139785105176320] INFO perfrun.mrte <> - Getting  mrte profiling environment ...
243 [139785105176320] INFO perfrun.mrte <> - INTEL_MRTE_DATA_DIR=/home/user/bio/MS-Tools/MS-Cluster/profiling/r000hs/data.0
243 [139785105176320] INFO perfrun.mrte <> - INTEL_MRTE_HOST_NAME=designlab
243 [139785105176320] INFO perfrun.mrte <> - JAVA_TOOL_OPTIONS=-agentlib:amplxe_tpssmrte_javaprof_1.0 -Dsun.boot.library.path=/opt/intel/oneapi/vtune/2021.5.0/lib32/runtime:/opt/intel/oneapi/vtune/2021.5.0/lib64/runtime
243 [139785105176320] INFO perfrun.mrte <> - Data directory: /home/user/bio/MS-Tools/MS-Cluster/profiling/r000hs/data.0
243 [139785105176320] INFO perfrun.mrte <> - Mrte plugin is initialized
243 [139785105176320] INFO perfrun.launcher <> - plugin [emon] was disabled because it doesn't support the given collection type.
243 [139785105176320] INFO perfrun.launcher <> - plugin [cuscol] was disabled because it doesn't support the given collection type.
243 [139785105176320] INFO perfrun.launcher <> - plugin [stdsrc] was disabled because it doesn't support the given collection type.
243 [139785105176320] INFO perfrun.launcher <> - plugin [sep] was disabled because it doesn't support the given collection type.
243 [139785105176320] INFO perfrun.launcher <> - plugin [vtsspp] was disabled because it doesn't support the given collection type.
243 [139785105176320] INFO perfrun.sdk <> - Reading value (2) from file: /proc/sys/kernel/perf_event_paranoid
243 [139785105176320] INFO perfrun.perfcollector <> - checking access to: /opt/intel/oneapi/vtune/2021.5.0/bin64/amplxe-perf-priv
245 [139785105176320] INFO perfrun.perfcollector <> - cpu: family = 6 model = 79
245 [139785105176320] INFO perfrun.perfcollector <> - dir found : /sys/bus/event_source/devices/software
245 [139785105176320] WARN perfrun.perfcollector <> - format subdir doesn't exist, at file: vcs/perfrun1/plugins/perfcollector/src/controller.cpp:726
245 [139785105176320] WARN perfrun.perfcollector <> - pmu hwInfo is not set; pmuFam : software, at file: vcs/perfrun1/plugins/perfcollector/src/controller.cpp:825
245 [139785105176320] INFO perfrun.perfcollector <> - pmu added : family : software , id : 0
245 [139785105176320] INFO perfrun.perfcollector <> - dir found : /sys/bus/event_source/devices/uncore_imc_3
245 [139785105176320] INFO perfrun.perfcollector <> - format: event config:0-7 mask:0-7
245 [139785105176320] INFO perfrun.perfcollector <> - format: edge config:18 mask:18
245 [139785105176320] INFO perfrun.perfcollector <> - format: inv config:23 mask:23
245 [139785105176320] INFO perfrun.perfcollector <> - format: umask config:8-15 mask:8-15
245 [139785105176320] INFO perfrun.perfcollector <> - format: thresh config:24-31 mask:24-31
245 [139785105176320] INFO perfrun.perfcollector <> - hwInfo : PERF_IMC_PMU_DETAILS
245 [139785105176320] INFO perfrun.perfcollector <> - pmu added : family : uncore_imc , id : 3
245 [139785105176320] INFO perfrun.perfcollector <> - dir found : /sys/bus/event_source/devices/uncore_r2pcie
245 [139785105176320] INFO perfrun.perfcollector <> - format: event config:0-7 mask:0-7
245 [139785105176320] INFO perfrun.perfcollector <> - format: edge config:18 mask:18
245 [139785105176320] INFO perfrun.perfcollector <> - format: inv config:23 mask:23
245 [139785105176320] INFO perfrun.perfcollector <> - format: umask config:8-15 mask:8-15
245 [139785105176320] INFO perfrun.perfcollector <> - format: thresh config:24-31 mask:24-31
246 [139785105176320] WARN perfrun.perfcollector <> - pmu hwInfo is not set; pmuFam : uncore_r2pcie, at file: vcs/perfrun1/plugins/perfcollector/src/controller.cpp:825
246 [139785105176320] INFO perfrun.perfcollector <> - pmu added : family : uncore_r2pcie , id : 0
246 [139785105176320] INFO perfrun.perfcollector <> - dir found : /sys/bus/event_source/devices/uncore_cbox_6
246 [139785105176320] INFO perfrun.perfcollector <> - format: event config:0-7 mask:0-7
246 [139785105176320] INFO perfrun.perfcollector <> - format: filter_link config1:6-8 mask:6-8
246 [139785105176320] INFO perfrun.perfcollector <> - format: filter_c6 config1:61 mask:61
246 [139785105176320] INFO perfrun.perfcollector <> - format: edge config:18 mask:18
246 [139785105176320] INFO perfrun.perfcollector <> - format: filter_isoc config1:63 mask:63
246 [139785105176320] INFO perfrun.perfcollector <> - format: filter_tid config1:0-5 mask:0-5
246 [139785105176320] INFO perfrun.perfcollector <> - format: filter_nid config1:32-47 mask:32-47
246 [139785105176320] INFO perfrun.perfcollector <> - format: filter_nc config1:62 mask:62
246 [139785105176320] INFO perfrun.perfcollector <> - format: umask config:8-15 mask:8-15
246 [139785105176320] INFO perfrun.perfcollector <> - format: tid_en config:19 mask:19
246 [139785105176320] INFO perfrun.perfcollector <> - format: thresh config:24-31 mask:24-31
246 [139785105176320] INFO perfrun.perfcollector <> - format: filter_state config1:17-23 mask:17-23
246 [139785105176320] INFO perfrun.perfcollector <> - format: filter_opc config1:52-60 mask:52-60
246 [139785105176320] INFO perfrun.perfcollector <> - hwInfo : PERF_CBOX_PMU_DETAILS
246 [139785105176320] INFO perfrun.perfcollector <> - pmu added : family : uncore_cbox , id : 6
246 [139785105176320] INFO perfrun.perfcollector <> - dir found : /sys/bus/event_source/devices/uncore_imc_1
246 [139785105176320] INFO perfrun.perfcollector <> - format: event config:0-7 mask:0-7
246 [139785105176320] INFO perfrun.perfcollector <> - format: edge config:18 mask:18
246 [139785105176320] INFO perfrun.perfcollector <> - format: inv config:23 mask:23
246 [139785105176320] INFO perfrun.perfcollector <> - format: umask config:8-15 mask:8-15
246 [139785105176320] INFO perfrun.perfcollector <> - format: thresh config:24-31 mask:24-31
246 [139785105176320] INFO perfrun.perfcollector <> - hwInfo : PERF_IMC_PMU_DETAILS
246 [139785105176320] INFO perfrun.perfcollector <> - pmu added : family : uncore_imc , id : 1
246 [139785105176320] INFO perfrun.perfcollector <> - dir found : /sys/bus/event_source/devices/power
246 [139785105176320] INFO perfrun.perfcollector <> - format: event config:0-7 mask:0-7
246 [139785105176320] WARN perfrun.perfcollector <> - pmu hwInfo is not set; pmuFam : power, at file: vcs/perfrun1/plugins/perfcollector/src/controller.cpp:825
246 [139785105176320] INFO perfrun.perfcollector <> - pmu added : family : power , id : 0
246 [139785105176320] INFO perfrun.perfcollector <> - dir found : /sys/bus/event_source/devices/uncore_cbox_4
247 [139785105176320] INFO perfrun.perfcollector <> - format: event config:0-7 mask:0-7
247 [139785105176320] INFO perfrun.perfcollector <> - format: filter_link config1:6-8 mask:6-8
247 [139785105176320] INFO perfrun.perfcollector <> - format: filter_c6 config1:61 mask:61
247 [139785105176320] INFO perfrun.perfcollector <> - format: edge config:18 mask:18
247 [139785105176320] INFO perfrun.perfcollector <> - format: filter_isoc config1:63 mask:63
247 [139785105176320] INFO perfrun.perfcollector <> - format: filter_tid config1:0-5 mask:0-5
247 [139785105176320] INFO perfrun.perfcollector <> - format: filter_nid config1:32-47 mask:32-47
247 [139785105176320] INFO perfrun.perfcollector <> - format: filter_nc config1:62 mask:62
247 [139785105176320] INFO perfrun.perfcollector <> - format: umask config:8-15 mask:8-15
247 [139785105176320] INFO perfrun.perfcollector <> - format: tid_en config:19 mask:19
247 [139785105176320] INFO perfrun.perfcollector <> - format: thresh config:24-31 mask:24-31
247 [139785105176320] INFO perfrun.perfcollector <> - format: filter_state config1:17-23 mask:17-23
247 [139785105176320] INFO perfrun.perfcollector <> - format: filter_opc config1:52-60 mask:52-60
247 [139785105176320] INFO perfrun.perfcollector <> - hwInfo : PERF_CBOX_PMU_DETAILS
247 [139785105176320] INFO perfrun.perfcollector <> - pmu added : family : uncore_cbox , id : 4
247 [139785105176320] INFO perfrun.perfcollector <> - dir found : /sys/bus/event_source/devices/uprobe
247 [139785105176320] INFO perfrun.perfcollector <> - format: ref_ctr_offset config:32-63 mask:32-63
247 [139785105176320] INFO perfrun.perfcollector <> - format: retprobe config:0 mask:0
247 [139785105176320] WARN perfrun.perfcollector <> - pmu hwInfo is not set; pmuFam : uprobe, at file: vcs/perfrun1/plugins/perfcollector/src/controller.cpp:825
247 [139785105176320] INFO perfrun.perfcollector <> - pmu added : family : uprobe , id : 0
247 [139785105176320] INFO perfrun.perfcollector <> - dir found : /sys/bus/event_source/devices/cpu
247 [139785105176320] INFO perfrun.perfcollector <> - format: event config:0-7 mask:0-7
247 [139785105176320] INFO perfrun.perfcollector <> - format: pc config:19 mask:19
247 [139785105176320] INFO perfrun.perfcollector <> - format: in_tx config:32 mask:32
247 [139785105176320] INFO perfrun.perfcollector <> - format: edge config:18 mask:18
247 [139785105176320] INFO perfrun.perfcollector <> - format: any config:21 mask:21
247 [139785105176320] INFO perfrun.perfcollector <> - format: offcore_rsp config1:0-63 mask:0-63
247 [139785105176320] INFO perfrun.perfcollector <> - format: in_tx_cp config:33 mask:33
247 [139785105176320] INFO perfrun.perfcollector <> - format: ldlat config1:0-15 mask:0-15
247 [139785105176320] INFO perfrun.perfcollector <> - format: inv config:23 mask:23
247 [139785105176320] INFO perfrun.perfcollector <> - format: umask config:8-15 mask:8-15
247 [139785105176320] INFO perfrun.perfcollector <> - format: cmask config:24-31 mask:24-31
247 [139785105176320] INFO perfrun.perfcollector <> - hwInfo : PERF_CPU_PMU_DETAILS
247 [139785105176320] INFO perfrun.perfcollector <> - pmu added : family : cpu , id : 0
247 [139785105176320] INFO perfrun.perfcollector <> - dir found : /sys/bus/event_source/devices/uncore_r3qpi_0
247 [139785105176320] INFO perfrun.perfcollector <> - format: event config:0-7 mask:0-7
247 [139785105176320] INFO perfrun.perfcollector <> - format: edge config:18 mask:18
248 [139785105176320] INFO perfrun.perfcollector <> - format: inv config:23 mask:23
248 [139785105176320] INFO perfrun.perfcollector <> - format: umask config:8-15 mask:8-15
248 [139785105176320] INFO perfrun.perfcollector <> - format: thresh config:24-31 mask:24-31
248 [139785105176320] WARN perfrun.perfcollector <> - pmu hwInfo is not set; pmuFam : uncore_r3qpi, at file: vcs/perfrun1/plugins/perfcollector/src/controller.cpp:825
248 [139785105176320] INFO perfrun.perfcollector <> - pmu added : family : uncore_r3qpi , id : 0
248 [139785105176320] INFO perfrun.perfcollector <> - dir found : /sys/bus/event_source/devices/cstate_core
248 [139785105176320] INFO perfrun.perfcollector <> - format: event config:0-63 mask:0-63
248 [139785105176320] WARN perfrun.perfcollector <> - pmu hwInfo is not set; pmuFam : cstate_core, at file: vcs/perfrun1/plugins/perfcollector/src/controller.cpp:825
248 [139785105176320] INFO perfrun.perfcollector <> - pmu added : family : cstate_core , id : 0
248 [139785105176320] INFO perfrun.perfcollector <> - dir found : /sys/bus/event_source/devices/uncore_cbox_2
248 [139785105176320] INFO perfrun.perfcollector <> - format: event config:0-7 mask:0-7
248 [139785105176320] INFO perfrun.perfcollector <> - format: filter_link config1:6-8 mask:6-8
248 [139785105176320] INFO perfrun.perfcollector <> - format: filter_c6 config1:61 mask:61
248 [139785105176320] INFO perfrun.perfcollector <> - format: edge config:18 mask:18
248 [139785105176320] INFO perfrun.perfcollector <> - format: filter_isoc config1:63 mask:63
248 [139785105176320] INFO perfrun.perfcollector <> - format: filter_tid config1:0-5 mask:0-5
248 [139785105176320] INFO perfrun.perfcollector <> - format: filter_nid config1:32-47 mask:32-47
248 [139785105176320] INFO perfrun.perfcollector <> - format: filter_nc config1:62 mask:62
248 [139785105176320] INFO perfrun.perfcollector <> - format: umask config:8-15 mask:8-15
248 [139785105176320] INFO perfrun.perfcollector <> - format: tid_en config:19 mask:19
248 [139785105176320] INFO perfrun.perfcollector <> - format: thresh config:24-31 mask:24-31
248 [139785105176320] INFO perfrun.perfcollector <> - format: filter_state config1:17-23 mask:17-23
248 [139785105176320] INFO perfrun.perfcollector <> - format: filter_opc config1:52-60 mask:52-60
248 [139785105176320] INFO perfrun.perfcollector <> - hwInfo : PERF_CBOX_PMU_DETAILS
248 [139785105176320] INFO perfrun.perfcollector <> - pmu added : family : uncore_cbox , id : 2
248 [139785105176320] INFO perfrun.perfcollector <> - dir found : /sys/bus/event_source/devices/breakpoint
248 [139785105176320] WARN perfrun.perfcollector <> - format subdir doesn't exist, at file: vcs/perfrun1/plugins/perfcollector/src/controller.cpp:726
248 [139785105176320] WARN perfrun.perfcollector <> - pmu hwInfo is not set; pmuFam : breakpoint, at file: vcs/perfrun1/plugins/perfcollector/src/controller.cpp:825
248 [139785105176320] INFO perfrun.perfcollector <> - pmu added : family : breakpoint , id : 0
248 [139785105176320] INFO perfrun.perfcollector <> - dir found : /sys/bus/event_source/devices/uncore_ha_0
248 [139785105176320] INFO perfrun.perfcollector <> - format: event config:0-7 mask:0-7
248 [139785105176320] INFO perfrun.perfcollector <> - format: edge config:18 mask:18
248 [139785105176320] INFO perfrun.perfcollector <> - format: inv config:23 mask:23
248 [139785105176320] INFO perfrun.perfcollector <> - format: umask config:8-15 mask:8-15
248 [139785105176320] INFO perfrun.perfcollector <> - format: thresh config:24-31 mask:24-31
248 [139785105176320] WARN perfrun.perfcollector <> - pmu hwInfo is not set; pmuFam : uncore_ha, at file: vcs/perfrun1/plugins/perfcollector/src/controller.cpp:825
248 [139785105176320] INFO perfrun.perfcollector <> - pmu added : family : uncore_ha , id : 0
248 [139785105176320] INFO perfrun.perfcollector <> - dir found : /sys/bus/event_source/devices/uncore_cbox_0
248 [139785105176320] INFO perfrun.perfcollector <> - format: event config:0-7 mask:0-7
249 [139785105176320] INFO perfrun.perfcollector <> - format: filter_link config1:6-8 mask:6-8
249 [139785105176320] INFO perfrun.perfcollector <> - format: filter_c6 config1:61 mask:61
249 [139785105176320] INFO perfrun.perfcollector <> - format: edge config:18 mask:18
249 [139785105176320] INFO perfrun.perfcollector <> - format: filter_isoc config1:63 mask:63
249 [139785105176320] INFO perfrun.perfcollector <> - format: filter_tid config1:0-5 mask:0-5
249 [139785105176320] INFO perfrun.perfcollector <> - format: filter_nid config1:32-47 mask:32-47
249 [139785105176320] INFO perfrun.perfcollector <> - format: filter_nc config1:62 mask:62
249 [139785105176320] INFO perfrun.perfcollector <> - format: umask config:8-15 mask:8-15
249 [139785105176320] INFO perfrun.perfcollector <> - format: tid_en config:19 mask:19
249 [139785105176320] INFO perfrun.perfcollector <> - format: thresh config:24-31 mask:24-31
249 [139785105176320] INFO perfrun.perfcollector <> - format: filter_state config1:17-23 mask:17-23
249 [139785105176320] INFO perfrun.perfcollector <> - format: filter_opc config1:52-60 mask:52-60
249 [139785105176320] INFO perfrun.perfcollector <> - hwInfo : PERF_CBOX_PMU_DETAILS
249 [139785105176320] INFO perfrun.perfcollector <> - pmu added : family : uncore_cbox , id : 0
249 [139785105176320] INFO perfrun.perfcollector <> - dir found : /sys/bus/event_source/devices/tracepoint
249 [139785105176320] WARN perfrun.perfcollector <> - format subdir doesn't exist, at file: vcs/perfrun1/plugins/perfcollector/src/controller.cpp:726
249 [139785105176320] WARN perfrun.perfcollector <> - pmu hwInfo is not set; pmuFam : tracepoint, at file: vcs/perfrun1/plugins/perfcollector/src/controller.cpp:825
249 [139785105176320] INFO perfrun.perfcollector <> - pmu added : family : tracepoint , id : 0
249 [139785105176320] INFO perfrun.perfcollector <> - dir found : /sys/bus/event_source/devices/cstate_pkg
249 [139785105176320] INFO perfrun.perfcollector <> - format: event config:0-63 mask:0-63
249 [139785105176320] WARN perfrun.perfcollector <> - pmu hwInfo is not set; pmuFam : cstate_pkg, at file: vcs/perfrun1/plugins/perfcollector/src/controller.cpp:825
249 [139785105176320] INFO perfrun.perfcollector <> - pmu added : family : cstate_pkg , id : 0
249 [139785105176320] INFO perfrun.perfcollector <> - dir found : /sys/bus/event_source/devices/uncore_imc_4
249 [139785105176320] INFO perfrun.perfcollector <> - format: event config:0-7 mask:0-7
249 [139785105176320] INFO perfrun.perfcollector <> - format: edge config:18 mask:18
249 [139785105176320] INFO perfrun.perfcollector <> - format: inv config:23 mask:23
249 [139785105176320] INFO perfrun.perfcollector <> - format: umask config:8-15 mask:8-15
249 [139785105176320] INFO perfrun.perfcollector <> - format: thresh config:24-31 mask:24-31
249 [139785105176320] INFO perfrun.perfcollector <> - hwInfo : PERF_IMC_PMU_DETAILS
249 [139785105176320] INFO perfrun.perfcollector <> - pmu added : family : uncore_imc , id : 4
249 [139785105176320] INFO perfrun.perfcollector <> - dir found : /sys/bus/event_source/devices/uncore_ubox
249 [139785105176320] INFO perfrun.perfcollector <> - format: event config:0-7 mask:0-7
249 [139785105176320] INFO perfrun.perfcollector <> - format: edge config:18 mask:18
249 [139785105176320] INFO perfrun.perfcollector <> - format: inv config:23 mask:23
249 [139785105176320] INFO perfrun.perfcollector <> - format: umask config:8-15 mask:8-15
249 [139785105176320] INFO perfrun.perfcollector <> - format: thresh config:24-28 mask:24-28
249 [139785105176320] WARN perfrun.perfcollector <> - pmu hwInfo is not set; pmuFam : uncore_ubox, at file: vcs/perfrun1/plugins/perfcollector/src/controller.cpp:825
249 [139785105176320] INFO perfrun.perfcollector <> - pmu added : family : uncore_ubox , id : 0
249 [139785105176320] INFO perfrun.perfcollector <> - dir found : /sys/bus/event_source/devices/uncore_cbox_7
250 [139785105176320] INFO perfrun.perfcollector <> - format: event config:0-7 mask:0-7
250 [139785105176320] INFO perfrun.perfcollector <> - format: filter_link config1:6-8 mask:6-8
250 [139785105176320] INFO perfrun.perfcollector <> - format: filter_c6 config1:61 mask:61
250 [139785105176320] INFO perfrun.perfcollector <> - format: edge config:18 mask:18
250 [139785105176320] INFO perfrun.perfcollector <> - format: filter_isoc config1:63 mask:63
250 [139785105176320] INFO perfrun.perfcollector <> - format: filter_tid config1:0-5 mask:0-5
250 [139785105176320] INFO perfrun.perfcollector <> - format: filter_nid config1:32-47 mask:32-47
250 [139785105176320] INFO perfrun.perfcollector <> - format: filter_nc config1:62 mask:62
250 [139785105176320] INFO perfrun.perfcollector <> - format: umask config:8-15 mask:8-15
250 [139785105176320] INFO perfrun.perfcollector <> - format: tid_en config:19 mask:19
250 [139785105176320] INFO perfrun.perfcollector <> - format: thresh config:24-31 mask:24-31
250 [139785105176320] INFO perfrun.perfcollector <> - format: filter_state config1:17-23 mask:17-23
250 [139785105176320] INFO perfrun.perfcollector <> - format: filter_opc config1:52-60 mask:52-60
250 [139785105176320] INFO perfrun.perfcollector <> - hwInfo : PERF_CBOX_PMU_DETAILS
250 [139785105176320] INFO perfrun.perfcollector <> - pmu added : family : uncore_cbox , id : 7
250 [139785105176320] INFO perfrun.perfcollector <> - dir found : /sys/bus/event_source/devices/uncore_imc_2
250 [139785105176320] INFO perfrun.perfcollector <> - format: event config:0-7 mask:0-7
250 [139785105176320] INFO perfrun.perfcollector <> - format: edge config:18 mask:18
250 [139785105176320] INFO perfrun.perfcollector <> - format: inv config:23 mask:23
250 [139785105176320] INFO perfrun.perfcollector <> - format: umask config:8-15 mask:8-15
250 [139785105176320] INFO perfrun.perfcollector <> - format: thresh config:24-31 mask:24-31
250 [139785105176320] INFO perfrun.perfcollector <> - hwInfo : PERF_IMC_PMU_DETAILS
250 [139785105176320] INFO perfrun.perfcollector <> - pmu added : family : uncore_imc , id : 2
250 [139785105176320] INFO perfrun.perfcollector <> - dir found : /sys/bus/event_source/devices/kprobe
250 [139785105176320] INFO perfrun.perfcollector <> - format: retprobe config:0 mask:0
250 [139785105176320] WARN perfrun.perfcollector <> - pmu hwInfo is not set; pmuFam : kprobe, at file: vcs/perfrun1/plugins/perfcollector/src/controller.cpp:825
250 [139785105176320] INFO perfrun.perfcollector <> - pmu added : family : kprobe , id : 0
250 [139785105176320] INFO perfrun.perfcollector <> - dir found : /sys/bus/event_source/devices/uncore_cbox_5
250 [139785105176320] INFO perfrun.perfcollector <> - format: event config:0-7 mask:0-7
250 [139785105176320] INFO perfrun.perfcollector <> - format: filter_link config1:6-8 mask:6-8
250 [139785105176320] INFO perfrun.perfcollector <> - format: filter_c6 config1:61 mask:61
250 [139785105176320] INFO perfrun.perfcollector <> - format: edge config:18 mask:18
250 [139785105176320] INFO perfrun.perfcollector <> - format: filter_isoc config1:63 mask:63
250 [139785105176320] INFO perfrun.perfcollector <> - format: filter_tid config1:0-5 mask:0-5
250 [139785105176320] INFO perfrun.perfcollector <> - format: filter_nid config1:32-47 mask:32-47
250 [139785105176320] INFO perfrun.perfcollector <> - format: filter_nc config1:62 mask:62
250 [139785105176320] INFO perfrun.perfcollector <> - format: umask config:8-15 mask:8-15
251 [139785105176320] INFO perfrun.perfcollector <> - format: tid_en config:19 mask:19
251 [139785105176320] INFO perfrun.perfcollector <> - format: thresh config:24-31 mask:24-31
251 [139785105176320] INFO perfrun.perfcollector <> - format: filter_state config1:17-23 mask:17-23
251 [139785105176320] INFO perfrun.perfcollector <> - format: filter_opc config1:52-60 mask:52-60
251 [139785105176320] INFO perfrun.perfcollector <> - hwInfo : PERF_CBOX_PMU_DETAILS
251 [139785105176320] INFO perfrun.perfcollector <> - pmu added : family : uncore_cbox , id : 5
251 [139785105176320] INFO perfrun.perfcollector <> - dir found : /sys/bus/event_source/devices/uncore_imc_0
251 [139785105176320] INFO perfrun.perfcollector <> - format: event config:0-7 mask:0-7
251 [139785105176320] INFO perfrun.perfcollector <> - format: edge config:18 mask:18
251 [139785105176320] INFO perfrun.perfcollector <> - format: inv config:23 mask:23
251 [139785105176320] INFO perfrun.perfcollector <> - format: umask config:8-15 mask:8-15
251 [139785105176320] INFO perfrun.perfcollector <> - format: thresh config:24-31 mask:24-31
251 [139785105176320] INFO perfrun.perfcollector <> - hwInfo : PERF_IMC_PMU_DETAILS
251 [139785105176320] INFO perfrun.perfcollector <> - pmu added : family : uncore_imc , id : 0
251 [139785105176320] INFO perfrun.perfcollector <> - dir found : /sys/bus/event_source/devices/uncore_pcu
251 [139785105176320] INFO perfrun.perfcollector <> - format: filter_band2 config1:16-23 mask:16-23
251 [139785105176320] INFO perfrun.perfcollector <> - format: event config:0-7 mask:0-7
251 [139785105176320] INFO perfrun.perfcollector <> - format: filter_band0 config1:0-7 mask:0-7
251 [139785105176320] INFO perfrun.perfcollector <> - format: edge config:18 mask:18
251 [139785105176320] INFO perfrun.perfcollector <> - format: occ_invert config:30 mask:30
251 [139785105176320] INFO perfrun.perfcollector <> - format: occ_edge config:14-51 mask:14-51
251 [139785105176320] INFO perfrun.perfcollector <> - format: filter_band3 config1:24-31 mask:24-31
251 [139785105176320] INFO perfrun.perfcollector <> - format: filter_band1 config1:8-15 mask:8-15
251 [139785105176320] INFO perfrun.perfcollector <> - format: inv config:23 mask:23
251 [139785105176320] INFO perfrun.perfcollector <> - format: thresh config:24-28 mask:24-28
251 [139785105176320] INFO perfrun.perfcollector <> - format: occ_sel config:14-15 mask:14-15
251 [139785105176320] WARN perfrun.perfcollector <> - pmu hwInfo is not set; pmuFam : uncore_pcu, at file: vcs/perfrun1/plugins/perfcollector/src/controller.cpp:825
251 [139785105176320] INFO perfrun.perfcollector <> - pmu added : family : uncore_pcu , id : 0
251 [139785105176320] INFO perfrun.perfcollector <> - dir found : /sys/bus/event_source/devices/uncore_r3qpi_1
251 [139785105176320] INFO perfrun.perfcollector <> - format: event config:0-7 mask:0-7
251 [139785105176320] INFO perfrun.perfcollector <> - format: edge config:18 mask:18
251 [139785105176320] INFO perfrun.perfcollector <> - format: inv config:23 mask:23
251 [139785105176320] INFO perfrun.perfcollector <> - format: umask config:8-15 mask:8-15
251 [139785105176320] INFO perfrun.perfcollector <> - format: thresh config:24-31 mask:24-31
251 [139785105176320] WARN perfrun.perfcollector <> - pmu hwInfo is not set; pmuFam : uncore_r3qpi, at file: vcs/perfrun1/plugins/perfcollector/src/controller.cpp:825
251 [139785105176320] INFO perfrun.perfcollector <> - pmu added : family : uncore_r3qpi , id : 1
251 [139785105176320] INFO perfrun.perfcollector <> - dir found : /sys/bus/event_source/devices/msr
252 [139785105176320] INFO perfrun.perfcollector <> - format: event config:0-63 mask:0-63
252 [139785105176320] WARN perfrun.perfcollector <> - pmu hwInfo is not set; pmuFam : msr, at file: vcs/perfrun1/plugins/perfcollector/src/controller.cpp:825
252 [139785105176320] INFO perfrun.perfcollector <> - pmu added : family : msr , id : 0
252 [139785105176320] INFO perfrun.perfcollector <> - dir found : /sys/bus/event_source/devices/uncore_cbox_3
252 [139785105176320] INFO perfrun.perfcollector <> - format: event config:0-7 mask:0-7
252 [139785105176320] INFO perfrun.perfcollector <> - format: filter_link config1:6-8 mask:6-8
252 [139785105176320] INFO perfrun.perfcollector <> - format: filter_c6 config1:61 mask:61
252 [139785105176320] INFO perfrun.perfcollector <> - format: edge config:18 mask:18
252 [139785105176320] INFO perfrun.perfcollector <> - format: filter_isoc config1:63 mask:63
252 [139785105176320] INFO perfrun.perfcollector <> - format: filter_tid config1:0-5 mask:0-5
252 [139785105176320] INFO perfrun.perfcollector <> - format: filter_nid config1:32-47 mask:32-47
252 [139785105176320] INFO perfrun.perfcollector <> - format: filter_nc config1:62 mask:62
252 [139785105176320] INFO perfrun.perfcollector <> - format: umask config:8-15 mask:8-15
252 [139785105176320] INFO perfrun.perfcollector <> - format: tid_en config:19 mask:19
252 [139785105176320] INFO perfrun.perfcollector <> - format: thresh config:24-31 mask:24-31
252 [139785105176320] INFO perfrun.perfcollector <> - format: filter_state config1:17-23 mask:17-23
252 [139785105176320] INFO perfrun.perfcollector <> - format: filter_opc config1:52-60 mask:52-60
252 [139785105176320] INFO perfrun.perfcollector <> - hwInfo : PERF_CBOX_PMU_DETAILS
252 [139785105176320] INFO perfrun.perfcollector <> - pmu added : family : uncore_cbox , id : 3
252 [139785105176320] INFO perfrun.perfcollector <> - dir found : /sys/bus/event_source/devices/intel_pt
252 [139785105176320] INFO perfrun.perfcollector <> - format: ptw config:12 mask:12
252 [139785105176320] INFO perfrun.perfcollector <> - format: cyc_thresh config:19-22 mask:19-22
252 [139785105176320] INFO perfrun.perfcollector <> - format: pt config:0 mask:0
252 [139785105176320] INFO perfrun.perfcollector <> - format: branch config:13 mask:13
252 [139785105176320] INFO perfrun.perfcollector <> - format: tsc config:10 mask:10
252 [139785105176320] INFO perfrun.perfcollector <> - format: pwr_evt config:4 mask:4
252 [139785105176320] INFO perfrun.perfcollector <> - format: fup_on_ptw config:5 mask:5
252 [139785105176320] INFO perfrun.perfcollector <> - format: cyc config:1 mask:1
252 [139785105176320] INFO perfrun.perfcollector <> - format: noretcomp config:11 mask:11
252 [139785105176320] INFO perfrun.perfcollector <> - format: mtc config:9 mask:9
252 [139785105176320] INFO perfrun.perfcollector <> - format: psb_period config:24-27 mask:24-27
252 [139785105176320] INFO perfrun.perfcollector <> - format: mtc_period config:14-17 mask:14-17
252 [139785105176320] WARN perfrun.perfcollector <> - pmu hwInfo is not set; pmuFam : intel_pt, at file: vcs/perfrun1/plugins/perfcollector/src/controller.cpp:825
252 [139785105176320] INFO perfrun.perfcollector <> - pmu added : family : intel_pt , id : 0
252 [139785105176320] INFO perfrun.perfcollector <> - dir found : /sys/bus/event_source/devices/uncore_cbox_1
252 [139785105176320] INFO perfrun.perfcollector <> - format: event config:0-7 mask:0-7
253 [139785105176320] INFO perfrun.perfcollector <> - format: filter_link config1:6-8 mask:6-8
253 [139785105176320] INFO perfrun.perfcollector <> - format: filter_c6 config1:61 mask:61
253 [139785105176320] INFO perfrun.perfcollector <> - format: edge config:18 mask:18
253 [139785105176320] INFO perfrun.perfcollector <> - format: filter_isoc config1:63 mask:63
253 [139785105176320] INFO perfrun.perfcollector <> - format: filter_tid config1:0-5 mask:0-5
253 [139785105176320] INFO perfrun.perfcollector <> - format: filter_nid config1:32-47 mask:32-47
253 [139785105176320] INFO perfrun.perfcollector <> - format: filter_nc config1:62 mask:62
253 [139785105176320] INFO perfrun.perfcollector <> - format: umask config:8-15 mask:8-15
253 [139785105176320] INFO perfrun.perfcollector <> - format: tid_en config:19 mask:19
253 [139785105176320] INFO perfrun.perfcollector <> - format: thresh config:24-31 mask:24-31
253 [139785105176320] INFO perfrun.perfcollector <> - format: filter_state config1:17-23 mask:17-23
253 [139785105176320] INFO perfrun.perfcollector <> - format: filter_opc config1:52-60 mask:52-60
253 [139785105176320] INFO perfrun.perfcollector <> - hwInfo : PERF_CBOX_PMU_DETAILS
253 [139785105176320] INFO perfrun.perfcollector <> - pmu added : family : uncore_cbox , id : 1
253 [139785105176320] WARN perfrun.launcher <> - Messenger::say: Only user space will be profiled due to credentials lack. Consider changing /proc/sys/kernel/perf_event_paranoid file for enabling kernel space profiling.
253 [139785105176320] INFO perfrun.sdk <> - runCmd: "/opt/intel/oneapi/vtune/2021.5.0/bin64/sep" -dry-run -sam 1 -ec "CPU_CLK_UNHALTED.THREAD,CPU_CLK_UNHALTED.REF_TSC:sample:sa=3200000,INST_RETIRED.ANY:sample:sa=3200000,CPU_CLK_UNHALTED.REF_XCLK,CPU_CLK_UNHALTED.ONE_THREAD_ACTIVE,FP_ARITH_INST_RETIRED.SCALAR_SINGLE,FP_ARITH_INST_RETIRED.128B_PACKED_SINGLE,FP_ARITH_INST_RETIRED.256B_PACKED_SINGLE,FP_ARITH_INST_RETIRED.SCALAR_DOUBLE,FP_ARITH_INST_RETIRED.128B_PACKED_DOUBLE,FP_ARITH_INST_RETIRED.256B_PACKED_DOUBLE,INST_RETIRED.X87,UOPS_RETIRED.RETIRE_SLOTS:sample:sa=2000003" -experimental
287 [139785105176320] INFO perfrun.perfcollector <> - SepDryRun RC = true
288 [139785105176320] INFO perfrun.perfcollector <> - DRY_RUN : "PMU type: Core (core)"
289 [139785105176320] INFO perfrun.perfcollector <> - pmu type : cpu
290 [139785105176320] INFO perfrun.perfcollector <> - DRY_RUN : "Group 0:"
290 [139785105176320] INFO perfrun.perfcollector <> - id : 0
290 [139785105176320] INFO perfrun.perfcollector <> - DRY_RUN : "INST_RETIRED.ANY: event id 2"
290 [139785105176320] INFO perfrun.perfcollector <> - eventName : INST_RETIRED.ANY , eventId : 2
290 [139785105176320] INFO perfrun.perfcollector <> - DRY_RUN : "CPU_CLK_UNHALTED.THREAD: event id 0"
290 [139785105176320] INFO perfrun.perfcollector <> - eventName : CPU_CLK_UNHALTED.THREAD , eventId : 0
290 [139785105176320] INFO perfrun.perfcollector <> - DRY_RUN : "CPU_CLK_UNHALTED.REF_TSC: event id 1"
290 [139785105176320] INFO perfrun.perfcollector <> - eventName : CPU_CLK_UNHALTED.REF_TSC , eventId : 1
290 [139785105176320] INFO perfrun.perfcollector <> - DRY_RUN : "CPU_CLK_UNHALTED.REF_XCLK: event id 3"
290 [139785105176320] INFO perfrun.perfcollector <> - eventName : CPU_CLK_UNHALTED.REF_XCLK , eventId : 3
290 [139785105176320] INFO perfrun.perfcollector <> - DRY_RUN : "CPU_CLK_UNHALTED.ONE_THREAD_ACTIVE: event id 4"
290 [139785105176320] INFO perfrun.perfcollector <> - eventName : CPU_CLK_UNHALTED.ONE_THREAD_ACTIVE , eventId : 4
290 [139785105176320] INFO perfrun.perfcollector <> - DRY_RUN : "FP_ARITH_INST_RETIRED.SCALAR_SINGLE: event id 5"
290 [139785105176320] INFO perfrun.perfcollector <> - eventName : FP_ARITH_INST_RETIRED.SCALAR_SINGLE , eventId : 5
290 [139785105176320] INFO perfrun.perfcollector <> - DRY_RUN : "FP_ARITH_INST_RETIRED.128B_PACKED_SINGLE: event id 6"
290 [139785105176320] INFO perfrun.perfcollector <> - eventName : FP_ARITH_INST_RETIRED.128B_PACKED_SINGLE , eventId : 6
290 [139785105176320] INFO perfrun.perfcollector <> - DRY_RUN : "CCCR"
290 [139785105176320] INFO perfrun.perfcollector <> - DRY_RUN : "reg_type       = 1	event_id       = g	reg_id         = 38f	reg_value      = 70000000f"
290 [139785105176320] INFO perfrun.perfcollector <> - eventId : g, skip parsing event_id
290 [139785105176320] INFO perfrun.perfcollector <> - groupId : 0 , eventId : 4294967295 , cccrAddr : 38f , cccrVal : 70000000f
290 [139785105176320] WARN perfrun.perfcollector <> - eventId : 4294967295 , cccrAddr : 38f is outside of evsel range [186-18d] , ignored  , pmuDesc.name : cpu, at file: vcs/perfrun1/plugins/perfcollector/src/event_manager.cpp:802
290 [139785105176320] INFO perfrun.perfcollector <> - DRY_RUN : "reg_type       = 1	event_id       = g	reg_id         = 390	reg_value      = 70000000f"
290 [139785105176320] INFO perfrun.perfcollector <> - eventId : g, skip parsing event_id
290 [139785105176320] INFO perfrun.perfcollector <> - groupId : 0 , eventId : 4294967295 , cccrAddr : 390 , cccrVal : 70000000f
290 [139785105176320] WARN perfrun.perfcollector <> - eventId : 4294967295 , cccrAddr : 390 is outside of evsel range [186-18d] , ignored  , pmuDesc.name : cpu, at file: vcs/perfrun1/plugins/perfcollector/src/event_manager.cpp:802
290 [139785105176320] INFO perfrun.perfcollector <> - DRY_RUN : "reg_type       = 1	event_id       = g	reg_id         = 3f1	reg_value      = 0"
290 [139785105176320] INFO perfrun.perfcollector <> - eventId : g, skip parsing event_id
290 [139785105176320] INFO perfrun.perfcollector <> - groupId : 0 , eventId : 4294967295 , cccrAddr : 3f1 , cccrVal : 0
290 [139785105176320] WARN perfrun.perfcollector <> - eventId : 4294967295 , cccrAddr : 3f1 is outside of evsel range [186-18d] , ignored  , pmuDesc.name : cpu, at file: vcs/perfrun1/plugins/perfcollector/src/event_manager.cpp:802
290 [139785105176320] INFO perfrun.perfcollector <> - DRY_RUN : "reg_type       = 1	event_id       = g	reg_id         = 1d9	reg_value      = 1800"
290 [139785105176320] INFO perfrun.perfcollector <> - eventId : g, skip parsing event_id
290 [139785105176320] INFO perfrun.perfcollector <> - groupId : 0 , eventId : 4294967295 , cccrAddr : 1d9 , cccrVal : 1800
290 [139785105176320] WARN perfrun.perfcollector <> - eventId : 4294967295 , cccrAddr : 1d9 is outside of evsel range [186-18d] , ignored  , pmuDesc.name : cpu, at file: vcs/perfrun1/plugins/perfcollector/src/event_manager.cpp:802
290 [139785105176320] INFO perfrun.perfcollector <> - DRY_RUN : "reg_type       = 1	event_id       = g	reg_id         = 38d	reg_value      = bbb"
290 [139785105176320] INFO perfrun.perfcollector <> - eventId : g, skip parsing event_id
290 [139785105176320] INFO perfrun.perfcollector <> - groupId : 0 , eventId : 4294967295 , cccrAddr : 38d , cccrVal : bbb
290 [139785105176320] WARN perfrun.perfcollector <> - eventId : 4294967295 , cccrAddr : 38d is outside of evsel range [186-18d] , ignored  , pmuDesc.name : cpu, at file: vcs/perfrun1/plugins/perfcollector/src/event_manager.cpp:802
290 [139785105176320] INFO perfrun.perfcollector <> - DRY_RUN : "reg_type       = 1	event_id       = 3	reg_id         = 186	reg_value      = 53013c"
290 [139785105176320] INFO perfrun.perfcollector <> - groupId : 0 , eventId : 3 , cccrAddr : 186 , cccrVal : 53013c
290 [139785105176320] INFO perfrun.perfcollector <> - DRY_RUN : "reg_type       = 1	event_id       = 4	reg_id         = 187	reg_value      = 53023c"
290 [139785105176320] INFO perfrun.perfcollector <> - groupId : 0 , eventId : 4 , cccrAddr : 187 , cccrVal : 53023c
290 [139785105176320] INFO perfrun.perfcollector <> - DRY_RUN : "reg_type       = 1	event_id       = 5	reg_id         = 188	reg_value      = 5302c7"
290 [139785105176320] INFO perfrun.perfcollector <> - groupId : 0 , eventId : 5 , cccrAddr : 188 , cccrVal : 5302c7
290 [139785105176320] INFO perfrun.perfcollector <> - DRY_RUN : "reg_type       = 1	event_id       = 6	reg_id         = 189	reg_value      = 5308c7"
290 [139785105176320] INFO perfrun.perfcollector <> - groupId : 0 , eventId : 6 , cccrAddr : 189 , cccrVal : 5308c7
290 [139785105176320] INFO perfrun.perfcollector <> - DRY_RUN : "ESCR"
290 [139785105176320] INFO perfrun.perfcollector <> - DRY_RUN : "reg_type       = 2	event_id       = g	reg_id         = 1c8	reg_value      = 0"
290 [139785105176320] INFO perfrun.perfcollector <> - eventId : g, skip parsing event_id
290 [139785105176320] INFO perfrun.perfcollector <> - DRY_RUN : "DATA"
290 [139785105176320] INFO perfrun.perfcollector <> - DRY_RUN : "reg_type       = 4	event_id       = 2	reg_id         = 309	reg_value      = ffffffcf2c00"
290 [139785105176320] INFO perfrun.perfcollector <> - eventId : 2 , dataAddr : 309 , dataVal : ffffffcf2c00
290 [139785105176320] INFO perfrun.perfcollector <> - DRY_RUN : "reg_type       = 4	event_id       = 0	reg_id         = 30a	reg_value      = ffffffe17b7d"
290 [139785105176320] INFO perfrun.perfcollector <> - eventId : 0 , dataAddr : 30a , dataVal : ffffffe17b7d
290 [139785105176320] INFO perfrun.perfcollector <> - DRY_RUN : "reg_type       = 4	event_id       = 1	reg_id         = 30b	reg_value      = ffffffcf2c00"
290 [139785105176320] INFO perfrun.perfcollector <> - eventId : 1 , dataAddr : 30b , dataVal : ffffffcf2c00
290 [139785105176320] INFO perfrun.perfcollector <> - DRY_RUN : "reg_type       = 4	event_id       = 3	reg_id         = c1	reg_value      = fffffffe795d"
290 [139785105176320] INFO perfrun.perfcollector <> - eventId : 3 , dataAddr : c1 , dataVal : fffffffe795d
290 [139785105176320] INFO perfrun.perfcollector <> - DRY_RUN : "reg_type       = 4	event_id       = 4	reg_id         = c2	reg_value      = fffffffe795d"
290 [139785105176320] INFO perfrun.perfcollector <> - eventId : 4 , dataAddr : c2 , dataVal : fffffffe795d
290 [139785105176320] INFO perfrun.perfcollector <> - DRY_RUN : "reg_type       = 4	event_id       = 5	reg_id         = c3	reg_value      = ffffffe17b7d"
290 [139785105176320] INFO perfrun.perfcollector <> - eventId : 5 , dataAddr : c3 , dataVal : ffffffe17b7d
290 [139785105176320] INFO perfrun.perfcollector <> - DRY_RUN : "reg_type       = 4	event_id       = 6	reg_id         = c4	reg_value      = ffffffe17b7d"
290 [139785105176320] INFO perfrun.perfcollector <> - eventId : 6 , dataAddr : c4 , dataVal : ffffffe17b7d
290 [139785105176320] INFO perfrun.perfcollector <> - DRY_RUN : "Group 1:"
290 [139785105176320] INFO perfrun.perfcollector <> - id : 1
290 [139785105176320] INFO perfrun.perfcollector <> - DRY_RUN : "INST_RETIRED.ANY: event id 2"
290 [139785105176320] INFO perfrun.perfcollector <> - eventName : INST_RETIRED.ANY , eventId : 2
290 [139785105176320] INFO perfrun.perfcollector <> - DRY_RUN : "CPU_CLK_UNHALTED.THREAD: event id 0"
290 [139785105176320] INFO perfrun.perfcollector <> - eventName : CPU_CLK_UNHALTED.THREAD , eventId : 0
290 [139785105176320] INFO perfrun.perfcollector <> - DRY_RUN : "CPU_CLK_UNHALTED.REF_TSC: event id 1"
290 [139785105176320] INFO perfrun.perfcollector <> - eventName : CPU_CLK_UNHALTED.REF_TSC , eventId : 1
290 [139785105176320] INFO perfrun.perfcollector <> - DRY_RUN : "FP_ARITH_INST_RETIRED.256B_PACKED_SINGLE: event id 7"
290 [139785105176320] INFO perfrun.perfcollector <> - eventName : FP_ARITH_INST_RETIRED.256B_PACKED_SINGLE , eventId : 7
290 [139785105176320] INFO perfrun.perfcollector <> - DRY_RUN : "FP_ARITH_INST_RETIRED.SCALAR_DOUBLE: event id 8"
290 [139785105176320] INFO perfrun.perfcollector <> - eventName : FP_ARITH_INST_RETIRED.SCALAR_DOUBLE , eventId : 8
290 [139785105176320] INFO perfrun.perfcollector <> - DRY_RUN : "FP_ARITH_INST_RETIRED.128B_PACKED_DOUBLE: event id 9"
290 [139785105176320] INFO perfrun.perfcollector <> - eventName : FP_ARITH_INST_RETIRED.128B_PACKED_DOUBLE , eventId : 9
290 [139785105176320] INFO perfrun.perfcollector <> - DRY_RUN : "FP_ARITH_INST_RETIRED.256B_PACKED_DOUBLE: event id 10"
290 [139785105176320] INFO perfrun.perfcollector <> - eventName : FP_ARITH_INST_RETIRED.256B_PACKED_DOUBLE , eventId : 10
290 [139785105176320] INFO perfrun.perfcollector <> - DRY_RUN : "CCCR"
290 [139785105176320] INFO perfrun.perfcollector <> - DRY_RUN : "reg_type       = 1	event_id       = g	reg_id         = 38f	reg_value      = 70000000f"
290 [139785105176320] INFO perfrun.perfcollector <> - eventId : g, skip parsing event_id
290 [139785105176320] INFO perfrun.perfcollector <> - groupId : 1 , eventId : 4294967295 , cccrAddr : 38f , cccrVal : 70000000f
290 [139785105176320] WARN perfrun.perfcollector <> - eventId : 4294967295 , cccrAddr : 38f is outside of evsel range [186-18d] , ignored  , pmuDesc.name : cpu, at file: vcs/perfrun1/plugins/perfcollector/src/event_manager.cpp:802
290 [139785105176320] INFO perfrun.perfcollector <> - DRY_RUN : "reg_type       = 1	event_id       = g	reg_id         = 390	reg_value      = 70000000f"
290 [139785105176320] INFO perfrun.perfcollector <> - eventId : g, skip parsing event_id
290 [139785105176320] INFO perfrun.perfcollector <> - groupId : 1 , eventId : 4294967295 , cccrAddr : 390 , cccrVal : 70000000f
290 [139785105176320] WARN perfrun.perfcollector <> - eventId : 4294967295 , cccrAddr : 390 is outside of evsel range [186-18d] , ignored  , pmuDesc.name : cpu, at file: vcs/perfrun1/plugins/perfcollector/src/event_manager.cpp:802
290 [139785105176320] INFO perfrun.perfcollector <> - DRY_RUN : "reg_type       = 1	event_id       = g	reg_id         = 3f1	reg_value      = 0"
290 [139785105176320] INFO perfrun.perfcollector <> - eventId : g, skip parsing event_id
290 [139785105176320] INFO perfrun.perfcollector <> - groupId : 1 , eventId : 4294967295 , cccrAddr : 3f1 , cccrVal : 0
290 [139785105176320] WARN perfrun.perfcollector <> - eventId : 4294967295 , cccrAddr : 3f1 is outside of evsel range [186-18d] , ignored  , pmuDesc.name : cpu, at file: vcs/perfrun1/plugins/perfcollector/src/event_manager.cpp:802
290 [139785105176320] INFO perfrun.perfcollector <> - DRY_RUN : "reg_type       = 1	event_id       = g	reg_id         = 1d9	reg_value      = 1800"
290 [139785105176320] INFO perfrun.perfcollector <> - eventId : g, skip parsing event_id
290 [139785105176320] INFO perfrun.perfcollector <> - groupId : 1 , eventId : 4294967295 , cccrAddr : 1d9 , cccrVal : 1800
290 [139785105176320] WARN perfrun.perfcollector <> - eventId : 4294967295 , cccrAddr : 1d9 is outside of evsel range [186-18d] , ignored  , pmuDesc.name : cpu, at file: vcs/perfrun1/plugins/perfcollector/src/event_manager.cpp:802
290 [139785105176320] INFO perfrun.perfcollector <> - DRY_RUN : "reg_type       = 1	event_id       = g	reg_id         = 38d	reg_value      = bbb"
290 [139785105176320] INFO perfrun.perfcollector <> - eventId : g, skip parsing event_id
290 [139785105176320] INFO perfrun.perfcollector <> - groupId : 1 , eventId : 4294967295 , cccrAddr : 38d , cccrVal : bbb
290 [139785105176320] WARN perfrun.perfcollector <> - eventId : 4294967295 , cccrAddr : 38d is outside of evsel range [186-18d] , ignored  , pmuDesc.name : cpu, at file: vcs/perfrun1/plugins/perfcollector/src/event_manager.cpp:802
290 [139785105176320] INFO perfrun.perfcollector <> - DRY_RUN : "reg_type       = 1	event_id       = 7	reg_id         = 186	reg_value      = 5320c7"
290 [139785105176320] INFO perfrun.perfcollector <> - groupId : 1 , eventId : 7 , cccrAddr : 186 , cccrVal : 5320c7
290 [139785105176320] INFO perfrun.perfcollector <> - DRY_RUN : "reg_type       = 1	event_id       = 8	reg_id         = 187	reg_value      = 5301c7"
290 [139785105176320] INFO perfrun.perfcollector <> - groupId : 1 , eventId : 8 , cccrAddr : 187 , cccrVal : 5301c7
290 [139785105176320] INFO perfrun.perfcollector <> - DRY_RUN : "reg_type       = 1	event_id       = 9	reg_id         = 188	reg_value      = 5304c7"
290 [139785105176320] INFO perfrun.perfcollector <> - groupId : 1 , eventId : 9 , cccrAddr : 188 , cccrVal : 5304c7
290 [139785105176320] INFO perfrun.perfcollector <> - DRY_RUN : "reg_type       = 1	event_id       = 10	reg_id         = 189	reg_value      = 5310c7"
290 [139785105176320] INFO perfrun.perfcollector <> - groupId : 1 , eventId : 10 , cccrAddr : 189 , cccrVal : 5310c7
290 [139785105176320] INFO perfrun.perfcollector <> - DRY_RUN : "ESCR"
290 [139785105176320] INFO perfrun.perfcollector <> - DRY_RUN : "reg_type       = 2	event_id       = g	reg_id         = 1c8	reg_value      = 0"
290 [139785105176320] INFO perfrun.perfcollector <> - eventId : g, skip parsing event_id
290 [139785105176320] INFO perfrun.perfcollector <> - DRY_RUN : "DATA"
290 [139785105176320] INFO perfrun.perfcollector <> - DRY_RUN : "reg_type       = 4	event_id       = 2	reg_id         = 309	reg_value      = ffffffcf2c00"
290 [139785105176320] INFO perfrun.perfcollector <> - eventId : 2 , dataAddr : 309 , dataVal : ffffffcf2c00
290 [139785105176320] INFO perfrun.perfcollector <> - DRY_RUN : "reg_type       = 4	event_id       = 0	reg_id         = 30a	reg_value      = ffffffe17b7d"
290 [139785105176320] INFO perfrun.perfcollector <> - eventId : 0 , dataAddr : 30a , dataVal : ffffffe17b7d
290 [139785105176320] INFO perfrun.perfcollector <> - DRY_RUN : "reg_type       = 4	event_id       = 1	reg_id         = 30b	reg_value      = ffffffcf2c00"
291 [139785105176320] INFO perfrun.perfcollector <> - eventId : 1 , dataAddr : 30b , dataVal : ffffffcf2c00
291 [139785105176320] INFO perfrun.perfcollector <> - DRY_RUN : "reg_type       = 4	event_id       = 7	reg_id         = c1	reg_value      = ffffffe17b7d"
291 [139785105176320] INFO perfrun.perfcollector <> - eventId : 7 , dataAddr : c1 , dataVal : ffffffe17b7d
291 [139785105176320] INFO perfrun.perfcollector <> - DRY_RUN : "reg_type       = 4	event_id       = 8	reg_id         = c2	reg_value      = ffffffe17b7d"
291 [139785105176320] INFO perfrun.perfcollector <> - eventId : 8 , dataAddr : c2 , dataVal : ffffffe17b7d
291 [139785105176320] INFO perfrun.perfcollector <> - DRY_RUN : "reg_type       = 4	event_id       = 9	reg_id         = c3	reg_value      = ffffffe17b7d"
291 [139785105176320] INFO perfrun.perfcollector <> - eventId : 9 , dataAddr : c3 , dataVal : ffffffe17b7d
291 [139785105176320] INFO perfrun.perfcollector <> - DRY_RUN : "reg_type       = 4	event_id       = 10	reg_id         = c4	reg_value      = ffffffe17b7d"
291 [139785105176320] INFO perfrun.perfcollector <> - eventId : 10 , dataAddr : c4 , dataVal : ffffffe17b7d
291 [139785105176320] INFO perfrun.perfcollector <> - DRY_RUN : "Group 2:"
291 [139785105176320] INFO perfrun.perfcollector <> - id : 2
291 [139785105176320] INFO perfrun.perfcollector <> - DRY_RUN : "INST_RETIRED.ANY: event id 2"
291 [139785105176320] INFO perfrun.perfcollector <> - eventName : INST_RETIRED.ANY , eventId : 2
291 [139785105176320] INFO perfrun.perfcollector <> - DRY_RUN : "CPU_CLK_UNHALTED.THREAD: event id 0"
291 [139785105176320] INFO perfrun.perfcollector <> - eventName : CPU_CLK_UNHALTED.THREAD , eventId : 0
291 [139785105176320] INFO perfrun.perfcollector <> - DRY_RUN : "CPU_CLK_UNHALTED.REF_TSC: event id 1"
291 [139785105176320] INFO perfrun.perfcollector <> - eventName : CPU_CLK_UNHALTED.REF_TSC , eventId : 1
291 [139785105176320] INFO perfrun.perfcollector <> - DRY_RUN : "INST_RETIRED.X87: event id 11"
291 [139785105176320] INFO perfrun.perfcollector <> - eventName : INST_RETIRED.X87 , eventId : 11
291 [139785105176320] INFO perfrun.perfcollector <> - DRY_RUN : "UOPS_RETIRED.RETIRE_SLOTS: event id 12"
291 [139785105176320] INFO perfrun.perfcollector <> - eventName : UOPS_RETIRED.RETIRE_SLOTS , eventId : 12
291 [139785105176320] INFO perfrun.perfcollector <> - DRY_RUN : "CCCR"
291 [139785105176320] INFO perfrun.perfcollector <> - DRY_RUN : "reg_type       = 1	event_id       = g	reg_id         = 38f	reg_value      = 700000003"
291 [139785105176320] INFO perfrun.perfcollector <> - eventId : g, skip parsing event_id
291 [139785105176320] INFO perfrun.perfcollector <> - groupId : 2 , eventId : 4294967295 , cccrAddr : 38f , cccrVal : 700000003
291 [139785105176320] WARN perfrun.perfcollector <> - eventId : 4294967295 , cccrAddr : 38f is outside of evsel range [186-18d] , ignored  , pmuDesc.name : cpu, at file: vcs/perfrun1/plugins/perfcollector/src/event_manager.cpp:802
291 [139785105176320] INFO perfrun.perfcollector <> - DRY_RUN : "reg_type       = 1	event_id       = g	reg_id         = 390	reg_value      = 700000003"
291 [139785105176320] INFO perfrun.perfcollector <> - eventId : g, skip parsing event_id
291 [139785105176320] INFO perfrun.perfcollector <> - groupId : 2 , eventId : 4294967295 , cccrAddr : 390 , cccrVal : 700000003
291 [139785105176320] WARN perfrun.perfcollector <> - eventId : 4294967295 , cccrAddr : 390 is outside of evsel range [186-18d] , ignored  , pmuDesc.name : cpu, at file: vcs/perfrun1/plugins/perfcollector/src/event_manager.cpp:802
291 [139785105176320] INFO perfrun.perfcollector <> - DRY_RUN : "reg_type       = 1	event_id       = g	reg_id         = 3f1	reg_value      = 0"
291 [139785105176320] INFO perfrun.perfcollector <> - eventId : g, skip parsing event_id
291 [139785105176320] INFO perfrun.perfcollector <> - groupId : 2 , eventId : 4294967295 , cccrAddr : 3f1 , cccrVal : 0
291 [139785105176320] WARN perfrun.perfcollector <> - eventId : 4294967295 , cccrAddr : 3f1 is outside of evsel range [186-18d] , ignored  , pmuDesc.name : cpu, at file: vcs/perfrun1/plugins/perfcollector/src/event_manager.cpp:802
291 [139785105176320] INFO perfrun.perfcollector <> - DRY_RUN : "reg_type       = 1	event_id       = g	reg_id         = 1d9	reg_value      = 1800"
291 [139785105176320] INFO perfrun.perfcollector <> - eventId : g, skip parsing event_id
291 [139785105176320] INFO perfrun.perfcollector <> - groupId : 2 , eventId : 4294967295 , cccrAddr : 1d9 , cccrVal : 1800
291 [139785105176320] WARN perfrun.perfcollector <> - eventId : 4294967295 , cccrAddr : 1d9 is outside of evsel range [186-18d] , ignored  , pmuDesc.name : cpu, at file: vcs/perfrun1/plugins/perfcollector/src/event_manager.cpp:802
291 [139785105176320] INFO perfrun.perfcollector <> - DRY_RUN : "reg_type       = 1	event_id       = g	reg_id         = 38d	reg_value      = bbb"
291 [139785105176320] INFO perfrun.perfcollector <> - eventId : g, skip parsing event_id
291 [139785105176320] INFO perfrun.perfcollector <> - groupId : 2 , eventId : 4294967295 , cccrAddr : 38d , cccrVal : bbb
291 [139785105176320] WARN perfrun.perfcollector <> - eventId : 4294967295 , cccrAddr : 38d is outside of evsel range [186-18d] , ignored  , pmuDesc.name : cpu, at file: vcs/perfrun1/plugins/perfcollector/src/event_manager.cpp:802
291 [139785105176320] INFO perfrun.perfcollector <> - DRY_RUN : "reg_type       = 1	event_id       = 11	reg_id         = 186	reg_value      = 5302c0"
291 [139785105176320] INFO perfrun.perfcollector <> - groupId : 2 , eventId : 11 , cccrAddr : 186 , cccrVal : 5302c0
291 [139785105176320] INFO perfrun.perfcollector <> - DRY_RUN : "reg_type       = 1	event_id       = 12	reg_id         = 187	reg_value      = 5302c2"
291 [139785105176320] INFO perfrun.perfcollector <> - groupId : 2 , eventId : 12 , cccrAddr : 187 , cccrVal : 5302c2
291 [139785105176320] INFO perfrun.perfcollector <> - DRY_RUN : "ESCR"
291 [139785105176320] INFO perfrun.perfcollector <> - DRY_RUN : "reg_type       = 2	event_id       = g	reg_id         = 1c8	reg_value      = 0"
291 [139785105176320] INFO perfrun.perfcollector <> - eventId : g, skip parsing event_id
291 [139785105176320] INFO perfrun.perfcollector <> - DRY_RUN : "DATA"
291 [139785105176320] INFO perfrun.perfcollector <> - DRY_RUN : "reg_type       = 4	event_id       = 2	reg_id         = 309	reg_value      = ffffffcf2c00"
291 [139785105176320] INFO perfrun.perfcollector <> - eventId : 2 , dataAddr : 309 , dataVal : ffffffcf2c00
291 [139785105176320] INFO perfrun.perfcollector <> - DRY_RUN : "reg_type       = 4	event_id       = 0	reg_id         = 30a	reg_value      = ffffffe17b7d"
291 [139785105176320] INFO perfrun.perfcollector <> - eventId : 0 , dataAddr : 30a , dataVal : ffffffe17b7d
291 [139785105176320] INFO perfrun.perfcollector <> - DRY_RUN : "reg_type       = 4	event_id       = 1	reg_id         = 30b	reg_value      = ffffffcf2c00"
291 [139785105176320] INFO perfrun.perfcollector <> - eventId : 1 , dataAddr : 30b , dataVal : ffffffcf2c00
291 [139785105176320] INFO perfrun.perfcollector <> - DRY_RUN : "reg_type       = 4	event_id       = 11	reg_id         = c1	reg_value      = ffffffe17b7d"
291 [139785105176320] INFO perfrun.perfcollector <> - eventId : 11 , dataAddr : c1 , dataVal : ffffffe17b7d
291 [139785105176320] INFO perfrun.perfcollector <> - DRY_RUN : "reg_type       = 4	event_id       = 12	reg_id         = c2	reg_value      = ffffffe17b7d"
291 [139785105176320] INFO perfrun.perfcollector <> - eventId : 12 , dataAddr : c2 , dataVal : ffffffe17b7d
291 [139785105176320] INFO perfrun.perfcollector <> - pmu config : cpu , m_cccrAddr : ffffffff , m_cccrVal : 0 , m_escrAddr : ffffffff , m_escrVal : 0 , m_dataAddr : 30a , m_dataVal : ffffffffffe17b7d , m_extPebsVal : 0 , m_adtPebsAvail : 0
291 [139785105176320] INFO perfrun.perfcollector <> - config : event : 3c
291 [139785105176320] INFO perfrun.perfcollector <> - config : pc : 0
291 [139785105176320] INFO perfrun.perfcollector <> - config : in_tx : 0
291 [139785105176320] INFO perfrun.perfcollector <> - config : edge : 0
291 [139785105176320] INFO perfrun.perfcollector <> - config : any : 0
291 [139785105176320] INFO perfrun.perfcollector <> - config1 : offcore_rsp : 0
291 [139785105176320] INFO perfrun.perfcollector <> - config : in_tx_cp : 0
291 [139785105176320] INFO perfrun.perfcollector <> - config1 : ldlat : 0
291 [139785105176320] INFO perfrun.perfcollector <> - config : inv : 0
291 [139785105176320] INFO perfrun.perfcollector <> - config : umask : 0
291 [139785105176320] INFO perfrun.perfcollector <> - config : cmask : 0
291 [139785105176320] INFO perfrun.perfcollector <> - format : cpu/event=0x3c,name='CPU_CLK_UNHALTED.THREAD'/D
291 [139785105176320] INFO perfrun.perfcollector <> - pmu config : cpu , m_cccrAddr : ffffffff , m_cccrVal : 0 , m_escrAddr : ffffffff , m_escrVal : 0 , m_dataAddr : 30b , m_dataVal : ffffffffffcf2c00 , m_extPebsVal : 0 , m_adtPebsAvail : 0
291 [139785105176320] INFO perfrun.perfcollector <> - config : event : 0
291 [139785105176320] INFO perfrun.perfcollector <> - config : pc : 0
291 [139785105176320] INFO perfrun.perfcollector <> - config : in_tx : 0
291 [139785105176320] INFO perfrun.perfcollector <> - config : edge : 0
291 [139785105176320] INFO perfrun.perfcollector <> - config : any : 0
291 [139785105176320] INFO perfrun.perfcollector <> - config1 : offcore_rsp : 0
291 [139785105176320] INFO perfrun.perfcollector <> - config : in_tx_cp : 0
291 [139785105176320] INFO perfrun.perfcollector <> - config1 : ldlat : 0
291 [139785105176320] INFO perfrun.perfcollector <> - config : inv : 0
291 [139785105176320] INFO perfrun.perfcollector <> - config : umask : 3
291 [139785105176320] INFO perfrun.perfcollector <> - config : cmask : 0
291 [139785105176320] INFO perfrun.perfcollector <> - format : cpu/umask=0x3,name='CPU_CLK_UNHALTED.REF_TSC'/D
291 [139785105176320] INFO perfrun.perfcollector <> - pmu config : cpu , m_cccrAddr : ffffffff , m_cccrVal : 0 , m_escrAddr : ffffffff , m_escrVal : 0 , m_dataAddr : 309 , m_dataVal : ffffffffffcf2c00 , m_extPebsVal : 0 , m_adtPebsAvail : 0
291 [139785105176320] INFO perfrun.perfcollector <> - config : event : c0
291 [139785105176320] INFO perfrun.perfcollector <> - config : pc : 0
291 [139785105176320] INFO perfrun.perfcollector <> - config : in_tx : 0
291 [139785105176320] INFO perfrun.perfcollector <> - config : edge : 0
291 [139785105176320] INFO perfrun.perfcollector <> - config : any : 0
291 [139785105176320] INFO perfrun.perfcollector <> - config1 : offcore_rsp : 0
291 [139785105176320] INFO perfrun.perfcollector <> - config : in_tx_cp : 0
291 [139785105176320] INFO perfrun.perfcollector <> - config1 : ldlat : 0
291 [139785105176320] INFO perfrun.perfcollector <> - config : inv : 0
291 [139785105176320] INFO perfrun.perfcollector <> - config : umask : 0
291 [139785105176320] INFO perfrun.perfcollector <> - config : cmask : 0
291 [139785105176320] INFO perfrun.perfcollector <> - format : cpu/event=0xc0,name='INST_RETIRED.ANY'/D
291 [139785105176320] INFO perfrun.perfcollector <> - pmu config : cpu , m_cccrAddr : 186 , m_cccrVal : 53013c , m_escrAddr : ffffffff , m_escrVal : 0 , m_dataAddr : c1 , m_dataVal : fffffffffffe795d , m_extPebsVal : 0 , m_adtPebsAvail : 0
291 [139785105176320] INFO perfrun.perfcollector <> - config : event : 3c
291 [139785105176320] INFO perfrun.perfcollector <> - config : pc : 0
291 [139785105176320] INFO perfrun.perfcollector <> - config : in_tx : 0
291 [139785105176320] INFO perfrun.perfcollector <> - config : edge : 0
291 [139785105176320] INFO perfrun.perfcollector <> - config : any : 0
291 [139785105176320] INFO perfrun.perfcollector <> - config1 : offcore_rsp : 0
291 [139785105176320] INFO perfrun.perfcollector <> - config : in_tx_cp : 0
291 [139785105176320] INFO perfrun.perfcollector <> - config1 : ldlat : 0
291 [139785105176320] INFO perfrun.perfcollector <> - config : inv : 0
291 [139785105176320] INFO perfrun.perfcollector <> - config : umask : 1
291 [139785105176320] INFO perfrun.perfcollector <> - config : cmask : 0
291 [139785105176320] INFO perfrun.perfcollector <> - format : cpu/event=0x3c,umask=0x1,name='CPU_CLK_UNHALTED.REF_XCLK'/
291 [139785105176320] INFO perfrun.perfcollector <> - pmu config : cpu , m_cccrAddr : 187 , m_cccrVal : 53023c , m_escrAddr : ffffffff , m_escrVal : 0 , m_dataAddr : c2 , m_dataVal : fffffffffffe795d , m_extPebsVal : 0 , m_adtPebsAvail : 0
291 [139785105176320] INFO perfrun.perfcollector <> - config : event : 3c
291 [139785105176320] INFO perfrun.perfcollector <> - config : pc : 0
291 [139785105176320] INFO perfrun.perfcollector <> - config : in_tx : 0
291 [139785105176320] INFO perfrun.perfcollector <> - config : edge : 0
291 [139785105176320] INFO perfrun.perfcollector <> - config : any : 0
291 [139785105176320] INFO perfrun.perfcollector <> - config1 : offcore_rsp : 0
291 [139785105176320] INFO perfrun.perfcollector <> - config : in_tx_cp : 0
291 [139785105176320] INFO perfrun.perfcollector <> - config1 : ldlat : 0
291 [139785105176320] INFO perfrun.perfcollector <> - config : inv : 0
291 [139785105176320] INFO perfrun.perfcollector <> - config : umask : 2
291 [139785105176320] INFO perfrun.perfcollector <> - config : cmask : 0
291 [139785105176320] INFO perfrun.perfcollector <> - format : cpu/event=0x3c,umask=0x2,name='CPU_CLK_UNHALTED.ONE_THREAD_ACTIVE'/
291 [139785105176320] INFO perfrun.perfcollector <> - pmu config : cpu , m_cccrAddr : 188 , m_cccrVal : 5302c7 , m_escrAddr : ffffffff , m_escrVal : 0 , m_dataAddr : c3 , m_dataVal : ffffffffffe17b7d , m_extPebsVal : 0 , m_adtPebsAvail : 0
291 [139785105176320] INFO perfrun.perfcollector <> - config : event : c7
291 [139785105176320] INFO perfrun.perfcollector <> - config : pc : 0
291 [139785105176320] INFO perfrun.perfcollector <> - config : in_tx : 0
291 [139785105176320] INFO perfrun.perfcollector <> - config : edge : 0
291 [139785105176320] INFO perfrun.perfcollector <> - config : any : 0
291 [139785105176320] INFO perfrun.perfcollector <> - config1 : offcore_rsp : 0
291 [139785105176320] INFO perfrun.perfcollector <> - config : in_tx_cp : 0
291 [139785105176320] INFO perfrun.perfcollector <> - config1 : ldlat : 0
291 [139785105176320] INFO perfrun.perfcollector <> - config : inv : 0
291 [139785105176320] INFO perfrun.perfcollector <> - config : umask : 2
291 [139785105176320] INFO perfrun.perfcollector <> - config : cmask : 0
291 [139785105176320] INFO perfrun.perfcollector <> - format : cpu/event=0xc7,umask=0x2,name='FP_ARITH_INST_RETIRED.SCALAR_SINGLE'/
291 [139785105176320] INFO perfrun.perfcollector <> - pmu config : cpu , m_cccrAddr : 189 , m_cccrVal : 5308c7 , m_escrAddr : ffffffff , m_escrVal : 0 , m_dataAddr : c4 , m_dataVal : ffffffffffe17b7d , m_extPebsVal : 0 , m_adtPebsAvail : 0
291 [139785105176320] INFO perfrun.perfcollector <> - config : event : c7
291 [139785105176320] INFO perfrun.perfcollector <> - config : pc : 0
292 [139785105176320] INFO perfrun.perfcollector <> - config : in_tx : 0
292 [139785105176320] INFO perfrun.perfcollector <> - config : edge : 0
292 [139785105176320] INFO perfrun.perfcollector <> - config : any : 0
292 [139785105176320] INFO perfrun.perfcollector <> - config1 : offcore_rsp : 0
292 [139785105176320] INFO perfrun.perfcollector <> - config : in_tx_cp : 0
292 [139785105176320] INFO perfrun.perfcollector <> - config1 : ldlat : 0
292 [139785105176320] INFO perfrun.perfcollector <> - config : inv : 0
292 [139785105176320] INFO perfrun.perfcollector <> - config : umask : 8
292 [139785105176320] INFO perfrun.perfcollector <> - config : cmask : 0
292 [139785105176320] INFO perfrun.perfcollector <> - format : cpu/event=0xc7,umask=0x8,name='FP_ARITH_INST_RETIRED.128B_PACKED_SINGLE'/
292 [139785105176320] INFO perfrun.perfcollector <> - pmu config : cpu , m_cccrAddr : 186 , m_cccrVal : 5320c7 , m_escrAddr : ffffffff , m_escrVal : 0 , m_dataAddr : c1 , m_dataVal : ffffffffffe17b7d , m_extPebsVal : 0 , m_adtPebsAvail : 0
292 [139785105176320] INFO perfrun.perfcollector <> - config : event : c7
292 [139785105176320] INFO perfrun.perfcollector <> - config : pc : 0
292 [139785105176320] INFO perfrun.perfcollector <> - config : in_tx : 0
292 [139785105176320] INFO perfrun.perfcollector <> - config : edge : 0
292 [139785105176320] INFO perfrun.perfcollector <> - config : any : 0
292 [139785105176320] INFO perfrun.perfcollector <> - config1 : offcore_rsp : 0
292 [139785105176320] INFO perfrun.perfcollector <> - config : in_tx_cp : 0
292 [139785105176320] INFO perfrun.perfcollector <> - config1 : ldlat : 0
292 [139785105176320] INFO perfrun.perfcollector <> - config : inv : 0
292 [139785105176320] INFO perfrun.perfcollector <> - config : umask : 20
292 [139785105176320] INFO perfrun.perfcollector <> - config : cmask : 0
292 [139785105176320] INFO perfrun.perfcollector <> - format : cpu/event=0xc7,umask=0x20,name='FP_ARITH_INST_RETIRED.256B_PACKED_SINGLE'/
292 [139785105176320] INFO perfrun.perfcollector <> - pmu config : cpu , m_cccrAddr : 187 , m_cccrVal : 5301c7 , m_escrAddr : ffffffff , m_escrVal : 0 , m_dataAddr : c2 , m_dataVal : ffffffffffe17b7d , m_extPebsVal : 0 , m_adtPebsAvail : 0
292 [139785105176320] INFO perfrun.perfcollector <> - config : event : c7
292 [139785105176320] INFO perfrun.perfcollector <> - config : pc : 0
292 [139785105176320] INFO perfrun.perfcollector <> - config : in_tx : 0
292 [139785105176320] INFO perfrun.perfcollector <> - config : edge : 0
292 [139785105176320] INFO perfrun.perfcollector <> - config : any : 0
292 [139785105176320] INFO perfrun.perfcollector <> - config1 : offcore_rsp : 0
292 [139785105176320] INFO perfrun.perfcollector <> - config : in_tx_cp : 0
292 [139785105176320] INFO perfrun.perfcollector <> - config1 : ldlat : 0
292 [139785105176320] INFO perfrun.perfcollector <> - config : inv : 0
292 [139785105176320] INFO perfrun.perfcollector <> - config : umask : 1
292 [139785105176320] INFO perfrun.perfcollector <> - config : cmask : 0
292 [139785105176320] INFO perfrun.perfcollector <> - format : cpu/event=0xc7,umask=0x1,name='FP_ARITH_INST_RETIRED.SCALAR_DOUBLE'/
292 [139785105176320] INFO perfrun.perfcollector <> - pmu config : cpu , m_cccrAddr : 188 , m_cccrVal : 5304c7 , m_escrAddr : ffffffff , m_escrVal : 0 , m_dataAddr : c3 , m_dataVal : ffffffffffe17b7d , m_extPebsVal : 0 , m_adtPebsAvail : 0
292 [139785105176320] INFO perfrun.perfcollector <> - config : event : c7
292 [139785105176320] INFO perfrun.perfcollector <> - config : pc : 0
292 [139785105176320] INFO perfrun.perfcollector <> - config : in_tx : 0
292 [139785105176320] INFO perfrun.perfcollector <> - config : edge : 0
292 [139785105176320] INFO perfrun.perfcollector <> - config : any : 0
292 [139785105176320] INFO perfrun.perfcollector <> - config1 : offcore_rsp : 0
292 [139785105176320] INFO perfrun.perfcollector <> - config : in_tx_cp : 0
292 [139785105176320] INFO perfrun.perfcollector <> - config1 : ldlat : 0
292 [139785105176320] INFO perfrun.perfcollector <> - config : inv : 0
292 [139785105176320] INFO perfrun.perfcollector <> - config : umask : 4
292 [139785105176320] INFO perfrun.perfcollector <> - config : cmask : 0
292 [139785105176320] INFO perfrun.perfcollector <> - format : cpu/event=0xc7,umask=0x4,name='FP_ARITH_INST_RETIRED.128B_PACKED_DOUBLE'/
292 [139785105176320] INFO perfrun.perfcollector <> - pmu config : cpu , m_cccrAddr : 189 , m_cccrVal : 5310c7 , m_escrAddr : ffffffff , m_escrVal : 0 , m_dataAddr : c4 , m_dataVal : ffffffffffe17b7d , m_extPebsVal : 0 , m_adtPebsAvail : 0
292 [139785105176320] INFO perfrun.perfcollector <> - config : event : c7
292 [139785105176320] INFO perfrun.perfcollector <> - config : pc : 0
292 [139785105176320] INFO perfrun.perfcollector <> - config : in_tx : 0
292 [139785105176320] INFO perfrun.perfcollector <> - config : edge : 0
292 [139785105176320] INFO perfrun.perfcollector <> - config : any : 0
292 [139785105176320] INFO perfrun.perfcollector <> - config1 : offcore_rsp : 0
292 [139785105176320] INFO perfrun.perfcollector <> - config : in_tx_cp : 0
292 [139785105176320] INFO perfrun.perfcollector <> - config1 : ldlat : 0
292 [139785105176320] INFO perfrun.perfcollector <> - config : inv : 0
292 [139785105176320] INFO perfrun.perfcollector <> - config : umask : 10
292 [139785105176320] INFO perfrun.perfcollector <> - config : cmask : 0
292 [139785105176320] INFO perfrun.perfcollector <> - format : cpu/event=0xc7,umask=0x10,name='FP_ARITH_INST_RETIRED.256B_PACKED_DOUBLE'/
292 [139785105176320] INFO perfrun.perfcollector <> - pmu config : cpu , m_cccrAddr : 186 , m_cccrVal : 5302c0 , m_escrAddr : ffffffff , m_escrVal : 0 , m_dataAddr : c1 , m_dataVal : ffffffffffe17b7d , m_extPebsVal : 0 , m_adtPebsAvail : 0
292 [139785105176320] INFO perfrun.perfcollector <> - config : event : c0
292 [139785105176320] INFO perfrun.perfcollector <> - config : pc : 0
292 [139785105176320] INFO perfrun.perfcollector <> - config : in_tx : 0
292 [139785105176320] INFO perfrun.perfcollector <> - config : edge : 0
292 [139785105176320] INFO perfrun.perfcollector <> - config : any : 0
292 [139785105176320] INFO perfrun.perfcollector <> - config1 : offcore_rsp : 0
292 [139785105176320] INFO perfrun.perfcollector <> - config : in_tx_cp : 0
292 [139785105176320] INFO perfrun.perfcollector <> - config1 : ldlat : 0
292 [139785105176320] INFO perfrun.perfcollector <> - config : inv : 0
292 [139785105176320] INFO perfrun.perfcollector <> - config : umask : 2
292 [139785105176320] INFO perfrun.perfcollector <> - config : cmask : 0
292 [139785105176320] INFO perfrun.perfcollector <> - format : cpu/event=0xc0,umask=0x2,name='INST_RETIRED.X87'/
292 [139785105176320] INFO perfrun.perfcollector <> - pmu config : cpu , m_cccrAddr : 187 , m_cccrVal : 5302c2 , m_escrAddr : ffffffff , m_escrVal : 0 , m_dataAddr : c2 , m_dataVal : ffffffffffe17b7d , m_extPebsVal : 0 , m_adtPebsAvail : 0
292 [139785105176320] INFO perfrun.perfcollector <> - config : event : c2
292 [139785105176320] INFO perfrun.perfcollector <> - config : pc : 0
292 [139785105176320] INFO perfrun.perfcollector <> - config : in_tx : 0
292 [139785105176320] INFO perfrun.perfcollector <> - config : edge : 0
292 [139785105176320] INFO perfrun.perfcollector <> - config : any : 0
292 [139785105176320] INFO perfrun.perfcollector <> - config1 : offcore_rsp : 0
292 [139785105176320] INFO perfrun.perfcollector <> - config : in_tx_cp : 0
292 [139785105176320] INFO perfrun.perfcollector <> - config1 : ldlat : 0
292 [139785105176320] INFO perfrun.perfcollector <> - config : inv : 0
292 [139785105176320] INFO perfrun.perfcollector <> - config : umask : 2
292 [139785105176320] INFO perfrun.perfcollector <> - config : cmask : 0
292 [139785105176320] INFO perfrun.perfcollector <> - format : cpu/event=0xc2,umask=0x2,name='UOPS_RETIRED.RETIRE_SLOTS'/
292 [139785105176320] INFO perfrun.perfcollector <> - event: cpu/event=0x3c,name='CPU_CLK_UNHALTED.THREAD'/Du , added for counting
292 [139785105176320] INFO perfrun.perfcollector <> - event: cpu/umask=0x3,name='CPU_CLK_UNHALTED.REF_TSC'/Du , added for counting
292 [139785105176320] INFO perfrun.perfcollector <> - event: cpu/event=0xc0,name='INST_RETIRED.ANY'/Du , added for counting
292 [139785105176320] INFO perfrun.perfcollector <> - event: cpu/event=0x3c,umask=0x1,name='CPU_CLK_UNHALTED.REF_XCLK'/u , added for counting
292 [139785105176320] INFO perfrun.perfcollector <> - event: cpu/event=0x3c,umask=0x2,name='CPU_CLK_UNHALTED.ONE_THREAD_ACTIVE'/u , added for counting
292 [139785105176320] INFO perfrun.perfcollector <> - event: cpu/event=0xc7,umask=0x2,name='FP_ARITH_INST_RETIRED.SCALAR_SINGLE'/u , added for counting
292 [139785105176320] INFO perfrun.perfcollector <> - event: cpu/event=0xc7,umask=0x8,name='FP_ARITH_INST_RETIRED.128B_PACKED_SINGLE'/u , added for counting
292 [139785105176320] INFO perfrun.perfcollector <> - event: cpu/event=0xc7,umask=0x20,name='FP_ARITH_INST_RETIRED.256B_PACKED_SINGLE'/u , added for counting
292 [139785105176320] INFO perfrun.perfcollector <> - event: cpu/event=0xc7,umask=0x1,name='FP_ARITH_INST_RETIRED.SCALAR_DOUBLE'/u , added for counting
292 [139785105176320] INFO perfrun.perfcollector <> - event: cpu/event=0xc7,umask=0x4,name='FP_ARITH_INST_RETIRED.128B_PACKED_DOUBLE'/u , added for counting
292 [139785105176320] INFO perfrun.perfcollector <> - event: cpu/event=0xc7,umask=0x10,name='FP_ARITH_INST_RETIRED.256B_PACKED_DOUBLE'/u , added for counting
292 [139785105176320] INFO perfrun.perfcollector <> - event: cpu/event=0xc0,umask=0x2,name='INST_RETIRED.X87'/u , added for counting
292 [139785105176320] INFO perfrun.perfcollector <> - event: cpu/event=0xc2,umask=0x2,name='UOPS_RETIRED.RETIRE_SLOTS'/u , added for counting
292 [139785008412416] WARN perfrun.perfcollector <> - Perf stat trace pipe capacity: read = 1048576, write = 1048576, at file: vcs/perfrun1/plugins/perfcollector/src/profiler.cpp:763
292 [139785008412416] INFO perfrun.perfcollector <> - Path to Perf control pipe: /tmp/amplxe-tmp-user/perf-pipe-3290-72970919617731638
293 [139785008412416] INFO perfrun.sdk <> - runCmd: "/opt/intel/oneapi/vtune/2021.5.0/bin64/amplxe-perf" stat -v --log-fd 11 --pipe "/tmp/amplxe-tmp-user/perf-pipe-3290-72970919617731638" --pipe-sync --scale -x ; -e cpu/event=0x3c,name='CPU_CLK_UNHALTED.THREAD'/Du,cpu/umask=0x3,name='CPU_CLK_UNHALTED.REF_TSC'/Du,cpu/event=0xc0,name='INST_RETIRED.ANY'/Du,cpu/event=0x3c,umask=0x1,name='CPU_CLK_UNHALTED.REF_XCLK'/u,cpu/event=0x3c,umask=0x2,name='CPU_CLK_UNHALTED.ONE_THREAD_ACTIVE'/u,cpu/event=0xc7,umask=0x2,name='FP_ARITH_INST_RETIRED.SCALAR_SINGLE'/u,cpu/event=0xc7,umask=0x8,name='FP_ARITH_INST_RETIRED.128B_PACKED_SINGLE'/u,cpu/event=0xc7,umask=0x20,name='FP_ARITH_INST_RETIRED.256B_PACKED_SINGLE'/u,cpu/event=0xc7,umask=0x1,name='FP_ARITH_INST_RETIRED.SCALAR_DOUBLE'/u,cpu/event=0xc7,umask=0x4,name='FP_ARITH_INST_RETIRED.128B_PACKED_DOUBLE'/u,cpu/event=0xc7,umask=0x10,name='FP_ARITH_INST_RETIRED.256B_PACKED_DOUBLE'/u,cpu/event=0xc0,umask=0x2,name='INST_RETIRED.X87'/u,cpu/event=0xc2,umask=0x2,name='UOPS_RETIRED.RETIRE_SLOTS'/u "/opt/intel/oneapi/vtune/2021.5.0/bin64/amplxe-perf-sync" dryrun tsc
351 [139785000019712] INFO perfrun.perfcollector <> - PERF_STAT : "CPU_CLK_UNHALTED.THREAD: 5352956 3286152 3286152"
351 [139785000019712] WARN perfrun.perfcollector <> - Unexpected PERF_STAT format, ignored, at file: vcs/perfrun1/plugins/perfcollector/src/profiler.cpp:490
351 [139785000019712] INFO perfrun.perfcollector <> - PERF_STAT : "CPU_CLK_UNHALTED.REF_TSC: 5040736 3286152 3286152"
351 [139785000019712] WARN perfrun.perfcollector <> - Unexpected PERF_STAT format, ignored, at file: vcs/perfrun1/plugins/perfcollector/src/profiler.cpp:490
351 [139785000019712] INFO perfrun.perfcollector <> - PERF_STAT : "INST_RETIRED.ANY: 4490513 3286152 3286152"
351 [139785000019712] WARN perfrun.perfcollector <> - Unexpected PERF_STAT format, ignored, at file: vcs/perfrun1/plugins/perfcollector/src/profiler.cpp:490
351 [139785000019712] INFO perfrun.perfcollector <> - PERF_STAT : "CPU_CLK_UNHALTED.REF_XCLK: 42753 3286152 179322"
351 [139785000019712] WARN perfrun.perfcollector <> - Unexpected PERF_STAT format, ignored, at file: vcs/perfrun1/plugins/perfcollector/src/profiler.cpp:490
351 [139785000019712] INFO perfrun.perfcollector <> - PERF_STAT : "CPU_CLK_UNHALTED.ONE_THREAD_ACTIVE: 0 3286152 1179175"
351 [139785000019712] WARN perfrun.perfcollector <> - Unexpected PERF_STAT format, ignored, at file: vcs/perfrun1/plugins/perfcollector/src/profiler.cpp:490
351 [139785000019712] INFO perfrun.perfcollector <> - PERF_STAT : "FP_ARITH_INST_RETIRED.SCALAR_SINGLE: 0 3286152 2179183"
351 [139785000019712] WARN perfrun.perfcollector <> - Unexpected PERF_STAT format, ignored, at file: vcs/perfrun1/plugins/perfcollector/src/profiler.cpp:490
351 [139785000019712] INFO perfrun.perfcollector <> - PERF_STAT : "FP_ARITH_INST_RETIRED.128B_PACKED_SINGLE: 0 3286152 2999870"
351 [139785000019712] WARN perfrun.perfcollector <> - Unexpected PERF_STAT format, ignored, at file: vcs/perfrun1/plugins/perfcollector/src/profiler.cpp:490
351 [139785000019712] INFO perfrun.perfcollector <> - PERF_STAT : "FP_ARITH_INST_RETIRED.256B_PACKED_SINGLE: 0 3286152 2106977"
351 [139785000019712] WARN perfrun.perfcollector <> - Unexpected PERF_STAT format, ignored, at file: vcs/perfrun1/plugins/perfcollector/src/profiler.cpp:490
351 [139785000019712] INFO perfrun.perfcollector <> - PERF_STAT : "FP_ARITH_INST_RETIRED.SCALAR_DOUBLE: 0 3286152 1106969"
351 [139785000019712] WARN perfrun.perfcollector <> - Unexpected PERF_STAT format, ignored, at file: vcs/perfrun1/plugins/perfcollector/src/profiler.cpp:490
351 [139785000019712] INFO perfrun.perfcollector <> - PERF_STAT : "FP_ARITH_INST_RETIRED.128B_PACKED_DOUBLE: 0 3286152 106960"
351 [139785000019712] WARN perfrun.perfcollector <> - Unexpected PERF_STAT format, ignored, at file: vcs/perfrun1/plugins/perfcollector/src/profiler.cpp:490
351 [139785000019712] INFO perfrun.perfcollector <> - PERF_STAT : "FP_ARITH_INST_RETIRED.256B_PACKED_DOUBLE: 0 3286152 0"
351 [139785000019712] WARN perfrun.perfcollector <> - Unexpected PERF_STAT format, ignored, at file: vcs/perfrun1/plugins/perfcollector/src/profiler.cpp:490
351 [139785000019712] INFO perfrun.perfcollector <> - PERF_STAT : "INST_RETIRED.X87: 0 3286152 0"
351 [139785000019712] WARN perfrun.perfcollector <> - Unexpected PERF_STAT format, ignored, at file: vcs/perfrun1/plugins/perfcollector/src/profiler.cpp:490
351 [139785000019712] INFO perfrun.perfcollector <> - PERF_STAT : "UOPS_RETIRED.RETIRE_SLOTS: 0 3286152 0"
351 [139785000019712] WARN perfrun.perfcollector <> - Unexpected PERF_STAT format, ignored, at file: vcs/perfrun1/plugins/perfcollector/src/profiler.cpp:490
351 [139785000019712] INFO perfrun.perfcollector <> - PERF_STAT : "5352956;;CPU_CLK_UNHALTED.THREAD;3286152;100.00;;"
351 [139785000019712] INFO perfrun.perfcollector <> - PERF_STAT : "5040736;;CPU_CLK_UNHALTED.REF_TSC;3286152;100.00;;"
351 [139785000019712] INFO perfrun.perfcollector <> - PERF_STAT : "4490513;;INST_RETIRED.ANY;3286152;100.00;;"
351 [139785000019712] INFO perfrun.perfcollector <> - PERF_STAT : "42753;;CPU_CLK_UNHALTED.REF_XCLK;179322;5.46;;"
351 [139785000019712] INFO perfrun.perfcollector <> - PERF_STAT : "0;;CPU_CLK_UNHALTED.ONE_THREAD_ACTIVE;1179175;35.88;;"
351 [139785000019712] INFO perfrun.perfcollector <> - PERF_STAT : "0;;FP_ARITH_INST_RETIRED.SCALAR_SINGLE;2179183;66.31;;"
351 [139785000019712] INFO perfrun.perfcollector <> - PERF_STAT : "0;;FP_ARITH_INST_RETIRED.128B_PACKED_SINGLE;2999870;91.29;;"
351 [139785000019712] INFO perfrun.perfcollector <> - PERF_STAT : "0;;FP_ARITH_INST_RETIRED.256B_PACKED_SINGLE;2106977;64.12;;"
351 [139785000019712] INFO perfrun.perfcollector <> - PERF_STAT : "0;;FP_ARITH_INST_RETIRED.SCALAR_DOUBLE;1106969;33.69;;"
351 [139785000019712] INFO perfrun.perfcollector <> - PERF_STAT : "0;;FP_ARITH_INST_RETIRED.128B_PACKED_DOUBLE;106960;3.25;;"
351 [139785000019712] INFO perfrun.perfcollector <> - PERF_STAT : "<not counted>;;FP_ARITH_INST_RETIRED.256B_PACKED_DOUBLE;0;0.00;;"
351 [139785008412416] INFO perfrun.perfcollector <> - Monitor: runCmd RC = true
351 [139785000019712] INFO perfrun.perfcollector <> - PERF_STAT : "<not counted>;;INST_RETIRED.X87;0;0.00;;"
351 [139785000019712] INFO perfrun.perfcollector <> - PERF_STAT : "<not counted>;;UOPS_RETIRED.RETIRE_SLOTS;0;0.00;;"
352 [139785105176320] INFO perfrun.launcher <> - plugin [aoclprofile] was disabled because it doesn't support the given collection type.
352 [139785105176320] INFO perfrun.tpss <> - initialize tpss controller
352 [139785105176320] INFO perfrun.tpss <> - configure collection mode: value = cpu:counters:nostack
352 [139785105176320] INFO perfrun.tpss <> - configure collection mode: value = cpu:stack
352 [139785105176320] INFO perfrun.tpss <> - default obj-size-min=1024
352 [139785105176320] INFO perfrun.tpss <> - default hash-table-size=0
352 [139785105176320] INFO perfrun.launcher <> - plugin [exprof] was disabled because it doesn't support the given collection type.
352 [139785105176320] INFO perfrun.launcher <> - plugin [media] was disabled because it doesn't support the given collection type.
352 [139785105176320] INFO perfrun.launcher <> - plugin [] was disabled because it doesn't support the given collection type.
352 [139785105176320] INFO perfrun.launcher <> - plugin [] was disabled because it doesn't support the given collection type.
352 [139785105176320] INFO perfrun.launcher <> - plugin [parallelfs] was disabled because it doesn't support the given collection type.
352 [139785105176320] INFO perfrun.launcher <> - plugin [power] was disabled because it doesn't support the given collection type.
352 [139785105176320] INFO perfrun.launcher <> - plugin [hwloc] was disabled because it doesn't support the given collection type.
352 [139785105176320] INFO perfrun.launcher <> - plugin [ipmwatch] was disabled because it doesn't support the given collection type.
352 [139785105176320] INFO perfrun.launcher <> - plugin [os_counters] was disabled because it doesn't support the given collection type.
352 [139785245329280] INFO perfrun.launcher <> - set environment variable: LD_LIBRARY_PATH = /opt/intel/oneapi/vtune/2021.5.0/lib32/runtime:/opt/intel/oneapi/vtune/2021.5.0/lib64/runtime:/usr/local/nvidia/lib:/usr/local/nvidia/lib64
352 [139785245329280] INFO perfrun.launcher <> - set environment variable: INTEL_LIBITTNOTIFY32 = /opt/intel/oneapi/vtune/2021.5.0/lib32/runtime/libittnotify_collector.so
352 [139785245329280] INFO perfrun.launcher <> - set environment variable: INTEL_LIBITTNOTIFY64 = /opt/intel/oneapi/vtune/2021.5.0/lib64/runtime/libittnotify_collector.so
352 [139785245329280] INFO perfrun.launcher <> - set environment variable: INTEL_ITTNOTIFY_GROUPS = 
352 [139785245329280] INFO perfrun.launcher <> - set environment variable: INTEL_JIT_PROFILER32 = /opt/intel/oneapi/vtune/2021.5.0/lib32/runtime/libittnotify_collector.so
352 [139785245329280] INFO perfrun.launcher <> - set environment variable: INTEL_JIT_PROFILER64 = /opt/intel/oneapi/vtune/2021.5.0/lib64/runtime/libittnotify_collector.so
352 [139785245329280] INFO perfrun.launcher <> - set environment variable: VS_PROFILER = libittnotify_collector.so
352 [139785245329280] INFO perfrun.launcher <> - set environment variable: OMP_TOOL_LIBRARIES = /opt/intel/oneapi/vtune/2021.5.0/lib32/runtime/libittnotify_collector.so:/opt/intel/oneapi/vtune/2021.5.0/lib64/runtime/libittnotify_collector.so
352 [139785245329280] INFO perfrun.launcher <> - set environment variable: ENABLE_JITPROFILING = 1
352 [139785245329280] INFO perfrun.launcher <> - set environment variable: CL_CONFIG_USE_VTUNE = True
352 [139785245329280] INFO perfrun.launcher <> - set environment variable: KMP_FORKJOIN_FRAMES = 0
352 [139785245329280] INFO perfrun.launcher <> - set environment variable: KMP_FORKJOIN_FRAMES_MODE = 0
352 [139785245329280] INFO perfrun.launcher <> - set environment variable: OMP_TOOL = disabled
353 [139785245329280] INFO perfrun.launcher <> - set environment variable: INTEL_MRTE_DATA_DIR = /home/user/bio/MS-Tools/MS-Cluster/profiling/r000hs/data.0
353 [139785245329280] INFO perfrun.launcher <> - set environment variable: INTEL_MRTE_HOST_NAME = designlab
353 [139785245329280] INFO perfrun.launcher <> - set environment variable: JAVA_TOOL_OPTIONS = -agentlib:amplxe_tpssmrte_javaprof_1.0 -Dsun.boot.library.path=/opt/intel/oneapi/vtune/2021.5.0/lib32/runtime:/opt/intel/oneapi/vtune/2021.5.0/lib64/runtime
353 [139785245329280] INFO perfrun.launcher <> - RpcServer: run RPC server to handle requests
353 [139785245329280] INFO perfrun.launcher <> - ProcessSticker object was created for process with pid = 3248
353 [139785245329280] INFO perfrun.launcher <> - Launcher was attached to PID = 3248
355 [139785105176320] WARN perfrun.system <> - Folder "/sys/kernel/debug/kvm"doesn't exist, at file: vcs/perfrun1/plugins/system/src/trace_writer.cpp:730
355 [139785105176320] WARN perfrun.system <> - Folder "/var/run/libvirt/qemu/"doesn't exist, at file: vcs/perfrun1/plugins/system/src/trace_writer.cpp:810
357 [139785105176320] WARN perfrun.sdk <> - Failed to find xl binary on any of the system paths: /bin, /sbin, /usr/bin, /usr/sbin., at file: vcs/perfrun1/sdk/src/utils.cpp:197
357 [139785105176320] WARN perfrun.system <> - Could not start ContainerMapping collector, at file: vcs/perfrun1/plugins/system/src/controller.cpp:457
548 [139785105176320] INFO perfrun.vdso <> - Helper runtool '/opt/intel/oneapi/vtune/2021.5.0/bin32/amplxe-runss -dump-vdso -r /home/user/bio/MS-Tools/MS-Cluster/profiling/r000hs --tmp-dir /tmp/amplxe-tmp-user' returned 0
811 [139785105176320] INFO perfrun.vdso <> - Helper runtool '/opt/intel/oneapi/vtune/2021.5.0/bin64/amplxe-runss -dump-vdso -r /home/user/bio/MS-Tools/MS-Cluster/profiling/r000hs --tmp-dir /tmp/amplxe-tmp-user' returned 0
811 [139785105176320] INFO perfrun.itt <> - attach itt controller to pid #3248
812 [139785105176320] WARN perfrun.itt <> - attach itt controller to pid #3248failed, probably not configured, at file: vcs/perfrun1/plugins/itt/src/controller.cpp:266
812 [139785105176320] INFO perfrun.mrte <> - Attach to pid #3248
812 [139784974841600] WARN perfrun.perfcollector <> - Perf stat trace pipe capacity: read = 1048576, write = 1048576, at file: vcs/perfrun1/plugins/perfcollector/src/profiler.cpp:763
812 [139784974841600] INFO perfrun.perfcollector <> - Path to Perf control pipe: /tmp/amplxe-tmp-user/perf-pipe-3290-72970921279895254
813 [139784974841600] INFO perfrun.sdk <> - runCmd: "/opt/intel/oneapi/vtune/2021.5.0/bin64/amplxe-perf" stat -v --log-fd 20 --pipe "/tmp/amplxe-tmp-user/perf-pipe-3290-72970921279895254" --pipe-sync --scale -x ; -p 3248 -e cpu/event=0x3c,name='CPU_CLK_UNHALTED.THREAD'/Du,cpu/umask=0x3,name='CPU_CLK_UNHALTED.REF_TSC'/Du,cpu/event=0xc0,name='INST_RETIRED.ANY'/Du,cpu/event=0x3c,umask=0x1,name='CPU_CLK_UNHALTED.REF_XCLK'/u,cpu/event=0x3c,umask=0x2,name='CPU_CLK_UNHALTED.ONE_THREAD_ACTIVE'/u,cpu/event=0xc7,umask=0x2,name='FP_ARITH_INST_RETIRED.SCALAR_SINGLE'/u,cpu/event=0xc7,umask=0x8,name='FP_ARITH_INST_RETIRED.128B_PACKED_SINGLE'/u,cpu/event=0xc7,umask=0x20,name='FP_ARITH_INST_RETIRED.256B_PACKED_SINGLE'/u,cpu/event=0xc7,umask=0x1,name='FP_ARITH_INST_RETIRED.SCALAR_DOUBLE'/u,cpu/event=0xc7,umask=0x4,name='FP_ARITH_INST_RETIRED.128B_PACKED_DOUBLE'/u,cpu/event=0xc7,umask=0x10,name='FP_ARITH_INST_RETIRED.256B_PACKED_DOUBLE'/u,cpu/event=0xc0,umask=0x2,name='INST_RETIRED.X87'/u,cpu/event=0xc2,umask=0x2,name='UOPS_RETIRED.RETIRE_SLOTS'/u "/opt/intel/oneapi/vtune/2021.5.0/bin64/amplxe-perf-sync" sync tsc
848 [139785105176320] INFO perfrun.tpss <> - attach tpss controller to pid #3248
919 [139785105176320] ERROR perfrun.launcher <> - tpss can not perform an operation and will be disabled., at file: vcs/perfrun1/launcher/src/plugin_manager_impl.hpp:434
919 [139785105176320] INFO perfrun.itt <> - detach itt controller
919 [139785105176320] ERROR perfrun.mrte <> - Detach is canceled because the state is not attached, at file: vcs/perfrun1/plugins/mrte/src/controller.cpp:177
919 [139785008412416] INFO perfrun.perfcollector <> - PERF_STAT : "CPU_CLK_UNHALTED.THREAD: 251215931 74988282 74988282"
919 [139785008412416] WARN perfrun.perfcollector <> - Unexpected PERF_STAT format, ignored, at file: vcs/perfrun1/plugins/perfcollector/src/profiler.cpp:490
919 [139785008412416] INFO perfrun.perfcollector <> - PERF_STAT : "CPU_CLK_UNHALTED.REF_TSC: 236442784 74985068 74985068"
920 [139785008412416] WARN perfrun.perfcollector <> - Unexpected PERF_STAT format, ignored, at file: vcs/perfrun1/plugins/perfcollector/src/profiler.cpp:490
920 [139785008412416] INFO perfrun.perfcollector <> - PERF_STAT : "INST_RETIRED.ANY: 297329152 74983985 74983985"
920 [139785008412416] WARN perfrun.perfcollector <> - Unexpected PERF_STAT format, ignored, at file: vcs/perfrun1/plugins/perfcollector/src/profiler.cpp:490
920 [139785008412416] INFO perfrun.perfcollector <> - PERF_STAT : "CPU_CLK_UNHALTED.REF_XCLK: 7378119 74982958 21100542"
920 [139785008412416] WARN perfrun.perfcollector <> - Unexpected PERF_STAT format, ignored, at file: vcs/perfrun1/plugins/perfcollector/src/profiler.cpp:490
920 [139785008412416] INFO perfrun.perfcollector <> - PERF_STAT : "CPU_CLK_UNHALTED.ONE_THREAD_ACTIVE: 0 74981435 22096289"
920 [139785008412416] WARN perfrun.perfcollector <> - Unexpected PERF_STAT format, ignored, at file: vcs/perfrun1/plugins/perfcollector/src/profiler.cpp:490
920 [139785008412416] INFO perfrun.perfcollector <> - PERF_STAT : "FP_ARITH_INST_RETIRED.SCALAR_SINGLE: 35265 74979496 23092342"
920 [139785008412416] WARN perfrun.perfcollector <> - Unexpected PERF_STAT format, ignored, at file: vcs/perfrun1/plugins/perfcollector/src/profiler.cpp:490
920 [139785008412416] INFO perfrun.perfcollector <> - PERF_STAT : "FP_ARITH_INST_RETIRED.128B_PACKED_SINGLE: 0 74976912 24000008"
920 [139785008412416] WARN perfrun.perfcollector <> - Unexpected PERF_STAT format, ignored, at file: vcs/perfrun1/plugins/perfcollector/src/profiler.cpp:490
920 [139785008412416] INFO perfrun.perfcollector <> - PERF_STAT : "FP_ARITH_INST_RETIRED.256B_PACKED_SINGLE: 0 74974234 24000400"
920 [139785008412416] WARN perfrun.perfcollector <> - Unexpected PERF_STAT format, ignored, at file: vcs/perfrun1/plugins/perfcollector/src/profiler.cpp:490
920 [139785008412416] INFO perfrun.perfcollector <> - PERF_STAT : "FP_ARITH_INST_RETIRED.SCALAR_DOUBLE: 0 74972436 23895034"
920 [139785008412416] WARN perfrun.perfcollector <> - Unexpected PERF_STAT format, ignored, at file: vcs/perfrun1/plugins/perfcollector/src/profiler.cpp:490
920 [139785008412416] INFO perfrun.perfcollector <> - PERF_STAT : "FP_ARITH_INST_RETIRED.128B_PACKED_DOUBLE: 0 74971192 22896648"
920 [139785008412416] WARN perfrun.perfcollector <> - Unexpected PERF_STAT format, ignored, at file: vcs/perfrun1/plugins/perfcollector/src/profiler.cpp:490
920 [139785008412416] INFO perfrun.perfcollector <> - PERF_STAT : "FP_ARITH_INST_RETIRED.256B_PACKED_DOUBLE: 0 74969599 21899673"
920 [139785008412416] WARN perfrun.perfcollector <> - Unexpected PERF_STAT format, ignored, at file: vcs/perfrun1/plugins/perfcollector/src/profiler.cpp:490
920 [139785008412416] INFO perfrun.perfcollector <> - PERF_STAT : "INST_RETIRED.X87: 70404 74968670 20999334"
920 [139785008412416] WARN perfrun.perfcollector <> - Unexpected PERF_STAT format, ignored, at file: vcs/perfrun1/plugins/perfcollector/src/profiler.cpp:490
920 [139785008412416] INFO perfrun.perfcollector <> - PERF_STAT : "UOPS_RETIRED.RETIRE_SLOTS: 300843021 74967179 21000147"
920 [139785008412416] WARN perfrun.perfcollector <> - Unexpected PERF_STAT format, ignored, at file: vcs/perfrun1/plugins/perfcollector/src/profiler.cpp:490
920 [139785008412416] INFO perfrun.perfcollector <> - PERF_STAT : "251215931;;CPU_CLK_UNHALTED.THREAD;74988282;100.00;;"
920 [139785008412416] INFO perfrun.perfcollector <> - PERF_STAT : "236442784;;CPU_CLK_UNHALTED.REF_TSC;74985068;100.00;;"
920 [139785008412416] INFO perfrun.perfcollector <> - PERF_STAT : "297329152;;INST_RETIRED.ANY;74983985;100.00;;"
920 [139785008412416] INFO perfrun.perfcollector <> - PERF_STAT : "7378119;;CPU_CLK_UNHALTED.REF_XCLK;21100542;28.14;;"
920 [139785008412416] INFO perfrun.perfcollector <> - PERF_STAT : "0;;CPU_CLK_UNHALTED.ONE_THREAD_ACTIVE;22096289;29.47;;"
920 [139785008412416] INFO perfrun.perfcollector <> - PERF_STAT : "35265;;FP_ARITH_INST_RETIRED.SCALAR_SINGLE;23092342;30.80;;"
920 [139785008412416] INFO perfrun.perfcollector <> - PERF_STAT : "0;;FP_ARITH_INST_RETIRED.128B_PACKED_SINGLE;24000008;32.01;;"
920 [139785008412416] INFO perfrun.perfcollector <> - PERF_STAT : "0;;FP_ARITH_INST_RETIRED.256B_PACKED_SINGLE;24000400;32.01;;"
920 [139785008412416] INFO perfrun.perfcollector <> - PERF_STAT : "0;;FP_ARITH_INST_RETIRED.SCALAR_DOUBLE;23895034;31.87;;"
920 [139785008412416] INFO perfrun.perfcollector <> - PERF_STAT : "0;;FP_ARITH_INST_RETIRED.128B_PACKED_DOUBLE;22896648;30.54;;"
920 [139785008412416] INFO perfrun.perfcollector <> - PERF_STAT : "0;;FP_ARITH_INST_RETIRED.256B_PACKED_DOUBLE;21899673;29.21;;"
920 [139785008412416] INFO perfrun.perfcollector <> - PERF_STAT : "70404;;INST_RETIRED.X87;20999334;28.01;;"
920 [139785008412416] INFO perfrun.perfcollector <> - PERF_STAT : "300843021;;UOPS_RETIRED.RETIRE_SLOTS;21000147;28.01;;"
920 [139784974841600] INFO perfrun.perfcollector <> - Monitor: runCmd RC = true
920 [139785105176320] INFO perfrun.perfcollector <> - Monitor: state = 3, error = 1
920 [139785105176320] INFO perfrun.sdk <> - De-allocating TMU: /home/user/bio/MS-Tools/MS-Cluster/profiling/r000hs/data.0/systemcollector-3290-designlab.sc
920 [139785105176320] INFO perfrun.system <> - closed the system trace file: /home/user/bio/MS-Tools/MS-Cluster/profiling/r000hs/data.0/systemcollector-3290-designlab.sc
920 [139785245329280] WARN perfrun.launcher <> - IMessenger: ignore empty message with severity = 8, at file: vcs/perfrun1/launcher/src/messenger_impl.cpp:86
921 [139785245329280] INFO perfrun.launcher <> - Postponed internal errors detected
921 [139785245329280] INFO perfrun.launcher <> - Application exit code: 0
921 [139785245329280] INFO perfrun.launcher <> - Exit code: 2
